#0 building with "default" instance using docker driver

#1 [internal] load build definition from Dockerfile
#1 transferring dockerfile: 790B done
#1 DONE 0.0s

#2 [internal] load metadata for docker.io/library/eclipse-temurin:11-jdk-jammy
#2 DONE 0.5s

#3 [internal] load .dockerignore
#3 transferring context: 2B done
#3 DONE 0.0s

#4 [1/3] FROM docker.io/library/eclipse-temurin:11-jdk-jammy@sha256:e76884f585036b97226325114719591f0d564ab4702548b746d90a206d8b491f
#4 DONE 0.0s

#5 [2/3] RUN mkdir -p /usr/share/maven    && curl -fsSL https://dlcdn.apache.org/maven/maven-3/3.8.8/binaries/apache-maven-3.8.8-bin.tar.gz    | tar -xzC /usr/share/maven --strip-components=1    && ln -s /usr/share/maven/bin/mvn /usr/bin/mvn
#5 CACHED

#6 [3/3] WORKDIR /app
#6 CACHED

#7 exporting to image
#7 exporting layers done
#7 writing image sha256:9a223c677387980f1ca87a98a4e509620f8c97742f8b8a62936bef90a0504a19 done
#7 naming to docker.io/library/java-setup-11 done
#7 DONE 0.0s

 [33m3 warnings found (use docker --debug to expand):
[0m - LegacyKeyValueFormat: "ENV key=value" should be used instead of legacy "ENV key value" format (line 5)
 - LegacyKeyValueFormat: "ENV key=value" should be used instead of legacy "ENV key value" format (line 6)
 - LegacyKeyValueFormat: "ENV key=value" should be used instead of legacy "ENV key value" format (line 7)
[main] INFO com.disneystreaming.pg2k4j.SlotReaderKinesisWriter - Consuming from slot null
[main] ERROR com.disneystreaming.pg2k4j.SlotReaderKinesisWriter - Received the following error pertaining to the replication stream, reattempting...
[main] INFO com.disneystreaming.pg2k4j.SlotReaderKinesisWriter - Sleeping for five seconds
[main] INFO com.disneystreaming.pg2k4j.SlotReaderKinesisWriter - Consuming from slot null
[main] ERROR com.disneystreaming.pg2k4j.SlotReaderKinesisWriter - Received exception of type class java.lang.RuntimeException
java.lang.RuntimeException: exception
	at org.junit.runners.ParentRunner.runLeaf(ParentRunner.java:271)
	at org.junit.runners.BlockJUnit4ClassRunner.runChild(BlockJUnit4ClassRunner.java:70)
	at org.junit.runners.BlockJUnit4ClassRunner.runChild(BlockJUnit4ClassRunner.java:50)
	at org.junit.runners.ParentRunner$3.run(ParentRunner.java:238)
	at org.junit.runners.ParentRunner$1.schedule(ParentRunner.java:63)
	at org.junit.runners.ParentRunner.runChildren(ParentRunner.java:236)
	at org.junit.runners.ParentRunner.access$000(ParentRunner.java:53)
	at org.junit.runners.ParentRunner$2.evaluate(ParentRunner.java:229)
	at org.junit.runners.ParentRunner.run(ParentRunner.java:309)
	at org.apache.maven.surefire.junit4.JUnit4Provider.execute(JUnit4Provider.java:365)
	at org.apache.maven.surefire.junit4.JUnit4Provider.executeWithRerun(JUnit4Provider.java:273)
	at org.apache.maven.surefire.junit4.JUnit4Provider.executeTestSet(JUnit4Provider.java:238)
	at org.apache.maven.surefire.junit4.JUnit4Provider.invoke(JUnit4Provider.java:159)
	at org.apache.maven.surefire.booter.ForkedBooter.invokeProviderInSameClassLoader(ForkedBooter.java:384)
	at org.apache.maven.surefire.booter.ForkedBooter.runSuitesInProcess(ForkedBooter.java:345)
	at org.apache.maven.surefire.booter.ForkedBooter.execute(ForkedBooter.java:126)
	at org.apache.maven.surefire.booter.ForkedBooter.main(ForkedBooter.java:418)
[main] INFO com.disneystreaming.pg2k4j.SlotReaderKinesisWriter - Consuming from slot null
[main] ERROR com.disneystreaming.pg2k4j.SlotReaderKinesisWriter - Received an IO Exception while processing the replication stream, reattempting...
java.io.IOException: io exception
	at org.junit.runners.ParentRunner.runLeaf(ParentRunner.java:271)
	at org.junit.runners.BlockJUnit4ClassRunner.runChild(BlockJUnit4ClassRunner.java:70)
	at org.junit.runners.BlockJUnit4ClassRunner.runChild(BlockJUnit4ClassRunner.java:50)
	at org.junit.runners.ParentRunner$3.run(ParentRunner.java:238)
	at org.junit.runners.ParentRunner$1.schedule(ParentRunner.java:63)
	at org.junit.runners.ParentRunner.runChildren(ParentRunner.java:236)
	at org.junit.runners.ParentRunner.access$000(ParentRunner.java:53)
	at org.junit.runners.ParentRunner$2.evaluate(ParentRunner.java:229)
	at org.junit.runners.ParentRunner.run(ParentRunner.java:309)
	at org.apache.maven.surefire.junit4.JUnit4Provider.execute(JUnit4Provider.java:365)
	at org.apache.maven.surefire.junit4.JUnit4Provider.executeWithRerun(JUnit4Provider.java:273)
	at org.apache.maven.surefire.junit4.JUnit4Provider.executeTestSet(JUnit4Provider.java:238)
	at org.apache.maven.surefire.junit4.JUnit4Provider.invoke(JUnit4Provider.java:159)
	at org.apache.maven.surefire.booter.ForkedBooter.invokeProviderInSameClassLoader(ForkedBooter.java:384)
	at org.apache.maven.surefire.booter.ForkedBooter.runSuitesInProcess(ForkedBooter.java:345)
	at org.apache.maven.surefire.booter.ForkedBooter.execute(ForkedBooter.java:126)
	at org.apache.maven.surefire.booter.ForkedBooter.main(ForkedBooter.java:418)
[main] INFO com.disneystreaming.pg2k4j.SlotReaderKinesisWriter - Fast forwarding stream lsn to LSN{0/4D2} due to stream inactivity
[main] INFO com.disneystreaming.pg2k4j.SlotReaderKinesisWriter - Consuming from slot null
[main] ERROR com.disneystreaming.pg2k4j.SlotReaderKinesisWriter - Received the following error pertaining to the replication stream, reattempting...
[main] INFO com.disneystreaming.pg2k4j.SlotReaderKinesisWriter - Fast forwarding stream lsn to LSN{0/4D2} due to stream inactivity
[main] INFO com.disneystreaming.pg2k4j.PostgresConnector - Attempting to create replication slot slotName
[main] INFO com.disneystreaming.pg2k4j.PostgresConnector - Slot slotName already exists
[main] INFO com.disneystreaming.pg2k4j.PostgresConnector - Attempting to create replication slot slotName
[main] INFO com.disneystreaming.pg2k4j.PostgresConnector - Created replication slot
[main] ERROR com.disneystreaming.pg2k4j.PostgresConnector - Unable to close replication stream
[main] ERROR com.disneystreaming.pg2k4j.PostgresConnector - Unable to close postgres streaming connection
[main] ERROR com.disneystreaming.pg2k4j.PostgresConnector - Unable to close postgres query connection
[main] INFO com.disneystreaming.pg2k4j.PostgresConnector - Replication slot currently has another process consuming from it
[main] INFO com.disneystreaming.pg2k4j.PostgresConnector - Sleeping for 1 seconds before retrying 1 more times
org.postgresql.util.PSQLException: psqlException
	at com.disneystreaming.pg2k4j.PostgresConnectorTest.<clinit>(PostgresConnectorTest.java:112)
	at java.base/jdk.internal.reflect.NativeConstructorAccessorImpl.newInstance0(Native Method)
	at java.base/jdk.internal.reflect.NativeConstructorAccessorImpl.newInstance(NativeConstructorAccessorImpl.java:62)
	at java.base/jdk.internal.reflect.DelegatingConstructorAccessorImpl.newInstance(DelegatingConstructorAccessorImpl.java:45)
	at java.base/java.lang.reflect.Constructor.newInstance(Constructor.java:490)
	at org.junit.runners.BlockJUnit4ClassRunner.createTest(BlockJUnit4ClassRunner.java:195)
	at org.junit.runners.BlockJUnit4ClassRunner$1.runReflectiveCall(BlockJUnit4ClassRunner.java:244)
	at org.junit.internal.runners.model.ReflectiveCallable.run(ReflectiveCallable.java:12)
	at org.junit.runners.BlockJUnit4ClassRunner.methodBlock(BlockJUnit4ClassRunner.java:241)
	at org.junit.runners.BlockJUnit4ClassRunner.runChild(BlockJUnit4ClassRunner.java:70)
	at org.junit.runners.BlockJUnit4ClassRunner.runChild(BlockJUnit4ClassRunner.java:50)
	at org.junit.runners.ParentRunner$3.run(ParentRunner.java:238)
	at org.junit.runners.ParentRunner$1.schedule(ParentRunner.java:63)
	at org.junit.runners.ParentRunner.runChildren(ParentRunner.java:236)
	at org.junit.runners.ParentRunner.access$000(ParentRunner.java:53)
	at org.junit.runners.ParentRunner$2.evaluate(ParentRunner.java:229)
	at org.junit.runners.ParentRunner.run(ParentRunner.java:309)
	at org.apache.maven.surefire.junit4.JUnit4Provider.execute(JUnit4Provider.java:365)
	at org.apache.maven.surefire.junit4.JUnit4Provider.executeWithRerun(JUnit4Provider.java:273)
	at org.apache.maven.surefire.junit4.JUnit4Provider.executeTestSet(JUnit4Provider.java:238)
	at org.apache.maven.surefire.junit4.JUnit4Provider.invoke(JUnit4Provider.java:159)
	at org.apache.maven.surefire.booter.ForkedBooter.invokeProviderInSameClassLoader(ForkedBooter.java:384)
	at org.apache.maven.surefire.booter.ForkedBooter.runSuitesInProcess(ForkedBooter.java:345)
	at org.apache.maven.surefire.booter.ForkedBooter.execute(ForkedBooter.java:126)
	at org.apache.maven.surefire.booter.ForkedBooter.main(ForkedBooter.java:418)
[main] INFO com.disneystreaming.pg2k4j.PostgresConnector - Replication slot currently has another process consuming from it
[main] INFO com.disneystreaming.pg2k4j.PostgresConnector - Sleeping for 1 seconds before retrying 1 more times
org.postgresql.util.PSQLException: psqlException
	at org.junit.runners.ParentRunner.runLeaf(ParentRunner.java:271)
	at org.junit.runners.BlockJUnit4ClassRunner.runChild(BlockJUnit4ClassRunner.java:70)
	at org.junit.runners.BlockJUnit4ClassRunner.runChild(BlockJUnit4ClassRunner.java:50)
	at org.junit.runners.ParentRunner$3.run(ParentRunner.java:238)
	at org.junit.runners.ParentRunner$1.schedule(ParentRunner.java:63)
	at org.junit.runners.ParentRunner.runChildren(ParentRunner.java:236)
	at org.junit.runners.ParentRunner.access$000(ParentRunner.java:53)
	at org.junit.runners.ParentRunner$2.evaluate(ParentRunner.java:229)
	at org.junit.runners.ParentRunner.run(ParentRunner.java:309)
	at org.apache.maven.surefire.junit4.JUnit4Provider.execute(JUnit4Provider.java:365)
	at org.apache.maven.surefire.junit4.JUnit4Provider.executeWithRerun(JUnit4Provider.java:273)
	at org.apache.maven.surefire.junit4.JUnit4Provider.executeTestSet(JUnit4Provider.java:238)
	at org.apache.maven.surefire.junit4.JUnit4Provider.invoke(JUnit4Provider.java:159)
	at org.apache.maven.surefire.booter.ForkedBooter.invokeProviderInSameClassLoader(ForkedBooter.java:384)
	at org.apache.maven.surefire.booter.ForkedBooter.runSuitesInProcess(ForkedBooter.java:345)
	at org.apache.maven.surefire.booter.ForkedBooter.execute(ForkedBooter.java:126)
	at org.apache.maven.surefire.booter.ForkedBooter.main(ForkedBooter.java:418)
[main] INFO com.disneystreaming.pg2k4j.PostgresConnector - Replication slot currently has another process consuming from it
[main] INFO org.testcontainers.dockerclient.DockerClientProviderStrategy - Will use 'okhttp' transport
[main] ERROR org.testcontainers.dockerclient.EnvironmentAndSystemPropertyClientProviderStrategy - ping failed with configuration Environment variables, system properties and defaults. Resolved: 
    dockerHost=unix:///var/run/docker.sock
    apiVersion='{UNKNOWN_VERSION}'
    registryUrl='https://index.docker.io/v1/'
    registryUsername='?'
    registryPassword='null'
    registryEmail='null'
    dockerConfig='DefaultDockerClientConfig[dockerHost=unix:///var/run/docker.sock,registryUsername=?,registryPassword=<null>,registryEmail=<null>,registryUrl=https://index.docker.io/v1/,dockerConfigPath=?/.docker,sslConfig=<null>,apiVersion={UNKNOWN_VERSION},dockerConfig=<null>]'
 due to org.rnorth.ducttape.TimeoutException: Timeout waiting for result with exception
org.rnorth.ducttape.TimeoutException: Timeout waiting for result with exception
	at org.rnorth.ducttape.unreliables.Unreliables.retryUntilSuccess(Unreliables.java:51)
	at org.testcontainers.dockerclient.DockerClientProviderStrategy.ping(DockerClientProviderStrategy.java:190)
	at org.testcontainers.dockerclient.EnvironmentAndSystemPropertyClientProviderStrategy.test(EnvironmentAndSystemPropertyClientProviderStrategy.java:42)
	at org.testcontainers.dockerclient.DockerClientProviderStrategy.lambda$getFirstValidStrategy$2(DockerClientProviderStrategy.java:113)
	at java.base/java.util.stream.ReferencePipeline$7$1.accept(ReferencePipeline.java:271)
	at java.base/java.util.stream.StreamSpliterators$WrappingSpliterator.tryAdvance(StreamSpliterators.java:302)
	at java.base/java.util.stream.Streams$ConcatSpliterator.tryAdvance(Streams.java:723)
	at java.base/java.util.stream.ReferencePipeline.forEachWithCancel(ReferencePipeline.java:127)
	at java.base/java.util.stream.AbstractPipeline.copyIntoWithCancel(AbstractPipeline.java:502)
	at java.base/java.util.stream.AbstractPipeline.copyInto(AbstractPipeline.java:488)
	at java.base/java.util.stream.AbstractPipeline.wrapAndCopyInto(AbstractPipeline.java:474)
	at java.base/java.util.stream.FindOps$FindOp.evaluateSequential(FindOps.java:150)
	at java.base/java.util.stream.AbstractPipeline.evaluate(AbstractPipeline.java:234)
	at java.base/java.util.stream.ReferencePipeline.findAny(ReferencePipeline.java:548)
	at org.testcontainers.dockerclient.DockerClientProviderStrategy.getFirstValidStrategy(DockerClientProviderStrategy.java:148)
	at org.testcontainers.DockerClientFactory.client(DockerClientFactory.java:105)
	at org.testcontainers.containers.GenericContainer.<init>(GenericContainer.java:162)
	at com.disneystreaming.pg2k4j.containers.Postgres.<init>(Postgres.java:39)
	at com.disneystreaming.pg2k4j.KinesisReceivesPostgresChangesIT.<clinit>(KinesisReceivesPostgresChangesIT.java:50)
	at java.base/jdk.internal.misc.Unsafe.ensureClassInitialized0(Native Method)
	at java.base/jdk.internal.misc.Unsafe.ensureClassInitialized(Unsafe.java:1042)
	at java.base/jdk.internal.reflect.UnsafeFieldAccessorFactory.newFieldAccessor(UnsafeFieldAccessorFactory.java:43)
	at java.base/jdk.internal.reflect.ReflectionFactory.newFieldAccessor(ReflectionFactory.java:186)
	at java.base/java.lang.reflect.Field.acquireFieldAccessor(Field.java:1105)
	at java.base/java.lang.reflect.Field.getFieldAccessor(Field.java:1086)
	at java.base/java.lang.reflect.Field.get(Field.java:418)
	at org.junit.runners.model.FrameworkField.get(FrameworkField.java:69)
	at org.junit.runners.model.TestClass.getAnnotatedFieldValues(TestClass.java:156)
	at org.junit.runners.ParentRunner.classRules(ParentRunner.java:215)
	at org.junit.runners.ParentRunner.withClassRules(ParentRunner.java:203)
	at org.junit.runners.ParentRunner.classBlock(ParentRunner.java:163)
	at org.junit.runners.ParentRunner.run(ParentRunner.java:308)
	at org.apache.maven.surefire.junit4.JUnit4Provider.execute(JUnit4Provider.java:365)
	at org.apache.maven.surefire.junit4.JUnit4Provider.executeWithRerun(JUnit4Provider.java:273)
	at org.apache.maven.surefire.junit4.JUnit4Provider.executeTestSet(JUnit4Provider.java:238)
	at org.apache.maven.surefire.junit4.JUnit4Provider.invoke(JUnit4Provider.java:159)
	at org.apache.maven.surefire.booter.ForkedBooter.invokeProviderInSameClassLoader(ForkedBooter.java:384)
	at org.apache.maven.surefire.booter.ForkedBooter.runSuitesInProcess(ForkedBooter.java:345)
	at org.apache.maven.surefire.booter.ForkedBooter.execute(ForkedBooter.java:126)
	at org.apache.maven.surefire.booter.ForkedBooter.main(ForkedBooter.java:418)
Caused by: java.io.IOException: com.sun.jna.LastErrorException: [2] No such file or directory
	at org.testcontainers.shaded.org.scalasbt.ipcsocket.UnixDomainSocket.<init>(UnixDomainSocket.java:62)
	at org.testcontainers.dockerclient.transport.okhttp.UnixSocketFactory$1.<init>(UnixSocketFactory.java:27)
	at org.testcontainers.dockerclient.transport.okhttp.UnixSocketFactory.createSocket(UnixSocketFactory.java:27)
	at org.testcontainers.shaded.okhttp3.internal.connection.RealConnection.connectSocket(RealConnection.java:234)
	at org.testcontainers.shaded.okhttp3.internal.connection.RealConnection.connect(RealConnection.java:160)
	at org.testcontainers.shaded.okhttp3.internal.connection.StreamAllocation.findConnection(StreamAllocation.java:257)
	at org.testcontainers.shaded.okhttp3.internal.connection.StreamAllocation.findHealthyConnection(StreamAllocation.java:135)
	at org.testcontainers.shaded.okhttp3.internal.connection.StreamAllocation.newStream(StreamAllocation.java:114)
	at org.testcontainers.shaded.okhttp3.internal.connection.ConnectInterceptor.intercept(ConnectInterceptor.java:42)
	at org.testcontainers.shaded.okhttp3.internal.http.RealInterceptorChain.proceed(RealInterceptorChain.java:147)
	at org.testcontainers.shaded.okhttp3.internal.http.RealInterceptorChain.proceed(RealInterceptorChain.java:121)
	at org.testcontainers.shaded.okhttp3.internal.cache.CacheInterceptor.intercept(CacheInterceptor.java:93)
	at org.testcontainers.shaded.okhttp3.internal.http.RealInterceptorChain.proceed(RealInterceptorChain.java:147)
	at org.testcontainers.shaded.okhttp3.internal.http.RealInterceptorChain.proceed(RealInterceptorChain.java:121)
	at org.testcontainers.shaded.okhttp3.internal.http.BridgeInterceptor.intercept(BridgeInterceptor.java:93)
	at org.testcontainers.shaded.okhttp3.internal.http.RealInterceptorChain.proceed(RealInterceptorChain.java:147)
	at org.testcontainers.shaded.okhttp3.internal.http.RetryAndFollowUpInterceptor.intercept(RetryAndFollowUpInterceptor.java:126)
	at org.testcontainers.shaded.okhttp3.internal.http.RealInterceptorChain.proceed(RealInterceptorChain.java:147)
	at org.testcontainers.shaded.okhttp3.internal.http.RealInterceptorChain.proceed(RealInterceptorChain.java:121)
	at org.testcontainers.shaded.okhttp3.RealCall.getResponseWithInterceptorChain(RealCall.java:200)
	at org.testcontainers.shaded.okhttp3.RealCall.execute(RealCall.java:77)
	at org.testcontainers.dockerclient.transport.okhttp.OkHttpInvocationBuilder.execute(OkHttpInvocationBuilder.java:262)
	at org.testcontainers.dockerclient.transport.okhttp.OkHttpInvocationBuilder.execute(OkHttpInvocationBuilder.java:257)
	at org.testcontainers.dockerclient.transport.okhttp.OkHttpInvocationBuilder.get(OkHttpInvocationBuilder.java:223)
	at org.testcontainers.dockerclient.transport.okhttp.OkHttpDockerCmdExecFactory$1.execute(OkHttpDockerCmdExecFactory.java:125)
	at org.testcontainers.dockerclient.transport.okhttp.OkHttpDockerCmdExecFactory$1.execute(OkHttpDockerCmdExecFactory.java:118)
	at com.github.dockerjava.core.exec.AbstrSyncDockerCmdExec.exec(AbstrSyncDockerCmdExec.java:21)
	at com.github.dockerjava.core.command.AbstrDockerCmd.exec(AbstrDockerCmd.java:35)
	at org.testcontainers.dockerclient.DockerClientProviderStrategy.lambda$null$4(DockerClientProviderStrategy.java:193)
	at org.rnorth.ducttape.ratelimits.RateLimiter.getWhenReady(RateLimiter.java:51)
	at org.testcontainers.dockerclient.DockerClientProviderStrategy.lambda$ping$5(DockerClientProviderStrategy.java:191)
	at org.rnorth.ducttape.unreliables.Unreliables.lambda$retryUntilSuccess$0(Unreliables.java:41)
	at java.base/java.util.concurrent.FutureTask.run(FutureTask.java:264)
	at java.base/java.util.concurrent.ThreadPoolExecutor.runWorker(ThreadPoolExecutor.java:1128)
	at java.base/java.util.concurrent.ThreadPoolExecutor$Worker.run(ThreadPoolExecutor.java:628)
	at java.base/java.lang.Thread.run(Thread.java:829)
Caused by: com.sun.jna.LastErrorException: [2] No such file or directory
	at org.testcontainers.shaded.org.scalasbt.ipcsocket.UnixDomainSocketLibrary.connect(Native Method)
	at org.testcontainers.shaded.org.scalasbt.ipcsocket.UnixDomainSocket.<init>(UnixDomainSocket.java:57)
	... 35 more
[main] ERROR org.testcontainers.dockerclient.DockerClientProviderStrategy - Could not find a valid Docker environment. Please check configuration. Attempted configurations were:
[main] ERROR org.testcontainers.dockerclient.DockerClientProviderStrategy -     EnvironmentAndSystemPropertyClientProviderStrategy: failed with exception InvalidConfigurationException (ping failed)
[main] ERROR org.testcontainers.dockerclient.DockerClientProviderStrategy -     UnixSocketClientProviderStrategy: failed with exception InvalidConfigurationException (ping failed). Root cause NoSuchFileException (/var/run/docker.sock)
[main] ERROR org.testcontainers.dockerclient.DockerClientProviderStrategy - As no valid configuration was found, execution cannot continue
Error executing command: Error: Command failed: /media/lsi/HDD/safer/safer-reproduction-kit/safer/src/runners/maven/run-maven-build.sh false /media/lsi/HDD/safer/safer-reproduction-kit/workstation/maven/disneystreaming_pg2k4j false
    at __node_internal_genericNodeError (node:internal/errors:865:15)
    at checkExecSyncError (node:child_process:890:11)
    at execSync (node:child_process:962:15)
    at execCommand (/media/lsi/HDD/safer/safer-reproduction-kit/safer/src/utils/execCommand.ts:7:5)
    at Object.runMavenBuild (/media/lsi/HDD/safer/safer-reproduction-kit/safer/src/runners/maven/maven-runner.ts:14:5)
    at runForMaven (/media/lsi/HDD/safer/safer-reproduction-kit/safer/src/runners/maven/script.ts:37:21)
    at main (/media/lsi/HDD/safer/safer-reproduction-kit/safer/src/script.ts:101:5) {
  status: 1,
  signal: null,
  output: [ null, null, null ],
  pid: 2491157,
  stdout: null,
  stderr: null
}
An error occurred while running the script: TypeError: Cannot read properties of undefined (reading 'map')
    at SonatypeRepositoryGetDependencyNewerVersions.execute (/media/lsi/HDD/safer/safer-reproduction-kit/safer/src/services/impl/sonatype/sonatype-repository-get-depedendency-newer-versions.ts:40:40)
    at process.processTicksAndRejections (node:internal/process/task_queues:95:5)
    at <anonymous> (/media/lsi/HDD/safer/safer-reproduction-kit/safer/src/runners/maven/script.ts:164:22)
    at async Promise.all (index 1)
    at getDependenciesNewerVersions (/media/lsi/HDD/safer/safer-reproduction-kit/safer/src/runners/maven/script.ts:161:92)
    at runForMaven (/media/lsi/HDD/safer/safer-reproduction-kit/safer/src/runners/maven/script.ts:60:37)
    at main (/media/lsi/HDD/safer/safer-reproduction-kit/safer/src/script.ts:101:5)
