#0 building with "default" instance using docker driver

#1 [internal] load build definition from Dockerfile
#1 transferring dockerfile: 790B done
#1 DONE 0.0s

#2 [internal] load metadata for docker.io/library/eclipse-temurin:11-jdk-jammy
#2 DONE 0.6s

#3 [internal] load .dockerignore
#3 transferring context: 2B done
#3 DONE 0.0s

#4 [1/3] FROM docker.io/library/eclipse-temurin:11-jdk-jammy@sha256:e76884f585036b97226325114719591f0d564ab4702548b746d90a206d8b491f
#4 DONE 0.0s

#5 [2/3] RUN mkdir -p /usr/share/maven    && curl -fsSL https://dlcdn.apache.org/maven/maven-3/3.8.8/binaries/apache-maven-3.8.8-bin.tar.gz    | tar -xzC /usr/share/maven --strip-components=1    && ln -s /usr/share/maven/bin/mvn /usr/bin/mvn
#5 CACHED

#6 [3/3] WORKDIR /app
#6 CACHED

#7 exporting to image
#7 exporting layers done
#7 writing image sha256:9a223c677387980f1ca87a98a4e509620f8c97742f8b8a62936bef90a0504a19 done
#7 naming to docker.io/library/java-setup-11 done
#7 DONE 0.0s

 [33m3 warnings found (use docker --debug to expand):
[0m - LegacyKeyValueFormat: "ENV key=value" should be used instead of legacy "ENV key value" format (line 5)
 - LegacyKeyValueFormat: "ENV key=value" should be used instead of legacy "ENV key value" format (line 6)
 - LegacyKeyValueFormat: "ENV key=value" should be used instead of legacy "ENV key value" format (line 7)
OpenJDK 64-Bit Server VM warning: Sharing is only supported for boot loader classes because bootstrap classpath has been appended
Jun 20, 2025 3:29:02 PM com.microsoft.graph.logger.DefaultLogger logError
SEVERE: CoreHttpProvider[sendRequestInternal] - 408Graph service exception
Jun 20, 2025 3:29:02 PM com.microsoft.graph.logger.DefaultLogger logError
SEVERE: Throwable detail: com.microsoft.graph.http.GraphServiceException: Error code: InvalidAuthenticationToken
Error message: IDX14100: JWT is not well formed, there are no dots (.).
The token needs to be in JWS or JWE Compact Serialization Format. (JWS): 'EncodedHeader.EncodedPayload.EncodedSignature'. (JWE): 'EncodedProtectedHeader.EncodedEncryptedKey.EncodedInitializationVector.EncodedCiphertext.EncodedAuthenticationTag'.

GET https://graph.microsoft.com/v1.0/users/377ae852-940f-4e0a-b154-563b7427a3dc/transitiveMemberOf?%24select=id%2CdisplayName&%24top=999
SdkVersion : graph-java/v5.49.0


401 : 
[...]

[Some information was truncated for brevity, enable debug logging for more details]
Dependency org.mockito:mockito-core not found in POM.
Dependency com.google.code.findbugs:jsr305 not found in POM.
Dependency javax.servlet:javax.servlet-api not found in POM.
Dependency junit:junit not found in POM.
Error executing command: Error: Command failed: /media/lsi/HDD/safer/safer-reproduction-kit/safer/src/runners/maven/run-maven-build.sh false /media/lsi/HDD/safer/safer-reproduction-kit/workstation/maven/hkamel_sonar-auth-aad false
    at __node_internal_genericNodeError (node:internal/errors:865:15)
    at checkExecSyncError (node:child_process:890:11)
    at execSync (node:child_process:962:15)
    at execCommand (/media/lsi/HDD/safer/safer-reproduction-kit/safer/src/utils/execCommand.ts:7:5)
    at Object.runMavenBuild (/media/lsi/HDD/safer/safer-reproduction-kit/safer/src/runners/maven/maven-runner.ts:14:5)
    at updateDependenciesInPom (/media/lsi/HDD/safer/safer-reproduction-kit/safer/src/runners/maven/script.ts:119:21)
    at runForMaven (/media/lsi/HDD/safer/safer-reproduction-kit/safer/src/runners/maven/script.ts:73:31)
    at main (/media/lsi/HDD/safer/safer-reproduction-kit/safer/src/script.ts:101:5) {
  status: 1,
  signal: null,
  output: [ null, null, null ],
  pid: 2767387,
  stdout: null,
  stderr: null
}
Error executing command: Error: Command failed: /media/lsi/HDD/safer/safer-reproduction-kit/safer/src/runners/maven/run-maven-build.sh false /media/lsi/HDD/safer/safer-reproduction-kit/workstation/maven/hkamel_sonar-auth-aad false
    at __node_internal_genericNodeError (node:internal/errors:865:15)
    at checkExecSyncError (node:child_process:890:11)
    at execSync (node:child_process:962:15)
    at execCommand (/media/lsi/HDD/safer/safer-reproduction-kit/safer/src/utils/execCommand.ts:7:5)
    at Object.runMavenBuild (/media/lsi/HDD/safer/safer-reproduction-kit/safer/src/runners/maven/maven-runner.ts:14:5)
    at updateDependenciesInPom (/media/lsi/HDD/safer/safer-reproduction-kit/safer/src/runners/maven/script.ts:119:21)
    at runForMaven (/media/lsi/HDD/safer/safer-reproduction-kit/safer/src/runners/maven/script.ts:73:31)
    at main (/media/lsi/HDD/safer/safer-reproduction-kit/safer/src/script.ts:101:5) {
  status: 1,
  signal: null,
  output: [ null, null, null ],
  pid: 2768034,
  stdout: null,
  stderr: null
}
Error executing command: Error: Command failed: /media/lsi/HDD/safer/safer-reproduction-kit/safer/src/runners/maven/run-maven-build.sh false /media/lsi/HDD/safer/safer-reproduction-kit/workstation/maven/hkamel_sonar-auth-aad false
    at __node_internal_genericNodeError (node:internal/errors:865:15)
    at checkExecSyncError (node:child_process:890:11)
    at execSync (node:child_process:962:15)
    at execCommand (/media/lsi/HDD/safer/safer-reproduction-kit/safer/src/utils/execCommand.ts:7:5)
    at Object.runMavenBuild (/media/lsi/HDD/safer/safer-reproduction-kit/safer/src/runners/maven/maven-runner.ts:14:5)
    at updateDependenciesInPom (/media/lsi/HDD/safer/safer-reproduction-kit/safer/src/runners/maven/script.ts:119:21)
    at runForMaven (/media/lsi/HDD/safer/safer-reproduction-kit/safer/src/runners/maven/script.ts:73:31)
    at main (/media/lsi/HDD/safer/safer-reproduction-kit/safer/src/script.ts:101:5) {
  status: 1,
  signal: null,
  output: [ null, null, null ],
  pid: 2768556,
  stdout: null,
  stderr: null
}
Error executing command: Error: Command failed: /media/lsi/HDD/safer/safer-reproduction-kit/safer/src/runners/maven/run-maven-build.sh false /media/lsi/HDD/safer/safer-reproduction-kit/workstation/maven/hkamel_sonar-auth-aad false
    at __node_internal_genericNodeError (node:internal/errors:865:15)
    at checkExecSyncError (node:child_process:890:11)
    at execSync (node:child_process:962:15)
    at execCommand (/media/lsi/HDD/safer/safer-reproduction-kit/safer/src/utils/execCommand.ts:7:5)
    at Object.runMavenBuild (/media/lsi/HDD/safer/safer-reproduction-kit/safer/src/runners/maven/maven-runner.ts:14:5)
    at updateDependenciesInPom (/media/lsi/HDD/safer/safer-reproduction-kit/safer/src/runners/maven/script.ts:119:21)
    at runForMaven (/media/lsi/HDD/safer/safer-reproduction-kit/safer/src/runners/maven/script.ts:73:31)
    at main (/media/lsi/HDD/safer/safer-reproduction-kit/safer/src/script.ts:101:5) {
  status: 1,
  signal: null,
  output: [ null, null, null ],
  pid: 2769026,
  stdout: null,
  stderr: null
}
Error executing command: Error: Command failed: /media/lsi/HDD/safer/safer-reproduction-kit/safer/src/runners/maven/run-maven-build.sh false /media/lsi/HDD/safer/safer-reproduction-kit/workstation/maven/hkamel_sonar-auth-aad false
    at __node_internal_genericNodeError (node:internal/errors:865:15)
    at checkExecSyncError (node:child_process:890:11)
    at execSync (node:child_process:962:15)
    at execCommand (/media/lsi/HDD/safer/safer-reproduction-kit/safer/src/utils/execCommand.ts:7:5)
    at Object.runMavenBuild (/media/lsi/HDD/safer/safer-reproduction-kit/safer/src/runners/maven/maven-runner.ts:14:5)
    at updateDependenciesInPom (/media/lsi/HDD/safer/safer-reproduction-kit/safer/src/runners/maven/script.ts:119:21)
    at runForMaven (/media/lsi/HDD/safer/safer-reproduction-kit/safer/src/runners/maven/script.ts:73:31)
    at main (/media/lsi/HDD/safer/safer-reproduction-kit/safer/src/script.ts:101:5) {
  status: 1,
  signal: null,
  output: [ null, null, null ],
  pid: 2769637,
  stdout: null,
  stderr: null
}
Error executing command: Error: Command failed: /media/lsi/HDD/safer/safer-reproduction-kit/safer/src/runners/maven/run-maven-build.sh false /media/lsi/HDD/safer/safer-reproduction-kit/workstation/maven/hkamel_sonar-auth-aad false
    at __node_internal_genericNodeError (node:internal/errors:865:15)
    at checkExecSyncError (node:child_process:890:11)
    at execSync (node:child_process:962:15)
    at execCommand (/media/lsi/HDD/safer/safer-reproduction-kit/safer/src/utils/execCommand.ts:7:5)
    at Object.runMavenBuild (/media/lsi/HDD/safer/safer-reproduction-kit/safer/src/runners/maven/maven-runner.ts:14:5)
    at updateDependenciesInPom (/media/lsi/HDD/safer/safer-reproduction-kit/safer/src/runners/maven/script.ts:119:21)
    at runForMaven (/media/lsi/HDD/safer/safer-reproduction-kit/safer/src/runners/maven/script.ts:73:31)
    at main (/media/lsi/HDD/safer/safer-reproduction-kit/safer/src/script.ts:101:5) {
  status: 1,
  signal: null,
  output: [ null, null, null ],
  pid: 2770270,
  stdout: null,
  stderr: null
}
Error executing command: Error: Command failed: /media/lsi/HDD/safer/safer-reproduction-kit/safer/src/runners/maven/run-maven-build.sh false /media/lsi/HDD/safer/safer-reproduction-kit/workstation/maven/hkamel_sonar-auth-aad false
    at __node_internal_genericNodeError (node:internal/errors:865:15)
    at checkExecSyncError (node:child_process:890:11)
    at execSync (node:child_process:962:15)
    at execCommand (/media/lsi/HDD/safer/safer-reproduction-kit/safer/src/utils/execCommand.ts:7:5)
    at Object.runMavenBuild (/media/lsi/HDD/safer/safer-reproduction-kit/safer/src/runners/maven/maven-runner.ts:14:5)
    at updateDependenciesInPom (/media/lsi/HDD/safer/safer-reproduction-kit/safer/src/runners/maven/script.ts:119:21)
    at runForMaven (/media/lsi/HDD/safer/safer-reproduction-kit/safer/src/runners/maven/script.ts:73:31)
    at main (/media/lsi/HDD/safer/safer-reproduction-kit/safer/src/script.ts:101:5) {
  status: 1,
  signal: null,
  output: [ null, null, null ],
  pid: 2770847,
  stdout: null,
  stderr: null
}
Error executing command: Error: Command failed: /media/lsi/HDD/safer/safer-reproduction-kit/safer/src/runners/maven/run-maven-build.sh false /media/lsi/HDD/safer/safer-reproduction-kit/workstation/maven/hkamel_sonar-auth-aad false
    at __node_internal_genericNodeError (node:internal/errors:865:15)
    at checkExecSyncError (node:child_process:890:11)
    at execSync (node:child_process:962:15)
    at execCommand (/media/lsi/HDD/safer/safer-reproduction-kit/safer/src/utils/execCommand.ts:7:5)
    at Object.runMavenBuild (/media/lsi/HDD/safer/safer-reproduction-kit/safer/src/runners/maven/maven-runner.ts:14:5)
    at updateDependenciesInPom (/media/lsi/HDD/safer/safer-reproduction-kit/safer/src/runners/maven/script.ts:119:21)
    at runForMaven (/media/lsi/HDD/safer/safer-reproduction-kit/safer/src/runners/maven/script.ts:73:31)
    at main (/media/lsi/HDD/safer/safer-reproduction-kit/safer/src/script.ts:101:5) {
  status: 1,
  signal: null,
  output: [ null, null, null ],
  pid: 2771525,
  stdout: null,
  stderr: null
}
Error executing command: Error: Command failed: /media/lsi/HDD/safer/safer-reproduction-kit/safer/src/runners/maven/run-maven-build.sh false /media/lsi/HDD/safer/safer-reproduction-kit/workstation/maven/hkamel_sonar-auth-aad false
    at __node_internal_genericNodeError (node:internal/errors:865:15)
    at checkExecSyncError (node:child_process:890:11)
    at execSync (node:child_process:962:15)
    at execCommand (/media/lsi/HDD/safer/safer-reproduction-kit/safer/src/utils/execCommand.ts:7:5)
    at Object.runMavenBuild (/media/lsi/HDD/safer/safer-reproduction-kit/safer/src/runners/maven/maven-runner.ts:14:5)
    at updateDependenciesInPom (/media/lsi/HDD/safer/safer-reproduction-kit/safer/src/runners/maven/script.ts:119:21)
    at runForMaven (/media/lsi/HDD/safer/safer-reproduction-kit/safer/src/runners/maven/script.ts:73:31)
    at main (/media/lsi/HDD/safer/safer-reproduction-kit/safer/src/script.ts:101:5) {
  status: 1,
  signal: null,
  output: [ null, null, null ],
  pid: 2772088,
  stdout: null,
  stderr: null
}
Error executing command: Error: Command failed: /media/lsi/HDD/safer/safer-reproduction-kit/safer/src/runners/maven/run-maven-build.sh false /media/lsi/HDD/safer/safer-reproduction-kit/workstation/maven/hkamel_sonar-auth-aad false
    at __node_internal_genericNodeError (node:internal/errors:865:15)
    at checkExecSyncError (node:child_process:890:11)
    at execSync (node:child_process:962:15)
    at execCommand (/media/lsi/HDD/safer/safer-reproduction-kit/safer/src/utils/execCommand.ts:7:5)
    at Object.runMavenBuild (/media/lsi/HDD/safer/safer-reproduction-kit/safer/src/runners/maven/maven-runner.ts:14:5)
    at updateDependenciesInPom (/media/lsi/HDD/safer/safer-reproduction-kit/safer/src/runners/maven/script.ts:119:21)
    at runForMaven (/media/lsi/HDD/safer/safer-reproduction-kit/safer/src/runners/maven/script.ts:73:31)
    at main (/media/lsi/HDD/safer/safer-reproduction-kit/safer/src/script.ts:101:5) {
  status: 1,
  signal: null,
  output: [ null, null, null ],
  pid: 2772762,
  stdout: null,
  stderr: null
}
Error executing command: Error: Command failed: /media/lsi/HDD/safer/safer-reproduction-kit/safer/src/runners/maven/run-maven-build.sh false /media/lsi/HDD/safer/safer-reproduction-kit/workstation/maven/hkamel_sonar-auth-aad false
    at __node_internal_genericNodeError (node:internal/errors:865:15)
    at checkExecSyncError (node:child_process:890:11)
    at execSync (node:child_process:962:15)
    at execCommand (/media/lsi/HDD/safer/safer-reproduction-kit/safer/src/utils/execCommand.ts:7:5)
    at Object.runMavenBuild (/media/lsi/HDD/safer/safer-reproduction-kit/safer/src/runners/maven/maven-runner.ts:14:5)
    at updateDependenciesInPom (/media/lsi/HDD/safer/safer-reproduction-kit/safer/src/runners/maven/script.ts:119:21)
    at runForMaven (/media/lsi/HDD/safer/safer-reproduction-kit/safer/src/runners/maven/script.ts:73:31)
    at main (/media/lsi/HDD/safer/safer-reproduction-kit/safer/src/script.ts:101:5) {
  status: 1,
  signal: null,
  output: [ null, null, null ],
  pid: 2773413,
  stdout: null,
  stderr: null
}
Error executing command: Error: Command failed: /media/lsi/HDD/safer/safer-reproduction-kit/safer/src/runners/maven/run-maven-build.sh false /media/lsi/HDD/safer/safer-reproduction-kit/workstation/maven/hkamel_sonar-auth-aad false
    at __node_internal_genericNodeError (node:internal/errors:865:15)
    at checkExecSyncError (node:child_process:890:11)
    at execSync (node:child_process:962:15)
    at execCommand (/media/lsi/HDD/safer/safer-reproduction-kit/safer/src/utils/execCommand.ts:7:5)
    at Object.runMavenBuild (/media/lsi/HDD/safer/safer-reproduction-kit/safer/src/runners/maven/maven-runner.ts:14:5)
    at updateDependenciesInPom (/media/lsi/HDD/safer/safer-reproduction-kit/safer/src/runners/maven/script.ts:119:21)
    at runForMaven (/media/lsi/HDD/safer/safer-reproduction-kit/safer/src/runners/maven/script.ts:73:31)
    at main (/media/lsi/HDD/safer/safer-reproduction-kit/safer/src/script.ts:101:5) {
  status: 1,
  signal: null,
  output: [ null, null, null ],
  pid: 2773983,
  stdout: null,
  stderr: null
}
Error executing command: Error: Command failed: /media/lsi/HDD/safer/safer-reproduction-kit/safer/src/runners/maven/run-maven-build.sh false /media/lsi/HDD/safer/safer-reproduction-kit/workstation/maven/hkamel_sonar-auth-aad false
    at __node_internal_genericNodeError (node:internal/errors:865:15)
    at checkExecSyncError (node:child_process:890:11)
    at execSync (node:child_process:962:15)
    at execCommand (/media/lsi/HDD/safer/safer-reproduction-kit/safer/src/utils/execCommand.ts:7:5)
    at Object.runMavenBuild (/media/lsi/HDD/safer/safer-reproduction-kit/safer/src/runners/maven/maven-runner.ts:14:5)
    at updateDependenciesInPom (/media/lsi/HDD/safer/safer-reproduction-kit/safer/src/runners/maven/script.ts:119:21)
    at runForMaven (/media/lsi/HDD/safer/safer-reproduction-kit/safer/src/runners/maven/script.ts:73:31)
    at main (/media/lsi/HDD/safer/safer-reproduction-kit/safer/src/script.ts:101:5) {
  status: 1,
  signal: null,
  output: [ null, null, null ],
  pid: 2774579,
  stdout: null,
  stderr: null
}
Error executing command: Error: Command failed: /media/lsi/HDD/safer/safer-reproduction-kit/safer/src/runners/maven/run-maven-build.sh false /media/lsi/HDD/safer/safer-reproduction-kit/workstation/maven/hkamel_sonar-auth-aad false
    at __node_internal_genericNodeError (node:internal/errors:865:15)
    at checkExecSyncError (node:child_process:890:11)
    at execSync (node:child_process:962:15)
    at execCommand (/media/lsi/HDD/safer/safer-reproduction-kit/safer/src/utils/execCommand.ts:7:5)
    at Object.runMavenBuild (/media/lsi/HDD/safer/safer-reproduction-kit/safer/src/runners/maven/maven-runner.ts:14:5)
    at updateDependenciesInPom (/media/lsi/HDD/safer/safer-reproduction-kit/safer/src/runners/maven/script.ts:119:21)
    at runForMaven (/media/lsi/HDD/safer/safer-reproduction-kit/safer/src/runners/maven/script.ts:73:31)
    at main (/media/lsi/HDD/safer/safer-reproduction-kit/safer/src/script.ts:101:5) {
  status: 1,
  signal: null,
  output: [ null, null, null ],
  pid: 2775143,
  stdout: null,
  stderr: null
}
Dependency org.assertj:assertj-core not found in POM.
OpenJDK 64-Bit Server VM warning: Sharing is only supported for boot loader classes because bootstrap classpath has been appended
Jun 20, 2025 3:31:22 PM com.microsoft.graph.logger.DefaultLogger logError
SEVERE: CoreHttpProvider[sendRequestInternal] - 408Graph service exception
Jun 20, 2025 3:31:22 PM com.microsoft.graph.logger.DefaultLogger logError
SEVERE: Throwable detail: com.microsoft.graph.http.GraphServiceException: Error code: InvalidAuthenticationToken
Error message: IDX14100: JWT is not well formed, there are no dots (.).
The token needs to be in JWS or JWE Compact Serialization Format. (JWS): 'EncodedHeader.EncodedPayload.EncodedSignature'. (JWE): 'EncodedProtectedHeader.EncodedEncryptedKey.EncodedInitializationVector.EncodedCiphertext.EncodedAuthenticationTag'.

GET https://graph.microsoft.com/v1.0/users/377ae852-940f-4e0a-b154-563b7427a3dc/transitiveMemberOf?%24select=id%2CdisplayName&%24top=999
SdkVersion : graph-java/v5.49.0


401 : 
[...]

[Some information was truncated for brevity, enable debug logging for more details]
OpenJDK 64-Bit Server VM warning: Sharing is only supported for boot loader classes because bootstrap classpath has been appended
OpenJDK 64-Bit Server VM warning: Sharing is only supported for boot loader classes because bootstrap classpath has been appended
Dependency org.sonarsource.sonarqube:sonar-plugin-api not found in POM.
OpenJDK 64-Bit Server VM warning: Sharing is only supported for boot loader classes because bootstrap classpath has been appended
