#0 building with "default" instance using docker driver

#1 [internal] load build definition from Dockerfile
#1 transferring dockerfile: 790B done
#1 DONE 0.0s

#2 [internal] load metadata for docker.io/library/eclipse-temurin:8-jdk-jammy
#2 DONE 1.1s

#3 [internal] load .dockerignore
#3 transferring context: 2B done
#3 DONE 0.0s

#4 [1/3] FROM docker.io/library/eclipse-temurin:8-jdk-jammy@sha256:d852f567085d2e50c12526fccd4c51b6503eb9f82b2c521b6c6053339f951abd
#4 DONE 0.0s

#5 [2/3] RUN mkdir -p /usr/share/maven    && curl -fsSL https://dlcdn.apache.org/maven/maven-3/3.8.8/binaries/apache-maven-3.8.8-bin.tar.gz    | tar -xzC /usr/share/maven --strip-components=1    && ln -s /usr/share/maven/bin/mvn /usr/bin/mvn
#5 CACHED

#6 [3/3] WORKDIR /app
#6 CACHED

#7 exporting to image
#7 exporting layers done
#7 writing image sha256:b38b536d0115a01a6a9cde0dda7014664231cf40e6b1060fb082854c9a4117d0 done
#7 naming to docker.io/library/java-setup-8 done
#7 DONE 0.0s

 [33m3 warnings found (use docker --debug to expand):
[0m - LegacyKeyValueFormat: "ENV key=value" should be used instead of legacy "ENV key value" format (line 6)
 - LegacyKeyValueFormat: "ENV key=value" should be used instead of legacy "ENV key value" format (line 7)
 - LegacyKeyValueFormat: "ENV key=value" should be used instead of legacy "ENV key value" format (line 5)
3423 [main] INFO  org.apache.flink.runtime.taskexecutor.TaskExecutorResourceUtils [] - The configuration option taskmanager.cpu.cores required for local execution is not set, setting it to the maximal possible value.
3426 [main] INFO  org.apache.flink.runtime.taskexecutor.TaskExecutorResourceUtils [] - The configuration option taskmanager.memory.task.heap.size required for local execution is not set, setting it to the maximal possible value.
3427 [main] INFO  org.apache.flink.runtime.taskexecutor.TaskExecutorResourceUtils [] - The configuration option taskmanager.memory.task.off-heap.size required for local execution is not set, setting it to the maximal possible value.
3427 [main] INFO  org.apache.flink.runtime.taskexecutor.TaskExecutorResourceUtils [] - The configuration option taskmanager.memory.network.min required for local execution is not set, setting it to its default value 64 mb.
3428 [main] INFO  org.apache.flink.runtime.taskexecutor.TaskExecutorResourceUtils [] - The configuration option taskmanager.memory.network.max required for local execution is not set, setting it to its default value 64 mb.
3428 [main] INFO  org.apache.flink.runtime.taskexecutor.TaskExecutorResourceUtils [] - The configuration option taskmanager.memory.managed.size required for local execution is not set, setting it to its default value 128 mb.
3437 [main] INFO  org.apache.flink.runtime.minicluster.MiniCluster [] - Starting Flink Mini Cluster
3439 [main] INFO  org.apache.flink.runtime.minicluster.MiniCluster [] - Starting Metrics Registry
3489 [main] INFO  org.apache.flink.runtime.metrics.MetricRegistryImpl [] - No metrics reporter configured, no metrics will be exposed/reported.
3489 [main] INFO  org.apache.flink.runtime.minicluster.MiniCluster [] - Starting RPC Service(s)
3497 [main] INFO  org.apache.flink.runtime.rpc.akka.AkkaRpcServiceUtils [] - Trying to start local actor system
3797 [flink-akka.actor.default-dispatcher-3] INFO  akka.event.slf4j.Slf4jLogger [] - Slf4jLogger started
4057 [main] INFO  org.apache.flink.runtime.rpc.akka.AkkaRpcServiceUtils [] - Actor system started at akka://flink
4071 [main] INFO  org.apache.flink.runtime.rpc.akka.AkkaRpcServiceUtils [] - Trying to start local actor system
4082 [flink-metrics-2] INFO  akka.event.slf4j.Slf4jLogger [] - Slf4jLogger started
4098 [main] INFO  org.apache.flink.runtime.rpc.akka.AkkaRpcServiceUtils [] - Actor system started at akka://flink-metrics
4115 [main] INFO  org.apache.flink.runtime.rpc.akka.AkkaRpcService [] - Starting RPC endpoint for org.apache.flink.runtime.metrics.dump.MetricQueryService at akka://flink-metrics/user/rpc/MetricQueryService .
4133 [main] INFO  org.apache.flink.runtime.minicluster.MiniCluster [] - Starting high-availability services
4145 [main] INFO  org.apache.flink.runtime.blob.BlobServer [] - Created BLOB server storage directory /tmp/blobStore-d6d26518-1536-4223-9010-52689d906319
4154 [main] INFO  org.apache.flink.runtime.blob.BlobServer [] - Started BLOB server at 0.0.0.0:42023 - max concurrent requests: 50 - max backlog: 1000
4157 [main] INFO  org.apache.flink.runtime.blob.PermanentBlobCache [] - Created BLOB cache storage directory /tmp/blobStore-d4c0d6c5-f30f-4955-aaad-848658b4d124
4159 [main] INFO  org.apache.flink.runtime.blob.TransientBlobCache [] - Created BLOB cache storage directory /tmp/blobStore-fcd810a2-144a-4fdd-93ac-28a9e112abed
4160 [main] INFO  org.apache.flink.runtime.minicluster.MiniCluster [] - Starting 1 TaskManger(s)
4163 [main] INFO  org.apache.flink.runtime.taskexecutor.TaskManagerRunner [] - Starting TaskManager with ResourceID: f4d0cfe3-0de1-41fe-a9b6-0b71087a1ef7
4181 [main] INFO  org.apache.flink.runtime.taskexecutor.TaskManagerServices [] - Temporary file directory '/tmp': total 210 GB, usable 36 GB (17.14% usable)
4184 [main] INFO  org.apache.flink.runtime.io.disk.FileChannelManagerImpl [] - FileChannelManager uses directory /tmp/flink-io-c25416e9-64b1-4920-8af2-271cc93e212b for spill files.
4190 [main] INFO  org.apache.flink.runtime.io.disk.FileChannelManagerImpl [] - FileChannelManager uses directory /tmp/flink-netty-shuffle-5b76789b-4f96-4c57-8dc3-29ea2425acbf for spill files.
4226 [main] INFO  org.apache.flink.runtime.io.network.buffer.NetworkBufferPool [] - Allocated 64 MB for network buffer pool (number of memory segments: 2048, bytes per segment: 32768).
4235 [main] INFO  org.apache.flink.runtime.io.network.NettyShuffleEnvironment [] - Starting the network environment and its components.
4237 [main] INFO  org.apache.flink.runtime.taskexecutor.KvStateService [] - Starting the kvState service and its components.
4260 [main] INFO  org.apache.flink.runtime.rpc.akka.AkkaRpcService [] - Starting RPC endpoint for org.apache.flink.runtime.taskexecutor.TaskExecutor at akka://flink/user/rpc/taskmanager_0 .
4271 [flink-akka.actor.default-dispatcher-2] INFO  org.apache.flink.runtime.taskexecutor.DefaultJobLeaderService [] - Start job leader service.
4272 [flink-akka.actor.default-dispatcher-2] INFO  org.apache.flink.runtime.filecache.FileCache [] - User file cache uses directory /tmp/flink-dist-cache-51291ab8-9287-4382-9e60-3bc6e89d8683
4294 [main] INFO  org.apache.flink.runtime.dispatcher.DispatcherRestEndpoint [] - Upload directory /tmp/flink-web-upload does not exist. 
4295 [main] INFO  org.apache.flink.runtime.dispatcher.DispatcherRestEndpoint [] - Created directory /tmp/flink-web-upload for file uploads.
4310 [main] INFO  org.apache.flink.runtime.dispatcher.DispatcherRestEndpoint [] - Starting rest endpoint.
4513 [main] WARN  org.apache.flink.runtime.webmonitor.WebMonitorUtils [] - Log file environment variable 'log.file' is not set.
4514 [main] WARN  org.apache.flink.runtime.webmonitor.WebMonitorUtils [] - JobManager log files are unavailable in the web dashboard. Log file location not found in environment variable 'log.file' or configuration key 'web.log.path'.
4616 [main] INFO  org.apache.flink.runtime.dispatcher.DispatcherRestEndpoint [] - Rest endpoint listening at localhost:41867
4616 [main] INFO  org.apache.flink.runtime.highavailability.nonha.embedded.EmbeddedLeaderService [] - Proposing leadership to contender http://localhost:41867
4618 [main] INFO  org.apache.flink.runtime.dispatcher.DispatcherRestEndpoint [] - Web frontend listening at http://localhost:41867.
4618 [mini-cluster-io-thread-1] INFO  org.apache.flink.runtime.dispatcher.DispatcherRestEndpoint [] - http://localhost:41867 was granted leadership with leaderSessionID=2c40dd0e-4dc6-4348-b62a-444f11a81e78
4619 [mini-cluster-io-thread-1] INFO  org.apache.flink.runtime.highavailability.nonha.embedded.EmbeddedLeaderService [] - Received confirmation of leadership for leader http://localhost:41867 , session=2c40dd0e-4dc6-4348-b62a-444f11a81e78
4631 [main] INFO  org.apache.flink.runtime.rpc.akka.AkkaRpcService [] - Starting RPC endpoint for org.apache.flink.runtime.resourcemanager.StandaloneResourceManager at akka://flink/user/rpc/resourcemanager_1 .
4642 [main] INFO  org.apache.flink.runtime.highavailability.nonha.embedded.EmbeddedLeaderService [] - Proposing leadership to contender LeaderContender: DefaultDispatcherRunner
4643 [flink-akka.actor.default-dispatcher-2] INFO  org.apache.flink.runtime.highavailability.nonha.embedded.EmbeddedLeaderService [] - Proposing leadership to contender LeaderContender: StandaloneResourceManager
4645 [flink-akka.actor.default-dispatcher-2] INFO  org.apache.flink.runtime.resourcemanager.StandaloneResourceManager [] - ResourceManager akka://flink/user/rpc/resourcemanager_1 was granted leadership with fencing token 875a53a782534060533ee76b54d74c02
4645 [main] INFO  org.apache.flink.runtime.minicluster.MiniCluster [] - Flink Mini Cluster started successfully
4647 [mini-cluster-io-thread-2] INFO  org.apache.flink.runtime.dispatcher.runner.SessionDispatcherLeaderProcess [] - Start SessionDispatcherLeaderProcess.
4650 [flink-akka.actor.default-dispatcher-2] INFO  org.apache.flink.runtime.resourcemanager.slotmanager.SlotManagerImpl [] - Starting the SlotManager.
4650 [mini-cluster-io-thread-5] INFO  org.apache.flink.runtime.dispatcher.runner.SessionDispatcherLeaderProcess [] - Recover all persisted job graphs.
4651 [mini-cluster-io-thread-5] INFO  org.apache.flink.runtime.dispatcher.runner.SessionDispatcherLeaderProcess [] - Successfully recovered 0 persisted job graphs.
4653 [mini-cluster-io-thread-6] INFO  org.apache.flink.runtime.highavailability.nonha.embedded.EmbeddedLeaderService [] - Received confirmation of leadership for leader akka://flink/user/rpc/resourcemanager_1 , session=533ee76b-54d7-4c02-875a-53a782534060
4655 [flink-akka.actor.default-dispatcher-2] INFO  org.apache.flink.runtime.taskexecutor.TaskExecutor [] - Connecting to ResourceManager akka://flink/user/rpc/resourcemanager_1(875a53a782534060533ee76b54d74c02).
4656 [mini-cluster-io-thread-5] INFO  org.apache.flink.runtime.rpc.akka.AkkaRpcService [] - Starting RPC endpoint for org.apache.flink.runtime.dispatcher.StandaloneDispatcher at akka://flink/user/rpc/dispatcher_2 .
4663 [mini-cluster-io-thread-5] INFO  org.apache.flink.runtime.highavailability.nonha.embedded.EmbeddedLeaderService [] - Received confirmation of leadership for leader akka://flink/user/rpc/dispatcher_2 , session=6f33c7c4-babe-4ee1-9d47-1227d868207b
4671 [flink-akka.actor.default-dispatcher-2] INFO  org.apache.flink.runtime.taskexecutor.TaskExecutor [] - Resolved ResourceManager address, beginning registration
4680 [flink-akka.actor.default-dispatcher-6] INFO  org.apache.flink.runtime.resourcemanager.StandaloneResourceManager [] - Registering TaskManager with ResourceID f4d0cfe3-0de1-41fe-a9b6-0b71087a1ef7 (akka://flink/user/rpc/taskmanager_0) at ResourceManager
4682 [flink-akka.actor.default-dispatcher-6] INFO  org.apache.flink.runtime.taskexecutor.TaskExecutor [] - Successful registration at resource manager akka://flink/user/rpc/resourcemanager_1 under registration id 7d5d57e271a9b4d782afdbf349b7cf05.
4683 [flink-akka.actor.default-dispatcher-4] INFO  org.apache.flink.runtime.dispatcher.StandaloneDispatcher [] - Received JobGraph submission af1ac3479cb94e1688fde2e5d3690d2e (collect).
4683 [flink-akka.actor.default-dispatcher-4] INFO  org.apache.flink.runtime.dispatcher.StandaloneDispatcher [] - Submitting job af1ac3479cb94e1688fde2e5d3690d2e (collect).
4700 [mini-cluster-io-thread-12] INFO  org.apache.flink.runtime.rpc.akka.AkkaRpcService [] - Starting RPC endpoint for org.apache.flink.runtime.jobmaster.JobMaster at akka://flink/user/rpc/jobmanager_3 .
4705 [mini-cluster-io-thread-12] INFO  org.apache.flink.runtime.jobmaster.JobMaster [] - Initializing job collect (af1ac3479cb94e1688fde2e5d3690d2e).
4716 [mini-cluster-io-thread-12] INFO  org.apache.flink.runtime.jobmaster.JobMaster [] - Using restart back off time strategy NoRestartBackoffTimeStrategy for collect (af1ac3479cb94e1688fde2e5d3690d2e).
4742 [mini-cluster-io-thread-12] INFO  org.apache.flink.runtime.jobmaster.JobMaster [] - Running initialization on master for job collect (af1ac3479cb94e1688fde2e5d3690d2e).
4759 [mini-cluster-io-thread-12] INFO  org.apache.flink.runtime.jobmaster.JobMaster [] - Successfully ran initialization on master in 16 ms.
4794 [mini-cluster-io-thread-12] ERROR org.apache.kudu.util.NetUtil [] - Failed to resolve the IP of `cdh01' in 549526ns
4795 [mini-cluster-io-thread-12] ERROR org.apache.kudu.util.NetUtil [] - Failed to resolve the IP of `cdh02' in 314649ns
4795 [mini-cluster-io-thread-12] ERROR org.apache.kudu.util.NetUtil [] - Failed to resolve the IP of `cdh03' in 284386ns
4795 [mini-cluster-io-thread-12] WARN  org.apache.kudu.client.ConnectToCluster [] - Couldn't resolve this master's address cdh01:7051
4798 [mini-cluster-io-thread-12] INFO  org.apache.kudu.client.ConnectToCluster [] - Unable to connect to master cdh01:7051: Couldn't resolve this master's address cdh01:7051
4798 [mini-cluster-io-thread-12] WARN  org.apache.kudu.client.ConnectToCluster [] - Couldn't resolve this master's address cdh02:7051
4798 [mini-cluster-io-thread-12] INFO  org.apache.kudu.client.ConnectToCluster [] - Unable to connect to master cdh02:7051: Couldn't resolve this master's address cdh02:7051
4798 [mini-cluster-io-thread-12] WARN  org.apache.kudu.client.ConnectToCluster [] - Couldn't resolve this master's address cdh03:7051
4798 [mini-cluster-io-thread-12] INFO  org.apache.kudu.client.ConnectToCluster [] - Unable to connect to master cdh03:7051: Couldn't resolve this master's address cdh03:7051
4810 [flink-akka.actor.default-dispatcher-6] INFO  org.apache.flink.runtime.dispatcher.StandaloneDispatcher [] - Job af1ac3479cb94e1688fde2e5d3690d2e reached globally terminal state FAILED.
4851 [flink-akka.actor.default-dispatcher-4] INFO  org.apache.flink.runtime.minicluster.MiniCluster [] - Shutting down Flink Mini Cluster
4852 [flink-akka.actor.default-dispatcher-6] INFO  org.apache.flink.runtime.taskexecutor.TaskExecutor [] - Stopping TaskExecutor akka://flink/user/rpc/taskmanager_0.
4852 [flink-akka.actor.default-dispatcher-6] INFO  org.apache.flink.runtime.taskexecutor.TaskExecutor [] - Close ResourceManager connection 7bc6d454982a82b1709e047445bd63ee.
4852 [flink-akka.actor.default-dispatcher-4] INFO  org.apache.flink.runtime.dispatcher.DispatcherRestEndpoint [] - Shutting down rest endpoint.
4856 [flink-akka.actor.default-dispatcher-2] INFO  org.apache.flink.runtime.resourcemanager.StandaloneResourceManager [] - Closing TaskExecutor connection f4d0cfe3-0de1-41fe-a9b6-0b71087a1ef7 because: The TaskExecutor is shutting down.
4876 [flink-akka.actor.default-dispatcher-6] INFO  org.apache.flink.runtime.taskexecutor.DefaultJobLeaderService [] - Stop job leader service.
4876 [flink-akka.actor.default-dispatcher-6] INFO  org.apache.flink.runtime.state.TaskExecutorLocalStateStoresManager [] - Shutting down TaskExecutorLocalStateStoresManager.
4887 [flink-akka.actor.default-dispatcher-6] INFO  org.apache.flink.runtime.io.disk.FileChannelManagerImpl [] - FileChannelManager removed spill file directory /tmp/flink-io-c25416e9-64b1-4920-8af2-271cc93e212b
4889 [flink-akka.actor.default-dispatcher-6] INFO  org.apache.flink.runtime.io.network.NettyShuffleEnvironment [] - Shutting down the network environment and its components.
4890 [flink-akka.actor.default-dispatcher-6] INFO  org.apache.flink.runtime.io.disk.FileChannelManagerImpl [] - FileChannelManager removed spill file directory /tmp/flink-netty-shuffle-5b76789b-4f96-4c57-8dc3-29ea2425acbf
4892 [flink-akka.actor.default-dispatcher-6] INFO  org.apache.flink.runtime.taskexecutor.KvStateService [] - Shutting down the kvState service and its components.
4890 [ForkJoinPool.commonPool-worker-4] INFO  org.apache.flink.runtime.dispatcher.DispatcherRestEndpoint [] - Removing cache directory /tmp/flink-web-ui
4892 [flink-akka.actor.default-dispatcher-6] INFO  org.apache.flink.runtime.taskexecutor.DefaultJobLeaderService [] - Stop job leader service.
4893 [flink-akka.actor.default-dispatcher-6] INFO  org.apache.flink.runtime.filecache.FileCache [] - removed file cache directory /tmp/flink-dist-cache-51291ab8-9287-4382-9e60-3bc6e89d8683
4895 [ForkJoinPool.commonPool-worker-4] INFO  org.apache.flink.runtime.dispatcher.DispatcherRestEndpoint [] - Shut down complete.
4902 [flink-akka.actor.default-dispatcher-2] INFO  org.apache.flink.runtime.resourcemanager.StandaloneResourceManager [] - Shut down cluster because application is in CANCELED, diagnostics DispatcherResourceManagerComponent has been closed..
4903 [flink-akka.actor.default-dispatcher-2] INFO  org.apache.flink.runtime.entrypoint.component.DispatcherResourceManagerComponent [] - Closing components.
4905 [flink-akka.actor.default-dispatcher-2] INFO  org.apache.flink.runtime.dispatcher.runner.SessionDispatcherLeaderProcess [] - Stopping SessionDispatcherLeaderProcess.
4905 [flink-akka.actor.default-dispatcher-4] INFO  org.apache.flink.runtime.dispatcher.StandaloneDispatcher [] - Stopping dispatcher akka://flink/user/rpc/dispatcher_2.
4906 [flink-akka.actor.default-dispatcher-3] INFO  org.apache.flink.runtime.resourcemanager.slotmanager.SlotManagerImpl [] - Closing the SlotManager.
4907 [flink-akka.actor.default-dispatcher-4] INFO  org.apache.flink.runtime.dispatcher.StandaloneDispatcher [] - Stopping all currently running jobs of dispatcher akka://flink/user/rpc/dispatcher_2.
4907 [flink-akka.actor.default-dispatcher-3] INFO  org.apache.flink.runtime.resourcemanager.slotmanager.SlotManagerImpl [] - Suspending the SlotManager.
4891 [main] WARN  org.apache.flink.streaming.api.operators.collect.CollectResultFetcher [] - Failed to get job status so we assume that the job has terminated. Some data might be lost.
java.lang.IllegalStateException: MiniCluster is not yet running or has already been shut down.
	at org.apache.flink.util.Preconditions.checkState(Preconditions.java:198) ~[flink-core-1.12.0.jar:1.12.0]
	at org.apache.flink.runtime.minicluster.MiniCluster.getDispatcherGatewayFuture(MiniCluster.java:706) ~[flink-runtime_2.11-1.12.0.jar:1.12.0]
	at org.apache.flink.runtime.minicluster.MiniCluster.runDispatcherCommand(MiniCluster.java:621) ~[flink-runtime_2.11-1.12.0.jar:1.12.0]
	at org.apache.flink.runtime.minicluster.MiniCluster.getJobStatus(MiniCluster.java:587) ~[flink-runtime_2.11-1.12.0.jar:1.12.0]
	at org.apache.flink.runtime.minicluster.MiniClusterJobClient.getJobStatus(MiniClusterJobClient.java:89) ~[flink-runtime_2.11-1.12.0.jar:1.12.0]
	at org.apache.flink.streaming.api.operators.collect.CollectResultFetcher.isJobTerminated(CollectResultFetcher.java:199) [flink-streaming-java_2.11-1.12.0.jar:1.12.0]
	at org.apache.flink.streaming.api.operators.collect.CollectResultFetcher.next(CollectResultFetcher.java:123) [flink-streaming-java_2.11-1.12.0.jar:1.12.0]
	at org.apache.flink.streaming.api.operators.collect.CollectResultIterator.nextResultFromFetcher(CollectResultIterator.java:103) [flink-streaming-java_2.11-1.12.0.jar:1.12.0]
	at org.apache.flink.streaming.api.operators.collect.CollectResultIterator.hasNext(CollectResultIterator.java:77) [flink-streaming-java_2.11-1.12.0.jar:1.12.0]
	at org.apache.flink.table.planner.sinks.SelectTableSinkBase$RowIteratorWrapper.hasNext(SelectTableSinkBase.java:115) [flink-table-planner-blink_2.11-1.12.0.jar:1.12.0]
	at org.apache.flink.table.api.internal.TableResultImpl$CloseableRowIteratorWrapper.hasNext(TableResultImpl.java:355) [flink-table-api-java-1.12.0.jar:1.12.0]
	at org.apache.flink.table.utils.PrintUtils.printAsTableauForm(PrintUtils.java:155) [flink-table-common-1.12.0.jar:1.12.0]
	at org.apache.flink.table.api.internal.TableResultImpl.print(TableResultImpl.java:149) [flink-table-api-java-1.12.0.jar:1.12.0]
	at org.colloh.flink.connectors.kudu.table.NewFeatureTest.testCreateDDL(NewFeatureTest.java:150) [test-classes/:?]
	at sun.reflect.NativeMethodAccessorImpl.invoke0(Native Method) ~[?:1.8.0_452]
	at sun.reflect.NativeMethodAccessorImpl.invoke(NativeMethodAccessorImpl.java:62) ~[?:1.8.0_452]
	at sun.reflect.DelegatingMethodAccessorImpl.invoke(DelegatingMethodAccessorImpl.java:43) ~[?:1.8.0_452]
	at java.lang.reflect.Method.invoke(Method.java:498) ~[?:1.8.0_452]
	at org.junit.runners.model.FrameworkMethod$1.runReflectiveCall(FrameworkMethod.java:59) [junit-4.13.1.jar:4.13.1]
	at org.junit.internal.runners.model.ReflectiveCallable.run(ReflectiveCallable.java:12) [junit-4.13.1.jar:4.13.1]
	at org.junit.runners.model.FrameworkMethod.invokeExplosively(FrameworkMethod.java:56) [junit-4.13.1.jar:4.13.1]
	at org.junit.internal.runners.statements.InvokeMethod.evaluate(InvokeMethod.java:17) [junit-4.13.1.jar:4.13.1]
	at org.junit.internal.runners.statements.RunBefores.evaluate(RunBefores.java:26) [junit-4.13.1.jar:4.13.1]
	at org.junit.runners.ParentRunner$3.evaluate(ParentRunner.java:306) [junit-4.13.1.jar:4.13.1]
	at org.junit.runners.BlockJUnit4ClassRunner$1.evaluate(BlockJUnit4ClassRunner.java:100) [junit-4.13.1.jar:4.13.1]
	at org.junit.runners.ParentRunner.runLeaf(ParentRunner.java:366) [junit-4.13.1.jar:4.13.1]
	at org.junit.runners.BlockJUnit4ClassRunner.runChild(BlockJUnit4ClassRunner.java:103) [junit-4.13.1.jar:4.13.1]
	at org.junit.runners.BlockJUnit4ClassRunner.runChild(BlockJUnit4ClassRunner.java:63) [junit-4.13.1.jar:4.13.1]
	at org.junit.runners.ParentRunner$4.run(ParentRunner.java:331) [junit-4.13.1.jar:4.13.1]
	at org.junit.runners.ParentRunner$1.schedule(ParentRunner.java:79) [junit-4.13.1.jar:4.13.1]
	at org.junit.runners.ParentRunner.runChildren(ParentRunner.java:329) [junit-4.13.1.jar:4.13.1]
	at org.junit.runners.ParentRunner.access$100(ParentRunner.java:66) [junit-4.13.1.jar:4.13.1]
	at org.junit.runners.ParentRunner$2.evaluate(ParentRunner.java:293) [junit-4.13.1.jar:4.13.1]
	at org.junit.runners.ParentRunner$3.evaluate(ParentRunner.java:306) [junit-4.13.1.jar:4.13.1]
	at org.junit.runners.ParentRunner.run(ParentRunner.java:413) [junit-4.13.1.jar:4.13.1]
	at org.apache.maven.surefire.junit4.JUnit4Provider.execute(JUnit4Provider.java:252) [surefire-junit4-2.12.4.jar:2.12.4]
	at org.apache.maven.surefire.junit4.JUnit4Provider.executeTestSet(JUnit4Provider.java:141) [surefire-junit4-2.12.4.jar:2.12.4]
	at org.apache.maven.surefire.junit4.JUnit4Provider.invoke(JUnit4Provider.java:112) [surefire-junit4-2.12.4.jar:2.12.4]
	at sun.reflect.NativeMethodAccessorImpl.invoke0(Native Method) ~[?:1.8.0_452]
	at sun.reflect.NativeMethodAccessorImpl.invoke(NativeMethodAccessorImpl.java:62) ~[?:1.8.0_452]
	at sun.reflect.DelegatingMethodAccessorImpl.invoke(DelegatingMethodAccessorImpl.java:43) ~[?:1.8.0_452]
	at java.lang.reflect.Method.invoke(Method.java:498) ~[?:1.8.0_452]
	at org.apache.maven.surefire.util.ReflectionUtils.invokeMethodWithArray(ReflectionUtils.java:189) [surefire-api-2.12.4.jar:2.12.4]
	at org.apache.maven.surefire.booter.ProviderFactory$ProviderProxy.invoke(ProviderFactory.java:165) [surefire-booter-2.12.4.jar:2.12.4]
	at org.apache.maven.surefire.booter.ProviderFactory.invokeProvider(ProviderFactory.java:85) [surefire-booter-2.12.4.jar:2.12.4]
	at org.apache.maven.surefire.booter.ForkedBooter.runSuitesInProcess(ForkedBooter.java:115) [surefire-booter-2.12.4.jar:2.12.4]
	at org.apache.maven.surefire.booter.ForkedBooter.main(ForkedBooter.java:75) [surefire-booter-2.12.4.jar:2.12.4]
4909 [flink-akka.actor.default-dispatcher-4] INFO  org.apache.flink.runtime.rest.handler.legacy.backpressure.BackPressureRequestCoordinator [] - Shutting down back pressure request coordinator.
4909 [flink-akka.actor.default-dispatcher-6] INFO  org.apache.flink.runtime.taskexecutor.TaskExecutor [] - Stopped TaskExecutor akka://flink/user/rpc/taskmanager_0.
4909 [main] WARN  org.apache.flink.streaming.api.operators.collect.CollectResultFetcher [] - Failed to get job status so we assume that the job has terminated. Some data might be lost.
java.lang.IllegalStateException: MiniCluster is not yet running or has already been shut down.
	at org.apache.flink.util.Preconditions.checkState(Preconditions.java:198) ~[flink-core-1.12.0.jar:1.12.0]
	at org.apache.flink.runtime.minicluster.MiniCluster.getDispatcherGatewayFuture(MiniCluster.java:706) ~[flink-runtime_2.11-1.12.0.jar:1.12.0]
	at org.apache.flink.runtime.minicluster.MiniCluster.runDispatcherCommand(MiniCluster.java:621) ~[flink-runtime_2.11-1.12.0.jar:1.12.0]
	at org.apache.flink.runtime.minicluster.MiniCluster.getJobStatus(MiniCluster.java:587) ~[flink-runtime_2.11-1.12.0.jar:1.12.0]
	at org.apache.flink.runtime.minicluster.MiniClusterJobClient.getJobStatus(MiniClusterJobClient.java:89) ~[flink-runtime_2.11-1.12.0.jar:1.12.0]
	at org.apache.flink.streaming.api.operators.collect.CollectResultFetcher.isJobTerminated(CollectResultFetcher.java:199) [flink-streaming-java_2.11-1.12.0.jar:1.12.0]
	at org.apache.flink.streaming.api.operators.collect.CollectResultFetcher.cancelJob(CollectResultFetcher.java:219) [flink-streaming-java_2.11-1.12.0.jar:1.12.0]
	at org.apache.flink.streaming.api.operators.collect.CollectResultFetcher.close(CollectResultFetcher.java:150) [flink-streaming-java_2.11-1.12.0.jar:1.12.0]
	at org.apache.flink.streaming.api.operators.collect.CollectResultIterator.nextResultFromFetcher(CollectResultIterator.java:105) [flink-streaming-java_2.11-1.12.0.jar:1.12.0]
	at org.apache.flink.streaming.api.operators.collect.CollectResultIterator.hasNext(CollectResultIterator.java:77) [flink-streaming-java_2.11-1.12.0.jar:1.12.0]
	at org.apache.flink.table.planner.sinks.SelectTableSinkBase$RowIteratorWrapper.hasNext(SelectTableSinkBase.java:115) [flink-table-planner-blink_2.11-1.12.0.jar:1.12.0]
	at org.apache.flink.table.api.internal.TableResultImpl$CloseableRowIteratorWrapper.hasNext(TableResultImpl.java:355) [flink-table-api-java-1.12.0.jar:1.12.0]
	at org.apache.flink.table.utils.PrintUtils.printAsTableauForm(PrintUtils.java:155) [flink-table-common-1.12.0.jar:1.12.0]
	at org.apache.flink.table.api.internal.TableResultImpl.print(TableResultImpl.java:149) [flink-table-api-java-1.12.0.jar:1.12.0]
	at org.colloh.flink.connectors.kudu.table.NewFeatureTest.testCreateDDL(NewFeatureTest.java:150) [test-classes/:?]
	at sun.reflect.NativeMethodAccessorImpl.invoke0(Native Method) ~[?:1.8.0_452]
	at sun.reflect.NativeMethodAccessorImpl.invoke(NativeMethodAccessorImpl.java:62) ~[?:1.8.0_452]
	at sun.reflect.DelegatingMethodAccessorImpl.invoke(DelegatingMethodAccessorImpl.java:43) ~[?:1.8.0_452]
	at java.lang.reflect.Method.invoke(Method.java:498) ~[?:1.8.0_452]
	at org.junit.runners.model.FrameworkMethod$1.runReflectiveCall(FrameworkMethod.java:59) [junit-4.13.1.jar:4.13.1]
	at org.junit.internal.runners.model.ReflectiveCallable.run(ReflectiveCallable.java:12) [junit-4.13.1.jar:4.13.1]
	at org.junit.runners.model.FrameworkMethod.invokeExplosively(FrameworkMethod.java:56) [junit-4.13.1.jar:4.13.1]
	at org.junit.internal.runners.statements.InvokeMethod.evaluate(InvokeMethod.java:17) [junit-4.13.1.jar:4.13.1]
	at org.junit.internal.runners.statements.RunBefores.evaluate(RunBefores.java:26) [junit-4.13.1.jar:4.13.1]
	at org.junit.runners.ParentRunner$3.evaluate(ParentRunner.java:306) [junit-4.13.1.jar:4.13.1]
	at org.junit.runners.BlockJUnit4ClassRunner$1.evaluate(BlockJUnit4ClassRunner.java:100) [junit-4.13.1.jar:4.13.1]
	at org.junit.runners.ParentRunner.runLeaf(ParentRunner.java:366) [junit-4.13.1.jar:4.13.1]
	at org.junit.runners.BlockJUnit4ClassRunner.runChild(BlockJUnit4ClassRunner.java:103) [junit-4.13.1.jar:4.13.1]
	at org.junit.runners.BlockJUnit4ClassRunner.runChild(BlockJUnit4ClassRunner.java:63) [junit-4.13.1.jar:4.13.1]
	at org.junit.runners.ParentRunner$4.run(ParentRunner.java:331) [junit-4.13.1.jar:4.13.1]
	at org.junit.runners.ParentRunner$1.schedule(ParentRunner.java:79) [junit-4.13.1.jar:4.13.1]
	at org.junit.runners.ParentRunner.runChildren(ParentRunner.java:329) [junit-4.13.1.jar:4.13.1]
	at org.junit.runners.ParentRunner.access$100(ParentRunner.java:66) [junit-4.13.1.jar:4.13.1]
	at org.junit.runners.ParentRunner$2.evaluate(ParentRunner.java:293) [junit-4.13.1.jar:4.13.1]
	at org.junit.runners.ParentRunner$3.evaluate(ParentRunner.java:306) [junit-4.13.1.jar:4.13.1]
	at org.junit.runners.ParentRunner.run(ParentRunner.java:413) [junit-4.13.1.jar:4.13.1]
	at org.apache.maven.surefire.junit4.JUnit4Provider.execute(JUnit4Provider.java:252) [surefire-junit4-2.12.4.jar:2.12.4]
	at org.apache.maven.surefire.junit4.JUnit4Provider.executeTestSet(JUnit4Provider.java:141) [surefire-junit4-2.12.4.jar:2.12.4]
	at org.apache.maven.surefire.junit4.JUnit4Provider.invoke(JUnit4Provider.java:112) [surefire-junit4-2.12.4.jar:2.12.4]
	at sun.reflect.NativeMethodAccessorImpl.invoke0(Native Method) ~[?:1.8.0_452]
	at sun.reflect.NativeMethodAccessorImpl.invoke(NativeMethodAccessorImpl.java:62) ~[?:1.8.0_452]
	at sun.reflect.DelegatingMethodAccessorImpl.invoke(DelegatingMethodAccessorImpl.java:43) ~[?:1.8.0_452]
	at java.lang.reflect.Method.invoke(Method.java:498) ~[?:1.8.0_452]
	at org.apache.maven.surefire.util.ReflectionUtils.invokeMethodWithArray(ReflectionUtils.java:189) [surefire-api-2.12.4.jar:2.12.4]
	at org.apache.maven.surefire.booter.ProviderFactory$ProviderProxy.invoke(ProviderFactory.java:165) [surefire-booter-2.12.4.jar:2.12.4]
	at org.apache.maven.surefire.booter.ProviderFactory.invokeProvider(ProviderFactory.java:85) [surefire-booter-2.12.4.jar:2.12.4]
	at org.apache.maven.surefire.booter.ForkedBooter.runSuitesInProcess(ForkedBooter.java:115) [surefire-booter-2.12.4.jar:2.12.4]
	at org.apache.maven.surefire.booter.ForkedBooter.main(ForkedBooter.java:75) [surefire-booter-2.12.4.jar:2.12.4]
4911 [flink-akka.actor.default-dispatcher-4] INFO  org.apache.flink.runtime.dispatcher.StandaloneDispatcher [] - Stopped dispatcher akka://flink/user/rpc/dispatcher_2.
4922 [PermanentBlobCache shutdown hook] INFO  org.apache.flink.runtime.blob.PermanentBlobCache [] - Shutting down BLOB cache
4924 [BlobServer shutdown hook] INFO  org.apache.flink.runtime.blob.BlobServer [] - Stopped BLOB server at 0.0.0.0:42023
4926 [TransientBlobCache shutdown hook] INFO  org.apache.flink.runtime.blob.TransientBlobCache [] - Shutting down BLOB cache
Error executing command: Error: Command failed: /mnt/hdd/safer-reproduction-kit/safer/src/runners/maven/run-maven-build.sh false /mnt/hdd/safer-reproduction-kit/workstation/maven/collabH_flink-connector-kudu false
    at genericNodeError (node:internal/errors:983:15)
    at wrappedFn (node:internal/errors:537:14)
    at checkExecSyncError (node:child_process:882:11)
    at execSync (node:child_process:954:15)
    at execCommand (/mnt/hdd/safer-reproduction-kit/safer/src/utils/execCommand.ts:7:5)
    at Object.runMavenBuild (/mnt/hdd/safer-reproduction-kit/safer/src/runners/maven/maven-runner.ts:14:5)
    at runForMaven (/mnt/hdd/safer-reproduction-kit/safer/src/runners/maven/script.ts:37:21)
    at process.processTicksAndRejections (node:internal/process/task_queues:105:5)
    at async main (/mnt/hdd/safer-reproduction-kit/safer/src/script.ts:101:5) {
  status: 1,
  signal: null,
  output: [ null, null, null ],
  pid: 1348295,
  stdout: null,
  stderr: null
}
Dependency org.apache.flink:flink-table-planner-blink_2.11 not found in POM.
Dependency org.apache.flink:flink-sql-connector-kafka_2.11 not found in POM.
Dependency org.apache.flink:flink-streaming-java_2.11 not found in POM.
Dependency org.apache.flink:flink-runtime-web_2.11 not found in POM.
Error executing command: Error: Command failed: /mnt/hdd/safer-reproduction-kit/safer/src/runners/maven/run-maven-build.sh true /mnt/hdd/safer-reproduction-kit/workstation/maven/collabH_flink-connector-kudu false
    at genericNodeError (node:internal/errors:983:15)
    at wrappedFn (node:internal/errors:537:14)
    at checkExecSyncError (node:child_process:882:11)
    at execSync (node:child_process:954:15)
    at execCommand (/mnt/hdd/safer-reproduction-kit/safer/src/utils/execCommand.ts:7:5)
    at Object.runMavenBuild (/mnt/hdd/safer-reproduction-kit/safer/src/runners/maven/maven-runner.ts:14:5)
    at updateDependenciesInPom (/mnt/hdd/safer-reproduction-kit/safer/src/runners/maven/script.ts:119:21)
    at runForMaven (/mnt/hdd/safer-reproduction-kit/safer/src/runners/maven/script.ts:73:31)
    at process.processTicksAndRejections (node:internal/process/task_queues:105:5)
    at async main (/mnt/hdd/safer-reproduction-kit/safer/src/script.ts:101:5) {
  status: 1,
  signal: null,
  output: [ null, null, null ],
  pid: 1351707,
  stdout: null,
  stderr: null
}
Error executing command: Error: Command failed: /mnt/hdd/safer-reproduction-kit/safer/src/runners/maven/run-maven-build.sh true /mnt/hdd/safer-reproduction-kit/workstation/maven/collabH_flink-connector-kudu false
    at genericNodeError (node:internal/errors:983:15)
    at wrappedFn (node:internal/errors:537:14)
    at checkExecSyncError (node:child_process:882:11)
    at execSync (node:child_process:954:15)
    at execCommand (/mnt/hdd/safer-reproduction-kit/safer/src/utils/execCommand.ts:7:5)
    at Object.runMavenBuild (/mnt/hdd/safer-reproduction-kit/safer/src/runners/maven/maven-runner.ts:14:5)
    at updateDependenciesInPom (/mnt/hdd/safer-reproduction-kit/safer/src/runners/maven/script.ts:119:21)
    at runForMaven (/mnt/hdd/safer-reproduction-kit/safer/src/runners/maven/script.ts:73:31)
    at process.processTicksAndRejections (node:internal/process/task_queues:105:5)
    at async main (/mnt/hdd/safer-reproduction-kit/safer/src/script.ts:101:5) {
  status: 1,
  signal: null,
  output: [ null, null, null ],
  pid: 1352228,
  stdout: null,
  stderr: null
}
Error executing command: Error: Command failed: /mnt/hdd/safer-reproduction-kit/safer/src/runners/maven/run-maven-build.sh true /mnt/hdd/safer-reproduction-kit/workstation/maven/collabH_flink-connector-kudu false
    at genericNodeError (node:internal/errors:983:15)
    at wrappedFn (node:internal/errors:537:14)
    at checkExecSyncError (node:child_process:882:11)
    at execSync (node:child_process:954:15)
    at execCommand (/mnt/hdd/safer-reproduction-kit/safer/src/utils/execCommand.ts:7:5)
    at Object.runMavenBuild (/mnt/hdd/safer-reproduction-kit/safer/src/runners/maven/maven-runner.ts:14:5)
    at updateDependenciesInPom (/mnt/hdd/safer-reproduction-kit/safer/src/runners/maven/script.ts:119:21)
    at runForMaven (/mnt/hdd/safer-reproduction-kit/safer/src/runners/maven/script.ts:73:31)
    at process.processTicksAndRejections (node:internal/process/task_queues:105:5)
    at async main (/mnt/hdd/safer-reproduction-kit/safer/src/script.ts:101:5) {
  status: 1,
  signal: null,
  output: [ null, null, null ],
  pid: 1352534,
  stdout: null,
  stderr: null
}
Error executing command: Error: Command failed: /mnt/hdd/safer-reproduction-kit/safer/src/runners/maven/run-maven-build.sh true /mnt/hdd/safer-reproduction-kit/workstation/maven/collabH_flink-connector-kudu false
    at genericNodeError (node:internal/errors:983:15)
    at wrappedFn (node:internal/errors:537:14)
    at checkExecSyncError (node:child_process:882:11)
    at execSync (node:child_process:954:15)
    at execCommand (/mnt/hdd/safer-reproduction-kit/safer/src/utils/execCommand.ts:7:5)
    at Object.runMavenBuild (/mnt/hdd/safer-reproduction-kit/safer/src/runners/maven/maven-runner.ts:14:5)
    at updateDependenciesInPom (/mnt/hdd/safer-reproduction-kit/safer/src/runners/maven/script.ts:119:21)
    at runForMaven (/mnt/hdd/safer-reproduction-kit/safer/src/runners/maven/script.ts:73:31)
    at process.processTicksAndRejections (node:internal/process/task_queues:105:5)
    at async main (/mnt/hdd/safer-reproduction-kit/safer/src/script.ts:101:5) {
  status: 1,
  signal: null,
  output: [ null, null, null ],
  pid: 1352831,
  stdout: null,
  stderr: null
}
Error executing command: Error: Command failed: /mnt/hdd/safer-reproduction-kit/safer/src/runners/maven/run-maven-build.sh true /mnt/hdd/safer-reproduction-kit/workstation/maven/collabH_flink-connector-kudu false
    at genericNodeError (node:internal/errors:983:15)
    at wrappedFn (node:internal/errors:537:14)
    at checkExecSyncError (node:child_process:882:11)
    at execSync (node:child_process:954:15)
    at execCommand (/mnt/hdd/safer-reproduction-kit/safer/src/utils/execCommand.ts:7:5)
    at Object.runMavenBuild (/mnt/hdd/safer-reproduction-kit/safer/src/runners/maven/maven-runner.ts:14:5)
    at updateDependenciesInPom (/mnt/hdd/safer-reproduction-kit/safer/src/runners/maven/script.ts:119:21)
    at runForMaven (/mnt/hdd/safer-reproduction-kit/safer/src/runners/maven/script.ts:73:31)
    at process.processTicksAndRejections (node:internal/process/task_queues:105:5)
    at async main (/mnt/hdd/safer-reproduction-kit/safer/src/script.ts:101:5) {
  status: 1,
  signal: null,
  output: [ null, null, null ],
  pid: 1353199,
  stdout: null,
  stderr: null
}
Error executing command: Error: Command failed: /mnt/hdd/safer-reproduction-kit/safer/src/runners/maven/run-maven-build.sh true /mnt/hdd/safer-reproduction-kit/workstation/maven/collabH_flink-connector-kudu false
    at genericNodeError (node:internal/errors:983:15)
    at wrappedFn (node:internal/errors:537:14)
    at checkExecSyncError (node:child_process:882:11)
    at execSync (node:child_process:954:15)
    at execCommand (/mnt/hdd/safer-reproduction-kit/safer/src/utils/execCommand.ts:7:5)
    at Object.runMavenBuild (/mnt/hdd/safer-reproduction-kit/safer/src/runners/maven/maven-runner.ts:14:5)
    at updateDependenciesInPom (/mnt/hdd/safer-reproduction-kit/safer/src/runners/maven/script.ts:119:21)
    at runForMaven (/mnt/hdd/safer-reproduction-kit/safer/src/runners/maven/script.ts:73:31)
    at process.processTicksAndRejections (node:internal/process/task_queues:105:5)
    at async main (/mnt/hdd/safer-reproduction-kit/safer/src/script.ts:101:5) {
  status: 1,
  signal: null,
  output: [ null, null, null ],
  pid: 1353554,
  stdout: null,
  stderr: null
}
Error executing command: Error: Command failed: /mnt/hdd/safer-reproduction-kit/safer/src/runners/maven/run-maven-build.sh true /mnt/hdd/safer-reproduction-kit/workstation/maven/collabH_flink-connector-kudu false
    at genericNodeError (node:internal/errors:983:15)
    at wrappedFn (node:internal/errors:537:14)
    at checkExecSyncError (node:child_process:882:11)
    at execSync (node:child_process:954:15)
    at execCommand (/mnt/hdd/safer-reproduction-kit/safer/src/utils/execCommand.ts:7:5)
    at Object.runMavenBuild (/mnt/hdd/safer-reproduction-kit/safer/src/runners/maven/maven-runner.ts:14:5)
    at updateDependenciesInPom (/mnt/hdd/safer-reproduction-kit/safer/src/runners/maven/script.ts:119:21)
    at runForMaven (/mnt/hdd/safer-reproduction-kit/safer/src/runners/maven/script.ts:73:31)
    at process.processTicksAndRejections (node:internal/process/task_queues:105:5)
    at async main (/mnt/hdd/safer-reproduction-kit/safer/src/script.ts:101:5) {
  status: 1,
  signal: null,
  output: [ null, null, null ],
  pid: 1353852,
  stdout: null,
  stderr: null
}
Error executing command: Error: Command failed: /mnt/hdd/safer-reproduction-kit/safer/src/runners/maven/run-maven-build.sh true /mnt/hdd/safer-reproduction-kit/workstation/maven/collabH_flink-connector-kudu false
    at genericNodeError (node:internal/errors:983:15)
    at wrappedFn (node:internal/errors:537:14)
    at checkExecSyncError (node:child_process:882:11)
    at execSync (node:child_process:954:15)
    at execCommand (/mnt/hdd/safer-reproduction-kit/safer/src/utils/execCommand.ts:7:5)
    at Object.runMavenBuild (/mnt/hdd/safer-reproduction-kit/safer/src/runners/maven/maven-runner.ts:14:5)
    at updateDependenciesInPom (/mnt/hdd/safer-reproduction-kit/safer/src/runners/maven/script.ts:119:21)
    at runForMaven (/mnt/hdd/safer-reproduction-kit/safer/src/runners/maven/script.ts:73:31)
    at process.processTicksAndRejections (node:internal/process/task_queues:105:5)
    at async main (/mnt/hdd/safer-reproduction-kit/safer/src/script.ts:101:5) {
  status: 1,
  signal: null,
  output: [ null, null, null ],
  pid: 1354135,
  stdout: null,
  stderr: null
}
Error executing command: Error: Command failed: /mnt/hdd/safer-reproduction-kit/safer/src/runners/maven/run-maven-build.sh true /mnt/hdd/safer-reproduction-kit/workstation/maven/collabH_flink-connector-kudu false
    at genericNodeError (node:internal/errors:983:15)
    at wrappedFn (node:internal/errors:537:14)
    at checkExecSyncError (node:child_process:882:11)
    at execSync (node:child_process:954:15)
    at execCommand (/mnt/hdd/safer-reproduction-kit/safer/src/utils/execCommand.ts:7:5)
    at Object.runMavenBuild (/mnt/hdd/safer-reproduction-kit/safer/src/runners/maven/maven-runner.ts:14:5)
    at updateDependenciesInPom (/mnt/hdd/safer-reproduction-kit/safer/src/runners/maven/script.ts:119:21)
    at runForMaven (/mnt/hdd/safer-reproduction-kit/safer/src/runners/maven/script.ts:73:31)
    at process.processTicksAndRejections (node:internal/process/task_queues:105:5)
    at async main (/mnt/hdd/safer-reproduction-kit/safer/src/script.ts:101:5) {
  status: 1,
  signal: null,
  output: [ null, null, null ],
  pid: 1354573,
  stdout: null,
  stderr: null
}
Error executing command: Error: Command failed: /mnt/hdd/safer-reproduction-kit/safer/src/runners/maven/run-maven-build.sh true /mnt/hdd/safer-reproduction-kit/workstation/maven/collabH_flink-connector-kudu false
    at genericNodeError (node:internal/errors:983:15)
    at wrappedFn (node:internal/errors:537:14)
    at checkExecSyncError (node:child_process:882:11)
    at execSync (node:child_process:954:15)
    at execCommand (/mnt/hdd/safer-reproduction-kit/safer/src/utils/execCommand.ts:7:5)
    at Object.runMavenBuild (/mnt/hdd/safer-reproduction-kit/safer/src/runners/maven/maven-runner.ts:14:5)
    at updateDependenciesInPom (/mnt/hdd/safer-reproduction-kit/safer/src/runners/maven/script.ts:119:21)
    at runForMaven (/mnt/hdd/safer-reproduction-kit/safer/src/runners/maven/script.ts:73:31)
    at process.processTicksAndRejections (node:internal/process/task_queues:105:5)
    at async main (/mnt/hdd/safer-reproduction-kit/safer/src/script.ts:101:5) {
  status: 1,
  signal: null,
  output: [ null, null, null ],
  pid: 1354884,
  stdout: null,
  stderr: null
}
Error executing command: Error: Command failed: /mnt/hdd/safer-reproduction-kit/safer/src/runners/maven/run-maven-build.sh true /mnt/hdd/safer-reproduction-kit/workstation/maven/collabH_flink-connector-kudu false
    at genericNodeError (node:internal/errors:983:15)
    at wrappedFn (node:internal/errors:537:14)
    at checkExecSyncError (node:child_process:882:11)
    at execSync (node:child_process:954:15)
    at execCommand (/mnt/hdd/safer-reproduction-kit/safer/src/utils/execCommand.ts:7:5)
    at Object.runMavenBuild (/mnt/hdd/safer-reproduction-kit/safer/src/runners/maven/maven-runner.ts:14:5)
    at updateDependenciesInPom (/mnt/hdd/safer-reproduction-kit/safer/src/runners/maven/script.ts:119:21)
    at runForMaven (/mnt/hdd/safer-reproduction-kit/safer/src/runners/maven/script.ts:73:31)
    at process.processTicksAndRejections (node:internal/process/task_queues:105:5)
    at async main (/mnt/hdd/safer-reproduction-kit/safer/src/script.ts:101:5) {
  status: 1,
  signal: null,
  output: [ null, null, null ],
  pid: 1355257,
  stdout: null,
  stderr: null
}
Error executing command: Error: Command failed: /mnt/hdd/safer-reproduction-kit/safer/src/runners/maven/run-maven-build.sh true /mnt/hdd/safer-reproduction-kit/workstation/maven/collabH_flink-connector-kudu false
    at genericNodeError (node:internal/errors:983:15)
    at wrappedFn (node:internal/errors:537:14)
    at checkExecSyncError (node:child_process:882:11)
    at execSync (node:child_process:954:15)
    at execCommand (/mnt/hdd/safer-reproduction-kit/safer/src/utils/execCommand.ts:7:5)
    at Object.runMavenBuild (/mnt/hdd/safer-reproduction-kit/safer/src/runners/maven/maven-runner.ts:14:5)
    at updateDependenciesInPom (/mnt/hdd/safer-reproduction-kit/safer/src/runners/maven/script.ts:119:21)
    at runForMaven (/mnt/hdd/safer-reproduction-kit/safer/src/runners/maven/script.ts:73:31)
    at process.processTicksAndRejections (node:internal/process/task_queues:105:5)
    at async main (/mnt/hdd/safer-reproduction-kit/safer/src/script.ts:101:5) {
  status: 1,
  signal: null,
  output: [ null, null, null ],
  pid: 1355710,
  stdout: null,
  stderr: null
}
Error executing command: Error: Command failed: /mnt/hdd/safer-reproduction-kit/safer/src/runners/maven/run-maven-build.sh true /mnt/hdd/safer-reproduction-kit/workstation/maven/collabH_flink-connector-kudu false
    at genericNodeError (node:internal/errors:983:15)
    at wrappedFn (node:internal/errors:537:14)
    at checkExecSyncError (node:child_process:882:11)
    at execSync (node:child_process:954:15)
    at execCommand (/mnt/hdd/safer-reproduction-kit/safer/src/utils/execCommand.ts:7:5)
    at Object.runMavenBuild (/mnt/hdd/safer-reproduction-kit/safer/src/runners/maven/maven-runner.ts:14:5)
    at updateDependenciesInPom (/mnt/hdd/safer-reproduction-kit/safer/src/runners/maven/script.ts:119:21)
    at runForMaven (/mnt/hdd/safer-reproduction-kit/safer/src/runners/maven/script.ts:73:31)
    at process.processTicksAndRejections (node:internal/process/task_queues:105:5)
    at async main (/mnt/hdd/safer-reproduction-kit/safer/src/script.ts:101:5) {
  status: 1,
  signal: null,
  output: [ null, null, null ],
  pid: 1356222,
  stdout: null,
  stderr: null
}
Error executing command: Error: Command failed: /mnt/hdd/safer-reproduction-kit/safer/src/runners/maven/run-maven-build.sh true /mnt/hdd/safer-reproduction-kit/workstation/maven/collabH_flink-connector-kudu false
    at genericNodeError (node:internal/errors:983:15)
    at wrappedFn (node:internal/errors:537:14)
    at checkExecSyncError (node:child_process:882:11)
    at execSync (node:child_process:954:15)
    at execCommand (/mnt/hdd/safer-reproduction-kit/safer/src/utils/execCommand.ts:7:5)
    at Object.runMavenBuild (/mnt/hdd/safer-reproduction-kit/safer/src/runners/maven/maven-runner.ts:14:5)
    at updateDependenciesInPom (/mnt/hdd/safer-reproduction-kit/safer/src/runners/maven/script.ts:119:21)
    at runForMaven (/mnt/hdd/safer-reproduction-kit/safer/src/runners/maven/script.ts:73:31)
    at process.processTicksAndRejections (node:internal/process/task_queues:105:5)
    at async main (/mnt/hdd/safer-reproduction-kit/safer/src/script.ts:101:5) {
  status: 1,
  signal: null,
  output: [ null, null, null ],
  pid: 1356601,
  stdout: null,
  stderr: null
}
Error executing command: Error: Command failed: /mnt/hdd/safer-reproduction-kit/safer/src/runners/maven/run-maven-build.sh true /mnt/hdd/safer-reproduction-kit/workstation/maven/collabH_flink-connector-kudu false
    at genericNodeError (node:internal/errors:983:15)
    at wrappedFn (node:internal/errors:537:14)
    at checkExecSyncError (node:child_process:882:11)
    at execSync (node:child_process:954:15)
    at execCommand (/mnt/hdd/safer-reproduction-kit/safer/src/utils/execCommand.ts:7:5)
    at Object.runMavenBuild (/mnt/hdd/safer-reproduction-kit/safer/src/runners/maven/maven-runner.ts:14:5)
    at updateDependenciesInPom (/mnt/hdd/safer-reproduction-kit/safer/src/runners/maven/script.ts:119:21)
    at runForMaven (/mnt/hdd/safer-reproduction-kit/safer/src/runners/maven/script.ts:73:31)
    at process.processTicksAndRejections (node:internal/process/task_queues:105:5)
    at async main (/mnt/hdd/safer-reproduction-kit/safer/src/script.ts:101:5) {
  status: 1,
  signal: null,
  output: [ null, null, null ],
  pid: 1357124,
  stdout: null,
  stderr: null
}
Error executing command: Error: Command failed: /mnt/hdd/safer-reproduction-kit/safer/src/runners/maven/run-maven-build.sh true /mnt/hdd/safer-reproduction-kit/workstation/maven/collabH_flink-connector-kudu false
    at genericNodeError (node:internal/errors:983:15)
    at wrappedFn (node:internal/errors:537:14)
    at checkExecSyncError (node:child_process:882:11)
    at execSync (node:child_process:954:15)
    at execCommand (/mnt/hdd/safer-reproduction-kit/safer/src/utils/execCommand.ts:7:5)
    at Object.runMavenBuild (/mnt/hdd/safer-reproduction-kit/safer/src/runners/maven/maven-runner.ts:14:5)
    at updateDependenciesInPom (/mnt/hdd/safer-reproduction-kit/safer/src/runners/maven/script.ts:119:21)
    at runForMaven (/mnt/hdd/safer-reproduction-kit/safer/src/runners/maven/script.ts:73:31)
    at process.processTicksAndRejections (node:internal/process/task_queues:105:5)
    at async main (/mnt/hdd/safer-reproduction-kit/safer/src/script.ts:101:5) {
  status: 1,
  signal: null,
  output: [ null, null, null ],
  pid: 1357573,
  stdout: null,
  stderr: null
}
Error executing command: Error: Command failed: /mnt/hdd/safer-reproduction-kit/safer/src/runners/maven/run-maven-build.sh true /mnt/hdd/safer-reproduction-kit/workstation/maven/collabH_flink-connector-kudu false
    at genericNodeError (node:internal/errors:983:15)
    at wrappedFn (node:internal/errors:537:14)
    at checkExecSyncError (node:child_process:882:11)
    at execSync (node:child_process:954:15)
    at execCommand (/mnt/hdd/safer-reproduction-kit/safer/src/utils/execCommand.ts:7:5)
    at Object.runMavenBuild (/mnt/hdd/safer-reproduction-kit/safer/src/runners/maven/maven-runner.ts:14:5)
    at updateDependenciesInPom (/mnt/hdd/safer-reproduction-kit/safer/src/runners/maven/script.ts:119:21)
    at runForMaven (/mnt/hdd/safer-reproduction-kit/safer/src/runners/maven/script.ts:73:31)
    at process.processTicksAndRejections (node:internal/process/task_queues:105:5)
    at async main (/mnt/hdd/safer-reproduction-kit/safer/src/script.ts:101:5) {
  status: 1,
  signal: null,
  output: [ null, null, null ],
  pid: 1357931,
  stdout: null,
  stderr: null
}
Error executing command: Error: Command failed: /mnt/hdd/safer-reproduction-kit/safer/src/runners/maven/run-maven-build.sh true /mnt/hdd/safer-reproduction-kit/workstation/maven/collabH_flink-connector-kudu false
    at genericNodeError (node:internal/errors:983:15)
    at wrappedFn (node:internal/errors:537:14)
    at checkExecSyncError (node:child_process:882:11)
    at execSync (node:child_process:954:15)
    at execCommand (/mnt/hdd/safer-reproduction-kit/safer/src/utils/execCommand.ts:7:5)
    at Object.runMavenBuild (/mnt/hdd/safer-reproduction-kit/safer/src/runners/maven/maven-runner.ts:14:5)
    at updateDependenciesInPom (/mnt/hdd/safer-reproduction-kit/safer/src/runners/maven/script.ts:119:21)
    at runForMaven (/mnt/hdd/safer-reproduction-kit/safer/src/runners/maven/script.ts:73:31)
    at process.processTicksAndRejections (node:internal/process/task_queues:105:5)
    at async main (/mnt/hdd/safer-reproduction-kit/safer/src/script.ts:101:5) {
  status: 1,
  signal: null,
  output: [ null, null, null ],
  pid: 1358298,
  stdout: null,
  stderr: null
}
Error executing command: Error: Command failed: /mnt/hdd/safer-reproduction-kit/safer/src/runners/maven/run-maven-build.sh true /mnt/hdd/safer-reproduction-kit/workstation/maven/collabH_flink-connector-kudu false
    at genericNodeError (node:internal/errors:983:15)
    at wrappedFn (node:internal/errors:537:14)
    at checkExecSyncError (node:child_process:882:11)
    at execSync (node:child_process:954:15)
    at execCommand (/mnt/hdd/safer-reproduction-kit/safer/src/utils/execCommand.ts:7:5)
    at Object.runMavenBuild (/mnt/hdd/safer-reproduction-kit/safer/src/runners/maven/maven-runner.ts:14:5)
    at updateDependenciesInPom (/mnt/hdd/safer-reproduction-kit/safer/src/runners/maven/script.ts:119:21)
    at runForMaven (/mnt/hdd/safer-reproduction-kit/safer/src/runners/maven/script.ts:73:31)
    at process.processTicksAndRejections (node:internal/process/task_queues:105:5)
    at async main (/mnt/hdd/safer-reproduction-kit/safer/src/script.ts:101:5) {
  status: 1,
  signal: null,
  output: [ null, null, null ],
  pid: 1358749,
  stdout: null,
  stderr: null
}
Error executing command: Error: Command failed: /mnt/hdd/safer-reproduction-kit/safer/src/runners/maven/run-maven-build.sh true /mnt/hdd/safer-reproduction-kit/workstation/maven/collabH_flink-connector-kudu false
    at genericNodeError (node:internal/errors:983:15)
    at wrappedFn (node:internal/errors:537:14)
    at checkExecSyncError (node:child_process:882:11)
    at execSync (node:child_process:954:15)
    at execCommand (/mnt/hdd/safer-reproduction-kit/safer/src/utils/execCommand.ts:7:5)
    at Object.runMavenBuild (/mnt/hdd/safer-reproduction-kit/safer/src/runners/maven/maven-runner.ts:14:5)
    at updateDependenciesInPom (/mnt/hdd/safer-reproduction-kit/safer/src/runners/maven/script.ts:119:21)
    at runForMaven (/mnt/hdd/safer-reproduction-kit/safer/src/runners/maven/script.ts:73:31)
    at process.processTicksAndRejections (node:internal/process/task_queues:105:5)
    at async main (/mnt/hdd/safer-reproduction-kit/safer/src/script.ts:101:5) {
  status: 1,
  signal: null,
  output: [ null, null, null ],
  pid: 1358976,
  stdout: null,
  stderr: null
}
Error executing command: Error: Command failed: /mnt/hdd/safer-reproduction-kit/safer/src/runners/maven/run-maven-build.sh true /mnt/hdd/safer-reproduction-kit/workstation/maven/collabH_flink-connector-kudu false
    at genericNodeError (node:internal/errors:983:15)
    at wrappedFn (node:internal/errors:537:14)
    at checkExecSyncError (node:child_process:882:11)
    at execSync (node:child_process:954:15)
    at execCommand (/mnt/hdd/safer-reproduction-kit/safer/src/utils/execCommand.ts:7:5)
    at Object.runMavenBuild (/mnt/hdd/safer-reproduction-kit/safer/src/runners/maven/maven-runner.ts:14:5)
    at updateDependenciesInPom (/mnt/hdd/safer-reproduction-kit/safer/src/runners/maven/script.ts:119:21)
    at runForMaven (/mnt/hdd/safer-reproduction-kit/safer/src/runners/maven/script.ts:73:31)
    at process.processTicksAndRejections (node:internal/process/task_queues:105:5)
    at async main (/mnt/hdd/safer-reproduction-kit/safer/src/script.ts:101:5) {
  status: 1,
  signal: null,
  output: [ null, null, null ],
  pid: 1359285,
  stdout: null,
  stderr: null
}
Error executing command: Error: Command failed: /mnt/hdd/safer-reproduction-kit/safer/src/runners/maven/run-maven-build.sh true /mnt/hdd/safer-reproduction-kit/workstation/maven/collabH_flink-connector-kudu false
    at genericNodeError (node:internal/errors:983:15)
    at wrappedFn (node:internal/errors:537:14)
    at checkExecSyncError (node:child_process:882:11)
    at execSync (node:child_process:954:15)
    at execCommand (/mnt/hdd/safer-reproduction-kit/safer/src/utils/execCommand.ts:7:5)
    at Object.runMavenBuild (/mnt/hdd/safer-reproduction-kit/safer/src/runners/maven/maven-runner.ts:14:5)
    at updateDependenciesInPom (/mnt/hdd/safer-reproduction-kit/safer/src/runners/maven/script.ts:119:21)
    at runForMaven (/mnt/hdd/safer-reproduction-kit/safer/src/runners/maven/script.ts:73:31)
    at process.processTicksAndRejections (node:internal/process/task_queues:105:5)
    at async main (/mnt/hdd/safer-reproduction-kit/safer/src/script.ts:101:5) {
  status: 1,
  signal: null,
  output: [ null, null, null ],
  pid: 1359575,
  stdout: null,
  stderr: null
}
Error executing command: Error: Command failed: /mnt/hdd/safer-reproduction-kit/safer/src/runners/maven/run-maven-build.sh true /mnt/hdd/safer-reproduction-kit/workstation/maven/collabH_flink-connector-kudu false
    at genericNodeError (node:internal/errors:983:15)
    at wrappedFn (node:internal/errors:537:14)
    at checkExecSyncError (node:child_process:882:11)
    at execSync (node:child_process:954:15)
    at execCommand (/mnt/hdd/safer-reproduction-kit/safer/src/utils/execCommand.ts:7:5)
    at Object.runMavenBuild (/mnt/hdd/safer-reproduction-kit/safer/src/runners/maven/maven-runner.ts:14:5)
    at updateDependenciesInPom (/mnt/hdd/safer-reproduction-kit/safer/src/runners/maven/script.ts:119:21)
    at runForMaven (/mnt/hdd/safer-reproduction-kit/safer/src/runners/maven/script.ts:73:31)
    at process.processTicksAndRejections (node:internal/process/task_queues:105:5)
    at async main (/mnt/hdd/safer-reproduction-kit/safer/src/script.ts:101:5) {
  status: 1,
  signal: null,
  output: [ null, null, null ],
  pid: 1359825,
  stdout: null,
  stderr: null
}
Error executing command: Error: Command failed: /mnt/hdd/safer-reproduction-kit/safer/src/runners/maven/run-maven-build.sh true /mnt/hdd/safer-reproduction-kit/workstation/maven/collabH_flink-connector-kudu false
    at genericNodeError (node:internal/errors:983:15)
    at wrappedFn (node:internal/errors:537:14)
    at checkExecSyncError (node:child_process:882:11)
    at execSync (node:child_process:954:15)
    at execCommand (/mnt/hdd/safer-reproduction-kit/safer/src/utils/execCommand.ts:7:5)
    at Object.runMavenBuild (/mnt/hdd/safer-reproduction-kit/safer/src/runners/maven/maven-runner.ts:14:5)
    at updateDependenciesInPom (/mnt/hdd/safer-reproduction-kit/safer/src/runners/maven/script.ts:119:21)
    at runForMaven (/mnt/hdd/safer-reproduction-kit/safer/src/runners/maven/script.ts:73:31)
    at process.processTicksAndRejections (node:internal/process/task_queues:105:5)
    at async main (/mnt/hdd/safer-reproduction-kit/safer/src/script.ts:101:5) {
  status: 1,
  signal: null,
  output: [ null, null, null ],
  pid: 1360068,
  stdout: null,
  stderr: null
}
Error executing command: Error: Command failed: /mnt/hdd/safer-reproduction-kit/safer/src/runners/maven/run-maven-build.sh true /mnt/hdd/safer-reproduction-kit/workstation/maven/collabH_flink-connector-kudu false
    at genericNodeError (node:internal/errors:983:15)
    at wrappedFn (node:internal/errors:537:14)
    at checkExecSyncError (node:child_process:882:11)
    at execSync (node:child_process:954:15)
    at execCommand (/mnt/hdd/safer-reproduction-kit/safer/src/utils/execCommand.ts:7:5)
    at Object.runMavenBuild (/mnt/hdd/safer-reproduction-kit/safer/src/runners/maven/maven-runner.ts:14:5)
    at updateDependenciesInPom (/mnt/hdd/safer-reproduction-kit/safer/src/runners/maven/script.ts:119:21)
    at runForMaven (/mnt/hdd/safer-reproduction-kit/safer/src/runners/maven/script.ts:73:31)
    at process.processTicksAndRejections (node:internal/process/task_queues:105:5)
    at async main (/mnt/hdd/safer-reproduction-kit/safer/src/script.ts:101:5) {
  status: 1,
  signal: null,
  output: [ null, null, null ],
  pid: 1360299,
  stdout: null,
  stderr: null
}
Error executing command: Error: Command failed: /mnt/hdd/safer-reproduction-kit/safer/src/runners/maven/run-maven-build.sh true /mnt/hdd/safer-reproduction-kit/workstation/maven/collabH_flink-connector-kudu false
    at genericNodeError (node:internal/errors:983:15)
    at wrappedFn (node:internal/errors:537:14)
    at checkExecSyncError (node:child_process:882:11)
    at execSync (node:child_process:954:15)
    at execCommand (/mnt/hdd/safer-reproduction-kit/safer/src/utils/execCommand.ts:7:5)
    at Object.runMavenBuild (/mnt/hdd/safer-reproduction-kit/safer/src/runners/maven/maven-runner.ts:14:5)
    at updateDependenciesInPom (/mnt/hdd/safer-reproduction-kit/safer/src/runners/maven/script.ts:119:21)
    at runForMaven (/mnt/hdd/safer-reproduction-kit/safer/src/runners/maven/script.ts:73:31)
    at process.processTicksAndRejections (node:internal/process/task_queues:105:5)
    at async main (/mnt/hdd/safer-reproduction-kit/safer/src/script.ts:101:5) {
  status: 1,
  signal: null,
  output: [ null, null, null ],
  pid: 1360531,
  stdout: null,
  stderr: null
}
Error executing command: Error: Command failed: /mnt/hdd/safer-reproduction-kit/safer/src/runners/maven/run-maven-build.sh true /mnt/hdd/safer-reproduction-kit/workstation/maven/collabH_flink-connector-kudu false
    at genericNodeError (node:internal/errors:983:15)
    at wrappedFn (node:internal/errors:537:14)
    at checkExecSyncError (node:child_process:882:11)
    at execSync (node:child_process:954:15)
    at execCommand (/mnt/hdd/safer-reproduction-kit/safer/src/utils/execCommand.ts:7:5)
    at Object.runMavenBuild (/mnt/hdd/safer-reproduction-kit/safer/src/runners/maven/maven-runner.ts:14:5)
    at updateDependenciesInPom (/mnt/hdd/safer-reproduction-kit/safer/src/runners/maven/script.ts:119:21)
    at runForMaven (/mnt/hdd/safer-reproduction-kit/safer/src/runners/maven/script.ts:73:31)
    at process.processTicksAndRejections (node:internal/process/task_queues:105:5)
    at async main (/mnt/hdd/safer-reproduction-kit/safer/src/script.ts:101:5) {
  status: 1,
  signal: null,
  output: [ null, null, null ],
  pid: 1360830,
  stdout: null,
  stderr: null
}
Error executing command: Error: Command failed: /mnt/hdd/safer-reproduction-kit/safer/src/runners/maven/run-maven-build.sh true /mnt/hdd/safer-reproduction-kit/workstation/maven/collabH_flink-connector-kudu false
    at genericNodeError (node:internal/errors:983:15)
    at wrappedFn (node:internal/errors:537:14)
    at checkExecSyncError (node:child_process:882:11)
    at execSync (node:child_process:954:15)
    at execCommand (/mnt/hdd/safer-reproduction-kit/safer/src/utils/execCommand.ts:7:5)
    at Object.runMavenBuild (/mnt/hdd/safer-reproduction-kit/safer/src/runners/maven/maven-runner.ts:14:5)
    at updateDependenciesInPom (/mnt/hdd/safer-reproduction-kit/safer/src/runners/maven/script.ts:119:21)
    at runForMaven (/mnt/hdd/safer-reproduction-kit/safer/src/runners/maven/script.ts:73:31)
    at process.processTicksAndRejections (node:internal/process/task_queues:105:5)
    at async main (/mnt/hdd/safer-reproduction-kit/safer/src/script.ts:101:5) {
  status: 1,
  signal: null,
  output: [ null, null, null ],
  pid: 1361207,
  stdout: null,
  stderr: null
}
Error executing command: Error: Command failed: /mnt/hdd/safer-reproduction-kit/safer/src/runners/maven/run-maven-build.sh true /mnt/hdd/safer-reproduction-kit/workstation/maven/collabH_flink-connector-kudu false
    at genericNodeError (node:internal/errors:983:15)
    at wrappedFn (node:internal/errors:537:14)
    at checkExecSyncError (node:child_process:882:11)
    at execSync (node:child_process:954:15)
    at execCommand (/mnt/hdd/safer-reproduction-kit/safer/src/utils/execCommand.ts:7:5)
    at Object.runMavenBuild (/mnt/hdd/safer-reproduction-kit/safer/src/runners/maven/maven-runner.ts:14:5)
    at updateDependenciesInPom (/mnt/hdd/safer-reproduction-kit/safer/src/runners/maven/script.ts:119:21)
    at runForMaven (/mnt/hdd/safer-reproduction-kit/safer/src/runners/maven/script.ts:73:31)
    at process.processTicksAndRejections (node:internal/process/task_queues:105:5)
    at async main (/mnt/hdd/safer-reproduction-kit/safer/src/script.ts:101:5) {
  status: 1,
  signal: null,
  output: [ null, null, null ],
  pid: 1361437,
  stdout: null,
  stderr: null
}
Error executing command: Error: Command failed: /mnt/hdd/safer-reproduction-kit/safer/src/runners/maven/run-maven-build.sh true /mnt/hdd/safer-reproduction-kit/workstation/maven/collabH_flink-connector-kudu false
    at genericNodeError (node:internal/errors:983:15)
    at wrappedFn (node:internal/errors:537:14)
    at checkExecSyncError (node:child_process:882:11)
    at execSync (node:child_process:954:15)
    at execCommand (/mnt/hdd/safer-reproduction-kit/safer/src/utils/execCommand.ts:7:5)
    at Object.runMavenBuild (/mnt/hdd/safer-reproduction-kit/safer/src/runners/maven/maven-runner.ts:14:5)
    at updateDependenciesInPom (/mnt/hdd/safer-reproduction-kit/safer/src/runners/maven/script.ts:119:21)
    at runForMaven (/mnt/hdd/safer-reproduction-kit/safer/src/runners/maven/script.ts:73:31)
    at process.processTicksAndRejections (node:internal/process/task_queues:105:5)
    at async main (/mnt/hdd/safer-reproduction-kit/safer/src/script.ts:101:5) {
  status: 1,
  signal: null,
  output: [ null, null, null ],
  pid: 1361683,
  stdout: null,
  stderr: null
}
Error executing command: Error: Command failed: /mnt/hdd/safer-reproduction-kit/safer/src/runners/maven/run-maven-build.sh true /mnt/hdd/safer-reproduction-kit/workstation/maven/collabH_flink-connector-kudu false
    at genericNodeError (node:internal/errors:983:15)
    at wrappedFn (node:internal/errors:537:14)
    at checkExecSyncError (node:child_process:882:11)
    at execSync (node:child_process:954:15)
    at execCommand (/mnt/hdd/safer-reproduction-kit/safer/src/utils/execCommand.ts:7:5)
    at Object.runMavenBuild (/mnt/hdd/safer-reproduction-kit/safer/src/runners/maven/maven-runner.ts:14:5)
    at updateDependenciesInPom (/mnt/hdd/safer-reproduction-kit/safer/src/runners/maven/script.ts:119:21)
    at runForMaven (/mnt/hdd/safer-reproduction-kit/safer/src/runners/maven/script.ts:73:31)
    at process.processTicksAndRejections (node:internal/process/task_queues:105:5)
    at async main (/mnt/hdd/safer-reproduction-kit/safer/src/script.ts:101:5) {
  status: 1,
  signal: null,
  output: [ null, null, null ],
  pid: 1361920,
  stdout: null,
  stderr: null
}
Error executing command: Error: Command failed: /mnt/hdd/safer-reproduction-kit/safer/src/runners/maven/run-maven-build.sh true /mnt/hdd/safer-reproduction-kit/workstation/maven/collabH_flink-connector-kudu false
    at genericNodeError (node:internal/errors:983:15)
    at wrappedFn (node:internal/errors:537:14)
    at checkExecSyncError (node:child_process:882:11)
    at execSync (node:child_process:954:15)
    at execCommand (/mnt/hdd/safer-reproduction-kit/safer/src/utils/execCommand.ts:7:5)
    at Object.runMavenBuild (/mnt/hdd/safer-reproduction-kit/safer/src/runners/maven/maven-runner.ts:14:5)
    at updateDependenciesInPom (/mnt/hdd/safer-reproduction-kit/safer/src/runners/maven/script.ts:119:21)
    at runForMaven (/mnt/hdd/safer-reproduction-kit/safer/src/runners/maven/script.ts:73:31)
    at process.processTicksAndRejections (node:internal/process/task_queues:105:5)
    at async main (/mnt/hdd/safer-reproduction-kit/safer/src/script.ts:101:5) {
  status: 1,
  signal: null,
  output: [ null, null, null ],
  pid: 1362224,
  stdout: null,
  stderr: null
}
Dependency org.apache.flink:flink-clients_2.11 not found in POM.
