#0 building with "default" instance using docker driver

#1 [internal] load build definition from Dockerfile
#1 transferring dockerfile: 790B done
#1 DONE 0.0s

#2 [internal] load metadata for docker.io/library/eclipse-temurin:8-jdk-jammy
#2 DONE 0.5s

#3 [internal] load .dockerignore
#3 transferring context: 2B done
#3 DONE 0.0s

#4 [1/3] FROM docker.io/library/eclipse-temurin:8-jdk-jammy@sha256:d852f567085d2e50c12526fccd4c51b6503eb9f82b2c521b6c6053339f951abd
#4 DONE 0.0s

#5 [2/3] RUN mkdir -p /usr/share/maven    && curl -fsSL https://dlcdn.apache.org/maven/maven-3/3.8.8/binaries/apache-maven-3.8.8-bin.tar.gz    | tar -xzC /usr/share/maven --strip-components=1    && ln -s /usr/share/maven/bin/mvn /usr/bin/mvn
#5 CACHED

#6 [3/3] WORKDIR /app
#6 CACHED

#7 exporting to image
#7 exporting layers done
#7 writing image sha256:4c34227c0cdf990e52b7bdb3227e6d12bd3386410f2a77b4e50378b96d26c06c done
#7 naming to docker.io/library/java-setup-8 done
#7 DONE 0.0s

 [33m3 warnings found (use docker --debug to expand):
[0m - LegacyKeyValueFormat: "ENV key=value" should be used instead of legacy "ENV key value" format (line 5)
 - LegacyKeyValueFormat: "ENV key=value" should be used instead of legacy "ENV key value" format (line 6)
 - LegacyKeyValueFormat: "ENV key=value" should be used instead of legacy "ENV key value" format (line 7)
Jun 19, 2025 3:30:41 PM io.vertx.core.impl.ContextImpl
SEVERE: Unhandled exception
java.lang.AssertionError: Test failed
	at io.vertx.ext.unit.impl.TestContextImpl.reportAssertionError(TestContextImpl.java:362)
	at io.vertx.ext.unit.impl.TestContextImpl.fail(TestContextImpl.java:230)
	at io.vertx.ext.unit.impl.TestContextImpl.fail(TestContextImpl.java:226)
	at ma.luan.yiyan.service.LogServiceTest.lambda$testLogService$3(LogServiceTest.java:58)
	at io.vertx.core.eventbus.impl.EventBusImpl.lambda$convertHandler$3(EventBusImpl.java:348)
	at io.vertx.core.eventbus.impl.HandlerRegistration.deliver(HandlerRegistration.java:264)
	at io.vertx.core.eventbus.impl.HandlerRegistration.handle(HandlerRegistration.java:242)
	at io.vertx.core.eventbus.impl.EventBusImpl$InboundDeliveryContext.next(EventBusImpl.java:565)
	at io.vertx.core.eventbus.impl.EventBusImpl.lambda$deliverToHandler$5(EventBusImpl.java:524)
	at io.vertx.core.impl.ContextImpl.executeTask(ContextImpl.java:320)
	at io.vertx.core.impl.EventLoopContext.lambda$executeAsync$0(EventLoopContext.java:38)
	at io.netty.util.concurrent.AbstractEventExecutor.safeExecute(AbstractEventExecutor.java:163)
	at io.netty.util.concurrent.SingleThreadEventExecutor.runAllTasks(SingleThreadEventExecutor.java:404)
	at io.netty.channel.nio.NioEventLoop.run(NioEventLoop.java:462)
	at io.netty.util.concurrent.SingleThreadEventExecutor$5.run(SingleThreadEventExecutor.java:897)
	at io.netty.util.concurrent.FastThreadLocalRunnable.run(FastThreadLocalRunnable.java:30)
	at java.lang.Thread.run(Thread.java:750)

Error executing command: Error: Command failed: /media/lsi/HDD/safer/safer-reproduction-kit/safer/src/runners/maven/run-maven-build.sh false /media/lsi/HDD/safer/safer-reproduction-kit/workstation/maven/xenv_gushici false
    at __node_internal_genericNodeError (node:internal/errors:865:15)
    at checkExecSyncError (node:child_process:890:11)
    at execSync (node:child_process:962:15)
    at execCommand (/media/lsi/HDD/safer/safer-reproduction-kit/safer/src/utils/execCommand.ts:7:5)
    at Object.runMavenBuild (/media/lsi/HDD/safer/safer-reproduction-kit/safer/src/runners/maven/maven-runner.ts:14:5)
    at runForMaven (/media/lsi/HDD/safer/safer-reproduction-kit/safer/src/runners/maven/script.ts:37:21)
    at process.processTicksAndRejections (node:internal/process/task_queues:95:5)
    at main (/media/lsi/HDD/safer/safer-reproduction-kit/safer/src/script.ts:101:5) {
  status: 1,
  signal: null,
  output: [ null, null, null ],
  pid: 2269590,
  stdout: null,
  stderr: null
}
Error executing command: Error: Command failed: /media/lsi/HDD/safer/safer-reproduction-kit/safer/src/runners/maven/run-maven-build.sh true /media/lsi/HDD/safer/safer-reproduction-kit/workstation/maven/xenv_gushici false
    at __node_internal_genericNodeError (node:internal/errors:865:15)
    at checkExecSyncError (node:child_process:890:11)
    at execSync (node:child_process:962:15)
    at execCommand (/media/lsi/HDD/safer/safer-reproduction-kit/safer/src/utils/execCommand.ts:7:5)
    at Object.runMavenBuild (/media/lsi/HDD/safer/safer-reproduction-kit/safer/src/runners/maven/maven-runner.ts:14:5)
    at updateDependenciesInPom (/media/lsi/HDD/safer/safer-reproduction-kit/safer/src/runners/maven/script.ts:119:21)
    at runForMaven (/media/lsi/HDD/safer/safer-reproduction-kit/safer/src/runners/maven/script.ts:73:31)
    at main (/media/lsi/HDD/safer/safer-reproduction-kit/safer/src/script.ts:101:5) {
  status: 1,
  signal: null,
  output: [ null, null, null ],
  pid: 2273937,
  stdout: null,
  stderr: null
}
Error executing command: Error: Command failed: /media/lsi/HDD/safer/safer-reproduction-kit/safer/src/runners/maven/run-maven-build.sh true /media/lsi/HDD/safer/safer-reproduction-kit/workstation/maven/xenv_gushici false
    at __node_internal_genericNodeError (node:internal/errors:865:15)
    at checkExecSyncError (node:child_process:890:11)
    at execSync (node:child_process:962:15)
    at execCommand (/media/lsi/HDD/safer/safer-reproduction-kit/safer/src/utils/execCommand.ts:7:5)
    at Object.runMavenBuild (/media/lsi/HDD/safer/safer-reproduction-kit/safer/src/runners/maven/maven-runner.ts:14:5)
    at updateDependenciesInPom (/media/lsi/HDD/safer/safer-reproduction-kit/safer/src/runners/maven/script.ts:119:21)
    at runForMaven (/media/lsi/HDD/safer/safer-reproduction-kit/safer/src/runners/maven/script.ts:73:31)
    at main (/media/lsi/HDD/safer/safer-reproduction-kit/safer/src/script.ts:101:5) {
  status: 1,
  signal: null,
  output: [ null, null, null ],
  pid: 2274492,
  stdout: null,
  stderr: null
}
Error executing command: Error: Command failed: /media/lsi/HDD/safer/safer-reproduction-kit/safer/src/runners/maven/run-maven-build.sh true /media/lsi/HDD/safer/safer-reproduction-kit/workstation/maven/xenv_gushici false
    at __node_internal_genericNodeError (node:internal/errors:865:15)
    at checkExecSyncError (node:child_process:890:11)
    at execSync (node:child_process:962:15)
    at execCommand (/media/lsi/HDD/safer/safer-reproduction-kit/safer/src/utils/execCommand.ts:7:5)
    at Object.runMavenBuild (/media/lsi/HDD/safer/safer-reproduction-kit/safer/src/runners/maven/maven-runner.ts:14:5)
    at updateDependenciesInPom (/media/lsi/HDD/safer/safer-reproduction-kit/safer/src/runners/maven/script.ts:119:21)
    at runForMaven (/media/lsi/HDD/safer/safer-reproduction-kit/safer/src/runners/maven/script.ts:73:31)
    at main (/media/lsi/HDD/safer/safer-reproduction-kit/safer/src/script.ts:101:5) {
  status: 1,
  signal: null,
  output: [ null, null, null ],
  pid: 2274804,
  stdout: null,
  stderr: null
}
Error executing command: Error: Command failed: /media/lsi/HDD/safer/safer-reproduction-kit/safer/src/runners/maven/run-maven-build.sh true /media/lsi/HDD/safer/safer-reproduction-kit/workstation/maven/xenv_gushici false
    at __node_internal_genericNodeError (node:internal/errors:865:15)
    at checkExecSyncError (node:child_process:890:11)
    at execSync (node:child_process:962:15)
    at execCommand (/media/lsi/HDD/safer/safer-reproduction-kit/safer/src/utils/execCommand.ts:7:5)
    at Object.runMavenBuild (/media/lsi/HDD/safer/safer-reproduction-kit/safer/src/runners/maven/maven-runner.ts:14:5)
    at updateDependenciesInPom (/media/lsi/HDD/safer/safer-reproduction-kit/safer/src/runners/maven/script.ts:119:21)
    at runForMaven (/media/lsi/HDD/safer/safer-reproduction-kit/safer/src/runners/maven/script.ts:73:31)
    at main (/media/lsi/HDD/safer/safer-reproduction-kit/safer/src/script.ts:101:5) {
  status: 1,
  signal: null,
  output: [ null, null, null ],
  pid: 2275229,
  stdout: null,
  stderr: null
}
Error executing command: Error: Command failed: /media/lsi/HDD/safer/safer-reproduction-kit/safer/src/runners/maven/run-maven-build.sh true /media/lsi/HDD/safer/safer-reproduction-kit/workstation/maven/xenv_gushici false
    at __node_internal_genericNodeError (node:internal/errors:865:15)
    at checkExecSyncError (node:child_process:890:11)
    at execSync (node:child_process:962:15)
    at execCommand (/media/lsi/HDD/safer/safer-reproduction-kit/safer/src/utils/execCommand.ts:7:5)
    at Object.runMavenBuild (/media/lsi/HDD/safer/safer-reproduction-kit/safer/src/runners/maven/maven-runner.ts:14:5)
    at updateDependenciesInPom (/media/lsi/HDD/safer/safer-reproduction-kit/safer/src/runners/maven/script.ts:119:21)
    at runForMaven (/media/lsi/HDD/safer/safer-reproduction-kit/safer/src/runners/maven/script.ts:73:31)
    at main (/media/lsi/HDD/safer/safer-reproduction-kit/safer/src/script.ts:101:5) {
  status: 1,
  signal: null,
  output: [ null, null, null ],
  pid: 2275643,
  stdout: null,
  stderr: null
}
Error executing command: Error: Command failed: /media/lsi/HDD/safer/safer-reproduction-kit/safer/src/runners/maven/run-maven-build.sh true /media/lsi/HDD/safer/safer-reproduction-kit/workstation/maven/xenv_gushici false
    at __node_internal_genericNodeError (node:internal/errors:865:15)
    at checkExecSyncError (node:child_process:890:11)
    at execSync (node:child_process:962:15)
    at execCommand (/media/lsi/HDD/safer/safer-reproduction-kit/safer/src/utils/execCommand.ts:7:5)
    at Object.runMavenBuild (/media/lsi/HDD/safer/safer-reproduction-kit/safer/src/runners/maven/maven-runner.ts:14:5)
    at updateDependenciesInPom (/media/lsi/HDD/safer/safer-reproduction-kit/safer/src/runners/maven/script.ts:119:21)
    at runForMaven (/media/lsi/HDD/safer/safer-reproduction-kit/safer/src/runners/maven/script.ts:73:31)
    at main (/media/lsi/HDD/safer/safer-reproduction-kit/safer/src/script.ts:101:5) {
  status: 1,
  signal: null,
  output: [ null, null, null ],
  pid: 2276135,
  stdout: null,
  stderr: null
}
Error executing command: Error: Command failed: /media/lsi/HDD/safer/safer-reproduction-kit/safer/src/runners/maven/run-maven-build.sh true /media/lsi/HDD/safer/safer-reproduction-kit/workstation/maven/xenv_gushici false
    at __node_internal_genericNodeError (node:internal/errors:865:15)
    at checkExecSyncError (node:child_process:890:11)
    at execSync (node:child_process:962:15)
    at execCommand (/media/lsi/HDD/safer/safer-reproduction-kit/safer/src/utils/execCommand.ts:7:5)
    at Object.runMavenBuild (/media/lsi/HDD/safer/safer-reproduction-kit/safer/src/runners/maven/maven-runner.ts:14:5)
    at updateDependenciesInPom (/media/lsi/HDD/safer/safer-reproduction-kit/safer/src/runners/maven/script.ts:119:21)
    at runForMaven (/media/lsi/HDD/safer/safer-reproduction-kit/safer/src/runners/maven/script.ts:73:31)
    at main (/media/lsi/HDD/safer/safer-reproduction-kit/safer/src/script.ts:101:5) {
  status: 1,
  signal: null,
  output: [ null, null, null ],
  pid: 2276664,
  stdout: null,
  stderr: null
}
Error executing command: Error: Command failed: /media/lsi/HDD/safer/safer-reproduction-kit/safer/src/runners/maven/run-maven-build.sh true /media/lsi/HDD/safer/safer-reproduction-kit/workstation/maven/xenv_gushici false
    at __node_internal_genericNodeError (node:internal/errors:865:15)
    at checkExecSyncError (node:child_process:890:11)
    at execSync (node:child_process:962:15)
    at execCommand (/media/lsi/HDD/safer/safer-reproduction-kit/safer/src/utils/execCommand.ts:7:5)
    at Object.runMavenBuild (/media/lsi/HDD/safer/safer-reproduction-kit/safer/src/runners/maven/maven-runner.ts:14:5)
    at updateDependenciesInPom (/media/lsi/HDD/safer/safer-reproduction-kit/safer/src/runners/maven/script.ts:119:21)
    at runForMaven (/media/lsi/HDD/safer/safer-reproduction-kit/safer/src/runners/maven/script.ts:73:31)
    at main (/media/lsi/HDD/safer/safer-reproduction-kit/safer/src/script.ts:101:5) {
  status: 1,
  signal: null,
  output: [ null, null, null ],
  pid: 2277048,
  stdout: null,
  stderr: null
}
Error executing command: Error: Command failed: /media/lsi/HDD/safer/safer-reproduction-kit/safer/src/runners/maven/run-maven-build.sh true /media/lsi/HDD/safer/safer-reproduction-kit/workstation/maven/xenv_gushici false
    at __node_internal_genericNodeError (node:internal/errors:865:15)
    at checkExecSyncError (node:child_process:890:11)
    at execSync (node:child_process:962:15)
    at execCommand (/media/lsi/HDD/safer/safer-reproduction-kit/safer/src/utils/execCommand.ts:7:5)
    at Object.runMavenBuild (/media/lsi/HDD/safer/safer-reproduction-kit/safer/src/runners/maven/maven-runner.ts:14:5)
    at updateDependenciesInPom (/media/lsi/HDD/safer/safer-reproduction-kit/safer/src/runners/maven/script.ts:119:21)
    at runForMaven (/media/lsi/HDD/safer/safer-reproduction-kit/safer/src/runners/maven/script.ts:73:31)
    at main (/media/lsi/HDD/safer/safer-reproduction-kit/safer/src/script.ts:101:5) {
  status: 1,
  signal: null,
  output: [ null, null, null ],
  pid: 2277393,
  stdout: null,
  stderr: null
}
Error executing command: Error: Command failed: /media/lsi/HDD/safer/safer-reproduction-kit/safer/src/runners/maven/run-maven-build.sh true /media/lsi/HDD/safer/safer-reproduction-kit/workstation/maven/xenv_gushici false
    at __node_internal_genericNodeError (node:internal/errors:865:15)
    at checkExecSyncError (node:child_process:890:11)
    at execSync (node:child_process:962:15)
    at execCommand (/media/lsi/HDD/safer/safer-reproduction-kit/safer/src/utils/execCommand.ts:7:5)
    at Object.runMavenBuild (/media/lsi/HDD/safer/safer-reproduction-kit/safer/src/runners/maven/maven-runner.ts:14:5)
    at updateDependenciesInPom (/media/lsi/HDD/safer/safer-reproduction-kit/safer/src/runners/maven/script.ts:119:21)
    at runForMaven (/media/lsi/HDD/safer/safer-reproduction-kit/safer/src/runners/maven/script.ts:73:31)
    at main (/media/lsi/HDD/safer/safer-reproduction-kit/safer/src/script.ts:101:5) {
  status: 1,
  signal: null,
  output: [ null, null, null ],
  pid: 2277875,
  stdout: null,
  stderr: null
}
Error executing command: Error: Command failed: /media/lsi/HDD/safer/safer-reproduction-kit/safer/src/runners/maven/run-maven-build.sh true /media/lsi/HDD/safer/safer-reproduction-kit/workstation/maven/xenv_gushici false
    at __node_internal_genericNodeError (node:internal/errors:865:15)
    at checkExecSyncError (node:child_process:890:11)
    at execSync (node:child_process:962:15)
    at execCommand (/media/lsi/HDD/safer/safer-reproduction-kit/safer/src/utils/execCommand.ts:7:5)
    at Object.runMavenBuild (/media/lsi/HDD/safer/safer-reproduction-kit/safer/src/runners/maven/maven-runner.ts:14:5)
    at updateDependenciesInPom (/media/lsi/HDD/safer/safer-reproduction-kit/safer/src/runners/maven/script.ts:119:21)
    at runForMaven (/media/lsi/HDD/safer/safer-reproduction-kit/safer/src/runners/maven/script.ts:73:31)
    at main (/media/lsi/HDD/safer/safer-reproduction-kit/safer/src/script.ts:101:5) {
  status: 1,
  signal: null,
  output: [ null, null, null ],
  pid: 2278529,
  stdout: null,
  stderr: null
}
Error executing command: Error: Command failed: /media/lsi/HDD/safer/safer-reproduction-kit/safer/src/runners/maven/run-maven-build.sh true /media/lsi/HDD/safer/safer-reproduction-kit/workstation/maven/xenv_gushici false
    at __node_internal_genericNodeError (node:internal/errors:865:15)
    at checkExecSyncError (node:child_process:890:11)
    at execSync (node:child_process:962:15)
    at execCommand (/media/lsi/HDD/safer/safer-reproduction-kit/safer/src/utils/execCommand.ts:7:5)
    at Object.runMavenBuild (/media/lsi/HDD/safer/safer-reproduction-kit/safer/src/runners/maven/maven-runner.ts:14:5)
    at updateDependenciesInPom (/media/lsi/HDD/safer/safer-reproduction-kit/safer/src/runners/maven/script.ts:119:21)
    at runForMaven (/media/lsi/HDD/safer/safer-reproduction-kit/safer/src/runners/maven/script.ts:73:31)
    at main (/media/lsi/HDD/safer/safer-reproduction-kit/safer/src/script.ts:101:5) {
  status: 1,
  signal: null,
  output: [ null, null, null ],
  pid: 2279002,
  stdout: null,
  stderr: null
}
Error executing command: Error: Command failed: /media/lsi/HDD/safer/safer-reproduction-kit/safer/src/runners/maven/run-maven-build.sh true /media/lsi/HDD/safer/safer-reproduction-kit/workstation/maven/xenv_gushici false
    at __node_internal_genericNodeError (node:internal/errors:865:15)
    at checkExecSyncError (node:child_process:890:11)
    at execSync (node:child_process:962:15)
    at execCommand (/media/lsi/HDD/safer/safer-reproduction-kit/safer/src/utils/execCommand.ts:7:5)
    at Object.runMavenBuild (/media/lsi/HDD/safer/safer-reproduction-kit/safer/src/runners/maven/maven-runner.ts:14:5)
    at updateDependenciesInPom (/media/lsi/HDD/safer/safer-reproduction-kit/safer/src/runners/maven/script.ts:119:21)
    at runForMaven (/media/lsi/HDD/safer/safer-reproduction-kit/safer/src/runners/maven/script.ts:73:31)
    at main (/media/lsi/HDD/safer/safer-reproduction-kit/safer/src/script.ts:101:5) {
  status: 1,
  signal: null,
  output: [ null, null, null ],
  pid: 2279581,
  stdout: null,
  stderr: null
}
Error executing command: Error: Command failed: /media/lsi/HDD/safer/safer-reproduction-kit/safer/src/runners/maven/run-maven-build.sh true /media/lsi/HDD/safer/safer-reproduction-kit/workstation/maven/xenv_gushici false
    at __node_internal_genericNodeError (node:internal/errors:865:15)
    at checkExecSyncError (node:child_process:890:11)
    at execSync (node:child_process:962:15)
    at execCommand (/media/lsi/HDD/safer/safer-reproduction-kit/safer/src/utils/execCommand.ts:7:5)
    at Object.runMavenBuild (/media/lsi/HDD/safer/safer-reproduction-kit/safer/src/runners/maven/maven-runner.ts:14:5)
    at updateDependenciesInPom (/media/lsi/HDD/safer/safer-reproduction-kit/safer/src/runners/maven/script.ts:119:21)
    at runForMaven (/media/lsi/HDD/safer/safer-reproduction-kit/safer/src/runners/maven/script.ts:73:31)
    at main (/media/lsi/HDD/safer/safer-reproduction-kit/safer/src/script.ts:101:5) {
  status: 1,
  signal: null,
  output: [ null, null, null ],
  pid: 2279959,
  stdout: null,
  stderr: null
}
Error executing command: Error: Command failed: /media/lsi/HDD/safer/safer-reproduction-kit/safer/src/runners/maven/run-maven-build.sh true /media/lsi/HDD/safer/safer-reproduction-kit/workstation/maven/xenv_gushici false
    at __node_internal_genericNodeError (node:internal/errors:865:15)
    at checkExecSyncError (node:child_process:890:11)
    at execSync (node:child_process:962:15)
    at execCommand (/media/lsi/HDD/safer/safer-reproduction-kit/safer/src/utils/execCommand.ts:7:5)
    at Object.runMavenBuild (/media/lsi/HDD/safer/safer-reproduction-kit/safer/src/runners/maven/maven-runner.ts:14:5)
    at updateDependenciesInPom (/media/lsi/HDD/safer/safer-reproduction-kit/safer/src/runners/maven/script.ts:119:21)
    at runForMaven (/media/lsi/HDD/safer/safer-reproduction-kit/safer/src/runners/maven/script.ts:73:31)
    at main (/media/lsi/HDD/safer/safer-reproduction-kit/safer/src/script.ts:101:5) {
  status: 1,
  signal: null,
  output: [ null, null, null ],
  pid: 2280346,
  stdout: null,
  stderr: null
}
Error executing command: Error: Command failed: /media/lsi/HDD/safer/safer-reproduction-kit/safer/src/runners/maven/run-maven-build.sh true /media/lsi/HDD/safer/safer-reproduction-kit/workstation/maven/xenv_gushici false
    at __node_internal_genericNodeError (node:internal/errors:865:15)
    at checkExecSyncError (node:child_process:890:11)
    at execSync (node:child_process:962:15)
    at execCommand (/media/lsi/HDD/safer/safer-reproduction-kit/safer/src/utils/execCommand.ts:7:5)
    at Object.runMavenBuild (/media/lsi/HDD/safer/safer-reproduction-kit/safer/src/runners/maven/maven-runner.ts:14:5)
    at updateDependenciesInPom (/media/lsi/HDD/safer/safer-reproduction-kit/safer/src/runners/maven/script.ts:119:21)
    at runForMaven (/media/lsi/HDD/safer/safer-reproduction-kit/safer/src/runners/maven/script.ts:73:31)
    at main (/media/lsi/HDD/safer/safer-reproduction-kit/safer/src/script.ts:101:5) {
  status: 1,
  signal: null,
  output: [ null, null, null ],
  pid: 2280840,
  stdout: null,
  stderr: null
}
Error executing command: Error: Command failed: /media/lsi/HDD/safer/safer-reproduction-kit/safer/src/runners/maven/run-maven-build.sh true /media/lsi/HDD/safer/safer-reproduction-kit/workstation/maven/xenv_gushici false
    at __node_internal_genericNodeError (node:internal/errors:865:15)
    at checkExecSyncError (node:child_process:890:11)
    at execSync (node:child_process:962:15)
    at execCommand (/media/lsi/HDD/safer/safer-reproduction-kit/safer/src/utils/execCommand.ts:7:5)
    at Object.runMavenBuild (/media/lsi/HDD/safer/safer-reproduction-kit/safer/src/runners/maven/maven-runner.ts:14:5)
    at updateDependenciesInPom (/media/lsi/HDD/safer/safer-reproduction-kit/safer/src/runners/maven/script.ts:119:21)
    at runForMaven (/media/lsi/HDD/safer/safer-reproduction-kit/safer/src/runners/maven/script.ts:73:31)
    at main (/media/lsi/HDD/safer/safer-reproduction-kit/safer/src/script.ts:101:5) {
  status: 1,
  signal: null,
  output: [ null, null, null ],
  pid: 2281178,
  stdout: null,
  stderr: null
}
Error executing command: Error: Command failed: /media/lsi/HDD/safer/safer-reproduction-kit/safer/src/runners/maven/run-maven-build.sh true /media/lsi/HDD/safer/safer-reproduction-kit/workstation/maven/xenv_gushici false
    at __node_internal_genericNodeError (node:internal/errors:865:15)
    at checkExecSyncError (node:child_process:890:11)
    at execSync (node:child_process:962:15)
    at execCommand (/media/lsi/HDD/safer/safer-reproduction-kit/safer/src/utils/execCommand.ts:7:5)
    at Object.runMavenBuild (/media/lsi/HDD/safer/safer-reproduction-kit/safer/src/runners/maven/maven-runner.ts:14:5)
    at updateDependenciesInPom (/media/lsi/HDD/safer/safer-reproduction-kit/safer/src/runners/maven/script.ts:119:21)
    at runForMaven (/media/lsi/HDD/safer/safer-reproduction-kit/safer/src/runners/maven/script.ts:73:31)
    at main (/media/lsi/HDD/safer/safer-reproduction-kit/safer/src/script.ts:101:5) {
  status: 1,
  signal: null,
  output: [ null, null, null ],
  pid: 2281570,
  stdout: null,
  stderr: null
}
Error executing command: Error: Command failed: /media/lsi/HDD/safer/safer-reproduction-kit/safer/src/runners/maven/run-maven-build.sh true /media/lsi/HDD/safer/safer-reproduction-kit/workstation/maven/xenv_gushici false
    at __node_internal_genericNodeError (node:internal/errors:865:15)
    at checkExecSyncError (node:child_process:890:11)
    at execSync (node:child_process:962:15)
    at execCommand (/media/lsi/HDD/safer/safer-reproduction-kit/safer/src/utils/execCommand.ts:7:5)
    at Object.runMavenBuild (/media/lsi/HDD/safer/safer-reproduction-kit/safer/src/runners/maven/maven-runner.ts:14:5)
    at updateDependenciesInPom (/media/lsi/HDD/safer/safer-reproduction-kit/safer/src/runners/maven/script.ts:119:21)
    at runForMaven (/media/lsi/HDD/safer/safer-reproduction-kit/safer/src/runners/maven/script.ts:73:31)
    at main (/media/lsi/HDD/safer/safer-reproduction-kit/safer/src/script.ts:101:5) {
  status: 1,
  signal: null,
  output: [ null, null, null ],
  pid: 2281965,
  stdout: null,
  stderr: null
}
Error executing command: Error: Command failed: /media/lsi/HDD/safer/safer-reproduction-kit/safer/src/runners/maven/run-maven-build.sh true /media/lsi/HDD/safer/safer-reproduction-kit/workstation/maven/xenv_gushici false
    at __node_internal_genericNodeError (node:internal/errors:865:15)
    at checkExecSyncError (node:child_process:890:11)
    at execSync (node:child_process:962:15)
    at execCommand (/media/lsi/HDD/safer/safer-reproduction-kit/safer/src/utils/execCommand.ts:7:5)
    at Object.runMavenBuild (/media/lsi/HDD/safer/safer-reproduction-kit/safer/src/runners/maven/maven-runner.ts:14:5)
    at updateDependenciesInPom (/media/lsi/HDD/safer/safer-reproduction-kit/safer/src/runners/maven/script.ts:119:21)
    at runForMaven (/media/lsi/HDD/safer/safer-reproduction-kit/safer/src/runners/maven/script.ts:73:31)
    at main (/media/lsi/HDD/safer/safer-reproduction-kit/safer/src/script.ts:101:5) {
  status: 1,
  signal: null,
  output: [ null, null, null ],
  pid: 2282455,
  stdout: null,
  stderr: null
}
Error executing command: Error: Command failed: /media/lsi/HDD/safer/safer-reproduction-kit/safer/src/runners/maven/run-maven-build.sh true /media/lsi/HDD/safer/safer-reproduction-kit/workstation/maven/xenv_gushici false
    at __node_internal_genericNodeError (node:internal/errors:865:15)
    at checkExecSyncError (node:child_process:890:11)
    at execSync (node:child_process:962:15)
    at execCommand (/media/lsi/HDD/safer/safer-reproduction-kit/safer/src/utils/execCommand.ts:7:5)
    at Object.runMavenBuild (/media/lsi/HDD/safer/safer-reproduction-kit/safer/src/runners/maven/maven-runner.ts:14:5)
    at updateDependenciesInPom (/media/lsi/HDD/safer/safer-reproduction-kit/safer/src/runners/maven/script.ts:119:21)
    at runForMaven (/media/lsi/HDD/safer/safer-reproduction-kit/safer/src/runners/maven/script.ts:73:31)
    at main (/media/lsi/HDD/safer/safer-reproduction-kit/safer/src/script.ts:101:5) {
  status: 1,
  signal: null,
  output: [ null, null, null ],
  pid: 2282884,
  stdout: null,
  stderr: null
}
Error executing command: Error: Command failed: /media/lsi/HDD/safer/safer-reproduction-kit/safer/src/runners/maven/run-maven-build.sh true /media/lsi/HDD/safer/safer-reproduction-kit/workstation/maven/xenv_gushici false
    at __node_internal_genericNodeError (node:internal/errors:865:15)
    at checkExecSyncError (node:child_process:890:11)
    at execSync (node:child_process:962:15)
    at execCommand (/media/lsi/HDD/safer/safer-reproduction-kit/safer/src/utils/execCommand.ts:7:5)
    at Object.runMavenBuild (/media/lsi/HDD/safer/safer-reproduction-kit/safer/src/runners/maven/maven-runner.ts:14:5)
    at updateDependenciesInPom (/media/lsi/HDD/safer/safer-reproduction-kit/safer/src/runners/maven/script.ts:119:21)
    at runForMaven (/media/lsi/HDD/safer/safer-reproduction-kit/safer/src/runners/maven/script.ts:73:31)
    at main (/media/lsi/HDD/safer/safer-reproduction-kit/safer/src/script.ts:101:5) {
  status: 1,
  signal: null,
  output: [ null, null, null ],
  pid: 2283171,
  stdout: null,
  stderr: null
}
Error executing command: Error: Command failed: /media/lsi/HDD/safer/safer-reproduction-kit/safer/src/runners/maven/run-maven-build.sh true /media/lsi/HDD/safer/safer-reproduction-kit/workstation/maven/xenv_gushici false
    at __node_internal_genericNodeError (node:internal/errors:865:15)
    at checkExecSyncError (node:child_process:890:11)
    at execSync (node:child_process:962:15)
    at execCommand (/media/lsi/HDD/safer/safer-reproduction-kit/safer/src/utils/execCommand.ts:7:5)
    at Object.runMavenBuild (/media/lsi/HDD/safer/safer-reproduction-kit/safer/src/runners/maven/maven-runner.ts:14:5)
    at updateDependenciesInPom (/media/lsi/HDD/safer/safer-reproduction-kit/safer/src/runners/maven/script.ts:119:21)
    at runForMaven (/media/lsi/HDD/safer/safer-reproduction-kit/safer/src/runners/maven/script.ts:73:31)
    at main (/media/lsi/HDD/safer/safer-reproduction-kit/safer/src/script.ts:101:5) {
  status: 1,
  signal: null,
  output: [ null, null, null ],
  pid: 2283680,
  stdout: null,
  stderr: null
}
Error executing command: Error: Command failed: /media/lsi/HDD/safer/safer-reproduction-kit/safer/src/runners/maven/run-maven-build.sh true /media/lsi/HDD/safer/safer-reproduction-kit/workstation/maven/xenv_gushici false
    at __node_internal_genericNodeError (node:internal/errors:865:15)
    at checkExecSyncError (node:child_process:890:11)
    at execSync (node:child_process:962:15)
    at execCommand (/media/lsi/HDD/safer/safer-reproduction-kit/safer/src/utils/execCommand.ts:7:5)
    at Object.runMavenBuild (/media/lsi/HDD/safer/safer-reproduction-kit/safer/src/runners/maven/maven-runner.ts:14:5)
    at updateDependenciesInPom (/media/lsi/HDD/safer/safer-reproduction-kit/safer/src/runners/maven/script.ts:119:21)
    at runForMaven (/media/lsi/HDD/safer/safer-reproduction-kit/safer/src/runners/maven/script.ts:73:31)
    at main (/media/lsi/HDD/safer/safer-reproduction-kit/safer/src/script.ts:101:5) {
  status: 1,
  signal: null,
  output: [ null, null, null ],
  pid: 2284048,
  stdout: null,
  stderr: null
}
Error executing command: Error: Command failed: /media/lsi/HDD/safer/safer-reproduction-kit/safer/src/runners/maven/run-maven-build.sh true /media/lsi/HDD/safer/safer-reproduction-kit/workstation/maven/xenv_gushici false
    at __node_internal_genericNodeError (node:internal/errors:865:15)
    at checkExecSyncError (node:child_process:890:11)
    at execSync (node:child_process:962:15)
    at execCommand (/media/lsi/HDD/safer/safer-reproduction-kit/safer/src/utils/execCommand.ts:7:5)
    at Object.runMavenBuild (/media/lsi/HDD/safer/safer-reproduction-kit/safer/src/runners/maven/maven-runner.ts:14:5)
    at updateDependenciesInPom (/media/lsi/HDD/safer/safer-reproduction-kit/safer/src/runners/maven/script.ts:119:21)
    at runForMaven (/media/lsi/HDD/safer/safer-reproduction-kit/safer/src/runners/maven/script.ts:73:31)
    at main (/media/lsi/HDD/safer/safer-reproduction-kit/safer/src/script.ts:101:5) {
  status: 1,
  signal: null,
  output: [ null, null, null ],
  pid: 2284616,
  stdout: null,
  stderr: null
}
Error executing command: Error: Command failed: /media/lsi/HDD/safer/safer-reproduction-kit/safer/src/runners/maven/run-maven-build.sh true /media/lsi/HDD/safer/safer-reproduction-kit/workstation/maven/xenv_gushici false
    at __node_internal_genericNodeError (node:internal/errors:865:15)
    at checkExecSyncError (node:child_process:890:11)
    at execSync (node:child_process:962:15)
    at execCommand (/media/lsi/HDD/safer/safer-reproduction-kit/safer/src/utils/execCommand.ts:7:5)
    at Object.runMavenBuild (/media/lsi/HDD/safer/safer-reproduction-kit/safer/src/runners/maven/maven-runner.ts:14:5)
    at updateDependenciesInPom (/media/lsi/HDD/safer/safer-reproduction-kit/safer/src/runners/maven/script.ts:119:21)
    at runForMaven (/media/lsi/HDD/safer/safer-reproduction-kit/safer/src/runners/maven/script.ts:73:31)
    at main (/media/lsi/HDD/safer/safer-reproduction-kit/safer/src/script.ts:101:5) {
  status: 1,
  signal: null,
  output: [ null, null, null ],
  pid: 2285095,
  stdout: null,
  stderr: null
}
Error executing command: Error: Command failed: /media/lsi/HDD/safer/safer-reproduction-kit/safer/src/runners/maven/run-maven-build.sh true /media/lsi/HDD/safer/safer-reproduction-kit/workstation/maven/xenv_gushici false
    at __node_internal_genericNodeError (node:internal/errors:865:15)
    at checkExecSyncError (node:child_process:890:11)
    at execSync (node:child_process:962:15)
    at execCommand (/media/lsi/HDD/safer/safer-reproduction-kit/safer/src/utils/execCommand.ts:7:5)
    at Object.runMavenBuild (/media/lsi/HDD/safer/safer-reproduction-kit/safer/src/runners/maven/maven-runner.ts:14:5)
    at updateDependenciesInPom (/media/lsi/HDD/safer/safer-reproduction-kit/safer/src/runners/maven/script.ts:119:21)
    at runForMaven (/media/lsi/HDD/safer/safer-reproduction-kit/safer/src/runners/maven/script.ts:73:31)
    at main (/media/lsi/HDD/safer/safer-reproduction-kit/safer/src/script.ts:101:5) {
  status: 1,
  signal: null,
  output: [ null, null, null ],
  pid: 2285543,
  stdout: null,
  stderr: null
}
Error executing command: Error: Command failed: /media/lsi/HDD/safer/safer-reproduction-kit/safer/src/runners/maven/run-maven-build.sh true /media/lsi/HDD/safer/safer-reproduction-kit/workstation/maven/xenv_gushici false
    at __node_internal_genericNodeError (node:internal/errors:865:15)
    at checkExecSyncError (node:child_process:890:11)
    at execSync (node:child_process:962:15)
    at execCommand (/media/lsi/HDD/safer/safer-reproduction-kit/safer/src/utils/execCommand.ts:7:5)
    at Object.runMavenBuild (/media/lsi/HDD/safer/safer-reproduction-kit/safer/src/runners/maven/maven-runner.ts:14:5)
    at updateDependenciesInPom (/media/lsi/HDD/safer/safer-reproduction-kit/safer/src/runners/maven/script.ts:119:21)
    at runForMaven (/media/lsi/HDD/safer/safer-reproduction-kit/safer/src/runners/maven/script.ts:73:31)
    at main (/media/lsi/HDD/safer/safer-reproduction-kit/safer/src/script.ts:101:5) {
  status: 1,
  signal: null,
  output: [ null, null, null ],
  pid: 2285938,
  stdout: null,
  stderr: null
}
Error executing command: Error: Command failed: /media/lsi/HDD/safer/safer-reproduction-kit/safer/src/runners/maven/run-maven-build.sh true /media/lsi/HDD/safer/safer-reproduction-kit/workstation/maven/xenv_gushici false
    at __node_internal_genericNodeError (node:internal/errors:865:15)
    at checkExecSyncError (node:child_process:890:11)
    at execSync (node:child_process:962:15)
    at execCommand (/media/lsi/HDD/safer/safer-reproduction-kit/safer/src/utils/execCommand.ts:7:5)
    at Object.runMavenBuild (/media/lsi/HDD/safer/safer-reproduction-kit/safer/src/runners/maven/maven-runner.ts:14:5)
    at updateDependenciesInPom (/media/lsi/HDD/safer/safer-reproduction-kit/safer/src/runners/maven/script.ts:119:21)
    at runForMaven (/media/lsi/HDD/safer/safer-reproduction-kit/safer/src/runners/maven/script.ts:73:31)
    at main (/media/lsi/HDD/safer/safer-reproduction-kit/safer/src/script.ts:101:5) {
  status: 1,
  signal: null,
  output: [ null, null, null ],
  pid: 2286328,
  stdout: null,
  stderr: null
}
Error executing command: Error: Command failed: /media/lsi/HDD/safer/safer-reproduction-kit/safer/src/runners/maven/run-maven-build.sh true /media/lsi/HDD/safer/safer-reproduction-kit/workstation/maven/xenv_gushici false
    at __node_internal_genericNodeError (node:internal/errors:865:15)
    at checkExecSyncError (node:child_process:890:11)
    at execSync (node:child_process:962:15)
    at execCommand (/media/lsi/HDD/safer/safer-reproduction-kit/safer/src/utils/execCommand.ts:7:5)
    at Object.runMavenBuild (/media/lsi/HDD/safer/safer-reproduction-kit/safer/src/runners/maven/maven-runner.ts:14:5)
    at updateDependenciesInPom (/media/lsi/HDD/safer/safer-reproduction-kit/safer/src/runners/maven/script.ts:119:21)
    at runForMaven (/media/lsi/HDD/safer/safer-reproduction-kit/safer/src/runners/maven/script.ts:73:31)
    at main (/media/lsi/HDD/safer/safer-reproduction-kit/safer/src/script.ts:101:5) {
  status: 1,
  signal: null,
  output: [ null, null, null ],
  pid: 2286808,
  stdout: null,
  stderr: null
}
Error executing command: Error: Command failed: /media/lsi/HDD/safer/safer-reproduction-kit/safer/src/runners/maven/run-maven-build.sh true /media/lsi/HDD/safer/safer-reproduction-kit/workstation/maven/xenv_gushici false
    at __node_internal_genericNodeError (node:internal/errors:865:15)
    at checkExecSyncError (node:child_process:890:11)
    at execSync (node:child_process:962:15)
    at execCommand (/media/lsi/HDD/safer/safer-reproduction-kit/safer/src/utils/execCommand.ts:7:5)
    at Object.runMavenBuild (/media/lsi/HDD/safer/safer-reproduction-kit/safer/src/runners/maven/maven-runner.ts:14:5)
    at updateDependenciesInPom (/media/lsi/HDD/safer/safer-reproduction-kit/safer/src/runners/maven/script.ts:119:21)
    at runForMaven (/media/lsi/HDD/safer/safer-reproduction-kit/safer/src/runners/maven/script.ts:73:31)
    at main (/media/lsi/HDD/safer/safer-reproduction-kit/safer/src/script.ts:101:5) {
  status: 1,
  signal: null,
  output: [ null, null, null ],
  pid: 2287117,
  stdout: null,
  stderr: null
}
Error executing command: Error: Command failed: /media/lsi/HDD/safer/safer-reproduction-kit/safer/src/runners/maven/run-maven-build.sh true /media/lsi/HDD/safer/safer-reproduction-kit/workstation/maven/xenv_gushici false
    at __node_internal_genericNodeError (node:internal/errors:865:15)
    at checkExecSyncError (node:child_process:890:11)
    at execSync (node:child_process:962:15)
    at execCommand (/media/lsi/HDD/safer/safer-reproduction-kit/safer/src/utils/execCommand.ts:7:5)
    at Object.runMavenBuild (/media/lsi/HDD/safer/safer-reproduction-kit/safer/src/runners/maven/maven-runner.ts:14:5)
    at updateDependenciesInPom (/media/lsi/HDD/safer/safer-reproduction-kit/safer/src/runners/maven/script.ts:119:21)
    at runForMaven (/media/lsi/HDD/safer/safer-reproduction-kit/safer/src/runners/maven/script.ts:73:31)
    at main (/media/lsi/HDD/safer/safer-reproduction-kit/safer/src/script.ts:101:5) {
  status: 1,
  signal: null,
  output: [ null, null, null ],
  pid: 2287595,
  stdout: null,
  stderr: null
}
Error executing command: Error: Command failed: /media/lsi/HDD/safer/safer-reproduction-kit/safer/src/runners/maven/run-maven-build.sh true /media/lsi/HDD/safer/safer-reproduction-kit/workstation/maven/xenv_gushici false
    at __node_internal_genericNodeError (node:internal/errors:865:15)
    at checkExecSyncError (node:child_process:890:11)
    at execSync (node:child_process:962:15)
    at execCommand (/media/lsi/HDD/safer/safer-reproduction-kit/safer/src/utils/execCommand.ts:7:5)
    at Object.runMavenBuild (/media/lsi/HDD/safer/safer-reproduction-kit/safer/src/runners/maven/maven-runner.ts:14:5)
    at updateDependenciesInPom (/media/lsi/HDD/safer/safer-reproduction-kit/safer/src/runners/maven/script.ts:119:21)
    at runForMaven (/media/lsi/HDD/safer/safer-reproduction-kit/safer/src/runners/maven/script.ts:73:31)
    at main (/media/lsi/HDD/safer/safer-reproduction-kit/safer/src/script.ts:101:5) {
  status: 1,
  signal: null,
  output: [ null, null, null ],
  pid: 2288007,
  stdout: null,
  stderr: null
}
Error executing command: Error: Command failed: /media/lsi/HDD/safer/safer-reproduction-kit/safer/src/runners/maven/run-maven-build.sh true /media/lsi/HDD/safer/safer-reproduction-kit/workstation/maven/xenv_gushici false
    at __node_internal_genericNodeError (node:internal/errors:865:15)
    at checkExecSyncError (node:child_process:890:11)
    at execSync (node:child_process:962:15)
    at execCommand (/media/lsi/HDD/safer/safer-reproduction-kit/safer/src/utils/execCommand.ts:7:5)
    at Object.runMavenBuild (/media/lsi/HDD/safer/safer-reproduction-kit/safer/src/runners/maven/maven-runner.ts:14:5)
    at updateDependenciesInPom (/media/lsi/HDD/safer/safer-reproduction-kit/safer/src/runners/maven/script.ts:119:21)
    at runForMaven (/media/lsi/HDD/safer/safer-reproduction-kit/safer/src/runners/maven/script.ts:73:31)
    at main (/media/lsi/HDD/safer/safer-reproduction-kit/safer/src/script.ts:101:5) {
  status: 1,
  signal: null,
  output: [ null, null, null ],
  pid: 2288476,
  stdout: null,
  stderr: null
}
Error executing command: Error: Command failed: /media/lsi/HDD/safer/safer-reproduction-kit/safer/src/runners/maven/run-maven-build.sh true /media/lsi/HDD/safer/safer-reproduction-kit/workstation/maven/xenv_gushici false
    at __node_internal_genericNodeError (node:internal/errors:865:15)
    at checkExecSyncError (node:child_process:890:11)
    at execSync (node:child_process:962:15)
    at execCommand (/media/lsi/HDD/safer/safer-reproduction-kit/safer/src/utils/execCommand.ts:7:5)
    at Object.runMavenBuild (/media/lsi/HDD/safer/safer-reproduction-kit/safer/src/runners/maven/maven-runner.ts:14:5)
    at updateDependenciesInPom (/media/lsi/HDD/safer/safer-reproduction-kit/safer/src/runners/maven/script.ts:119:21)
    at runForMaven (/media/lsi/HDD/safer/safer-reproduction-kit/safer/src/runners/maven/script.ts:73:31)
    at main (/media/lsi/HDD/safer/safer-reproduction-kit/safer/src/script.ts:101:5) {
  status: 1,
  signal: null,
  output: [ null, null, null ],
  pid: 2288973,
  stdout: null,
  stderr: null
}
Error executing command: Error: Command failed: /media/lsi/HDD/safer/safer-reproduction-kit/safer/src/runners/maven/run-maven-build.sh true /media/lsi/HDD/safer/safer-reproduction-kit/workstation/maven/xenv_gushici false
    at __node_internal_genericNodeError (node:internal/errors:865:15)
    at checkExecSyncError (node:child_process:890:11)
    at execSync (node:child_process:962:15)
    at execCommand (/media/lsi/HDD/safer/safer-reproduction-kit/safer/src/utils/execCommand.ts:7:5)
    at Object.runMavenBuild (/media/lsi/HDD/safer/safer-reproduction-kit/safer/src/runners/maven/maven-runner.ts:14:5)
    at updateDependenciesInPom (/media/lsi/HDD/safer/safer-reproduction-kit/safer/src/runners/maven/script.ts:119:21)
    at runForMaven (/media/lsi/HDD/safer/safer-reproduction-kit/safer/src/runners/maven/script.ts:73:31)
    at main (/media/lsi/HDD/safer/safer-reproduction-kit/safer/src/script.ts:101:5) {
  status: 1,
  signal: null,
  output: [ null, null, null ],
  pid: 2289512,
  stdout: null,
  stderr: null
}
Error executing command: Error: Command failed: /media/lsi/HDD/safer/safer-reproduction-kit/safer/src/runners/maven/run-maven-build.sh true /media/lsi/HDD/safer/safer-reproduction-kit/workstation/maven/xenv_gushici false
    at __node_internal_genericNodeError (node:internal/errors:865:15)
    at checkExecSyncError (node:child_process:890:11)
    at execSync (node:child_process:962:15)
    at execCommand (/media/lsi/HDD/safer/safer-reproduction-kit/safer/src/utils/execCommand.ts:7:5)
    at Object.runMavenBuild (/media/lsi/HDD/safer/safer-reproduction-kit/safer/src/runners/maven/maven-runner.ts:14:5)
    at updateDependenciesInPom (/media/lsi/HDD/safer/safer-reproduction-kit/safer/src/runners/maven/script.ts:119:21)
    at runForMaven (/media/lsi/HDD/safer/safer-reproduction-kit/safer/src/runners/maven/script.ts:73:31)
    at main (/media/lsi/HDD/safer/safer-reproduction-kit/safer/src/script.ts:101:5) {
  status: 1,
  signal: null,
  output: [ null, null, null ],
  pid: 2289966,
  stdout: null,
  stderr: null
}
Error executing command: Error: Command failed: /media/lsi/HDD/safer/safer-reproduction-kit/safer/src/runners/maven/run-maven-build.sh true /media/lsi/HDD/safer/safer-reproduction-kit/workstation/maven/xenv_gushici false
    at __node_internal_genericNodeError (node:internal/errors:865:15)
    at checkExecSyncError (node:child_process:890:11)
    at execSync (node:child_process:962:15)
    at execCommand (/media/lsi/HDD/safer/safer-reproduction-kit/safer/src/utils/execCommand.ts:7:5)
    at Object.runMavenBuild (/media/lsi/HDD/safer/safer-reproduction-kit/safer/src/runners/maven/maven-runner.ts:14:5)
    at updateDependenciesInPom (/media/lsi/HDD/safer/safer-reproduction-kit/safer/src/runners/maven/script.ts:119:21)
    at runForMaven (/media/lsi/HDD/safer/safer-reproduction-kit/safer/src/runners/maven/script.ts:73:31)
    at main (/media/lsi/HDD/safer/safer-reproduction-kit/safer/src/script.ts:101:5) {
  status: 1,
  signal: null,
  output: [ null, null, null ],
  pid: 2290398,
  stdout: null,
  stderr: null
}
Error executing command: Error: Command failed: /media/lsi/HDD/safer/safer-reproduction-kit/safer/src/runners/maven/run-maven-build.sh true /media/lsi/HDD/safer/safer-reproduction-kit/workstation/maven/xenv_gushici false
    at __node_internal_genericNodeError (node:internal/errors:865:15)
    at checkExecSyncError (node:child_process:890:11)
    at execSync (node:child_process:962:15)
    at execCommand (/media/lsi/HDD/safer/safer-reproduction-kit/safer/src/utils/execCommand.ts:7:5)
    at Object.runMavenBuild (/media/lsi/HDD/safer/safer-reproduction-kit/safer/src/runners/maven/maven-runner.ts:14:5)
    at updateDependenciesInPom (/media/lsi/HDD/safer/safer-reproduction-kit/safer/src/runners/maven/script.ts:119:21)
    at runForMaven (/media/lsi/HDD/safer/safer-reproduction-kit/safer/src/runners/maven/script.ts:73:31)
    at main (/media/lsi/HDD/safer/safer-reproduction-kit/safer/src/script.ts:101:5) {
  status: 1,
  signal: null,
  output: [ null, null, null ],
  pid: 2290928,
  stdout: null,
  stderr: null
}
Error executing command: Error: Command failed: /media/lsi/HDD/safer/safer-reproduction-kit/safer/src/runners/maven/run-maven-build.sh true /media/lsi/HDD/safer/safer-reproduction-kit/workstation/maven/xenv_gushici false
    at __node_internal_genericNodeError (node:internal/errors:865:15)
    at checkExecSyncError (node:child_process:890:11)
    at execSync (node:child_process:962:15)
    at execCommand (/media/lsi/HDD/safer/safer-reproduction-kit/safer/src/utils/execCommand.ts:7:5)
    at Object.runMavenBuild (/media/lsi/HDD/safer/safer-reproduction-kit/safer/src/runners/maven/maven-runner.ts:14:5)
    at updateDependenciesInPom (/media/lsi/HDD/safer/safer-reproduction-kit/safer/src/runners/maven/script.ts:119:21)
    at runForMaven (/media/lsi/HDD/safer/safer-reproduction-kit/safer/src/runners/maven/script.ts:73:31)
    at main (/media/lsi/HDD/safer/safer-reproduction-kit/safer/src/script.ts:101:5) {
  status: 1,
  signal: null,
  output: [ null, null, null ],
  pid: 2291619,
  stdout: null,
  stderr: null
}
Error executing command: Error: Command failed: /media/lsi/HDD/safer/safer-reproduction-kit/safer/src/runners/maven/run-maven-build.sh true /media/lsi/HDD/safer/safer-reproduction-kit/workstation/maven/xenv_gushici false
    at __node_internal_genericNodeError (node:internal/errors:865:15)
    at checkExecSyncError (node:child_process:890:11)
    at execSync (node:child_process:962:15)
    at execCommand (/media/lsi/HDD/safer/safer-reproduction-kit/safer/src/utils/execCommand.ts:7:5)
    at Object.runMavenBuild (/media/lsi/HDD/safer/safer-reproduction-kit/safer/src/runners/maven/maven-runner.ts:14:5)
    at updateDependenciesInPom (/media/lsi/HDD/safer/safer-reproduction-kit/safer/src/runners/maven/script.ts:119:21)
    at runForMaven (/media/lsi/HDD/safer/safer-reproduction-kit/safer/src/runners/maven/script.ts:73:31)
    at main (/media/lsi/HDD/safer/safer-reproduction-kit/safer/src/script.ts:101:5) {
  status: 1,
  signal: null,
  output: [ null, null, null ],
  pid: 2292105,
  stdout: null,
  stderr: null
}
Error executing command: Error: Command failed: /media/lsi/HDD/safer/safer-reproduction-kit/safer/src/runners/maven/run-maven-build.sh true /media/lsi/HDD/safer/safer-reproduction-kit/workstation/maven/xenv_gushici false
    at __node_internal_genericNodeError (node:internal/errors:865:15)
    at checkExecSyncError (node:child_process:890:11)
    at execSync (node:child_process:962:15)
    at execCommand (/media/lsi/HDD/safer/safer-reproduction-kit/safer/src/utils/execCommand.ts:7:5)
    at Object.runMavenBuild (/media/lsi/HDD/safer/safer-reproduction-kit/safer/src/runners/maven/maven-runner.ts:14:5)
    at updateDependenciesInPom (/media/lsi/HDD/safer/safer-reproduction-kit/safer/src/runners/maven/script.ts:119:21)
    at runForMaven (/media/lsi/HDD/safer/safer-reproduction-kit/safer/src/runners/maven/script.ts:73:31)
    at main (/media/lsi/HDD/safer/safer-reproduction-kit/safer/src/script.ts:101:5) {
  status: 1,
  signal: null,
  output: [ null, null, null ],
  pid: 2292484,
  stdout: null,
  stderr: null
}
Error executing command: Error: Command failed: /media/lsi/HDD/safer/safer-reproduction-kit/safer/src/runners/maven/run-maven-build.sh true /media/lsi/HDD/safer/safer-reproduction-kit/workstation/maven/xenv_gushici false
    at __node_internal_genericNodeError (node:internal/errors:865:15)
    at checkExecSyncError (node:child_process:890:11)
    at execSync (node:child_process:962:15)
    at execCommand (/media/lsi/HDD/safer/safer-reproduction-kit/safer/src/utils/execCommand.ts:7:5)
    at Object.runMavenBuild (/media/lsi/HDD/safer/safer-reproduction-kit/safer/src/runners/maven/maven-runner.ts:14:5)
    at updateDependenciesInPom (/media/lsi/HDD/safer/safer-reproduction-kit/safer/src/runners/maven/script.ts:119:21)
    at runForMaven (/media/lsi/HDD/safer/safer-reproduction-kit/safer/src/runners/maven/script.ts:73:31)
    at main (/media/lsi/HDD/safer/safer-reproduction-kit/safer/src/script.ts:101:5) {
  status: 1,
  signal: null,
  output: [ null, null, null ],
  pid: 2292699,
  stdout: null,
  stderr: null
}
Error executing command: Error: Command failed: /media/lsi/HDD/safer/safer-reproduction-kit/safer/src/runners/maven/run-maven-build.sh true /media/lsi/HDD/safer/safer-reproduction-kit/workstation/maven/xenv_gushici false
    at __node_internal_genericNodeError (node:internal/errors:865:15)
    at checkExecSyncError (node:child_process:890:11)
    at execSync (node:child_process:962:15)
    at execCommand (/media/lsi/HDD/safer/safer-reproduction-kit/safer/src/utils/execCommand.ts:7:5)
    at Object.runMavenBuild (/media/lsi/HDD/safer/safer-reproduction-kit/safer/src/runners/maven/maven-runner.ts:14:5)
    at updateDependenciesInPom (/media/lsi/HDD/safer/safer-reproduction-kit/safer/src/runners/maven/script.ts:119:21)
    at runForMaven (/media/lsi/HDD/safer/safer-reproduction-kit/safer/src/runners/maven/script.ts:73:31)
    at main (/media/lsi/HDD/safer/safer-reproduction-kit/safer/src/script.ts:101:5) {
  status: 1,
  signal: null,
  output: [ null, null, null ],
  pid: 2293132,
  stdout: null,
  stderr: null
}
Error executing command: Error: Command failed: /media/lsi/HDD/safer/safer-reproduction-kit/safer/src/runners/maven/run-maven-build.sh true /media/lsi/HDD/safer/safer-reproduction-kit/workstation/maven/xenv_gushici false
    at __node_internal_genericNodeError (node:internal/errors:865:15)
    at checkExecSyncError (node:child_process:890:11)
    at execSync (node:child_process:962:15)
    at execCommand (/media/lsi/HDD/safer/safer-reproduction-kit/safer/src/utils/execCommand.ts:7:5)
    at Object.runMavenBuild (/media/lsi/HDD/safer/safer-reproduction-kit/safer/src/runners/maven/maven-runner.ts:14:5)
    at updateDependenciesInPom (/media/lsi/HDD/safer/safer-reproduction-kit/safer/src/runners/maven/script.ts:119:21)
    at runForMaven (/media/lsi/HDD/safer/safer-reproduction-kit/safer/src/runners/maven/script.ts:73:31)
    at main (/media/lsi/HDD/safer/safer-reproduction-kit/safer/src/script.ts:101:5) {
  status: 1,
  signal: null,
  output: [ null, null, null ],
  pid: 2293482,
  stdout: null,
  stderr: null
}
Error executing command: Error: Command failed: /media/lsi/HDD/safer/safer-reproduction-kit/safer/src/runners/maven/run-maven-build.sh true /media/lsi/HDD/safer/safer-reproduction-kit/workstation/maven/xenv_gushici false
    at __node_internal_genericNodeError (node:internal/errors:865:15)
    at checkExecSyncError (node:child_process:890:11)
    at execSync (node:child_process:962:15)
    at execCommand (/media/lsi/HDD/safer/safer-reproduction-kit/safer/src/utils/execCommand.ts:7:5)
    at Object.runMavenBuild (/media/lsi/HDD/safer/safer-reproduction-kit/safer/src/runners/maven/maven-runner.ts:14:5)
    at updateDependenciesInPom (/media/lsi/HDD/safer/safer-reproduction-kit/safer/src/runners/maven/script.ts:119:21)
    at runForMaven (/media/lsi/HDD/safer/safer-reproduction-kit/safer/src/runners/maven/script.ts:73:31)
    at main (/media/lsi/HDD/safer/safer-reproduction-kit/safer/src/script.ts:101:5) {
  status: 1,
  signal: null,
  output: [ null, null, null ],
  pid: 2293969,
  stdout: null,
  stderr: null
}
Error executing command: Error: Command failed: /media/lsi/HDD/safer/safer-reproduction-kit/safer/src/runners/maven/run-maven-build.sh true /media/lsi/HDD/safer/safer-reproduction-kit/workstation/maven/xenv_gushici false
    at __node_internal_genericNodeError (node:internal/errors:865:15)
    at checkExecSyncError (node:child_process:890:11)
    at execSync (node:child_process:962:15)
    at execCommand (/media/lsi/HDD/safer/safer-reproduction-kit/safer/src/utils/execCommand.ts:7:5)
    at Object.runMavenBuild (/media/lsi/HDD/safer/safer-reproduction-kit/safer/src/runners/maven/maven-runner.ts:14:5)
    at updateDependenciesInPom (/media/lsi/HDD/safer/safer-reproduction-kit/safer/src/runners/maven/script.ts:119:21)
    at runForMaven (/media/lsi/HDD/safer/safer-reproduction-kit/safer/src/runners/maven/script.ts:73:31)
    at main (/media/lsi/HDD/safer/safer-reproduction-kit/safer/src/script.ts:101:5) {
  status: 1,
  signal: null,
  output: [ null, null, null ],
  pid: 2294362,
  stdout: null,
  stderr: null
}
Error executing command: Error: Command failed: /media/lsi/HDD/safer/safer-reproduction-kit/safer/src/runners/maven/run-maven-build.sh true /media/lsi/HDD/safer/safer-reproduction-kit/workstation/maven/xenv_gushici false
    at __node_internal_genericNodeError (node:internal/errors:865:15)
    at checkExecSyncError (node:child_process:890:11)
    at execSync (node:child_process:962:15)
    at execCommand (/media/lsi/HDD/safer/safer-reproduction-kit/safer/src/utils/execCommand.ts:7:5)
    at Object.runMavenBuild (/media/lsi/HDD/safer/safer-reproduction-kit/safer/src/runners/maven/maven-runner.ts:14:5)
    at updateDependenciesInPom (/media/lsi/HDD/safer/safer-reproduction-kit/safer/src/runners/maven/script.ts:119:21)
    at runForMaven (/media/lsi/HDD/safer/safer-reproduction-kit/safer/src/runners/maven/script.ts:73:31)
    at main (/media/lsi/HDD/safer/safer-reproduction-kit/safer/src/script.ts:101:5) {
  status: 1,
  signal: null,
  output: [ null, null, null ],
  pid: 2294866,
  stdout: null,
  stderr: null
}
Error executing command: Error: Command failed: /media/lsi/HDD/safer/safer-reproduction-kit/safer/src/runners/maven/run-maven-build.sh true /media/lsi/HDD/safer/safer-reproduction-kit/workstation/maven/xenv_gushici false
    at __node_internal_genericNodeError (node:internal/errors:865:15)
    at checkExecSyncError (node:child_process:890:11)
    at execSync (node:child_process:962:15)
    at execCommand (/media/lsi/HDD/safer/safer-reproduction-kit/safer/src/utils/execCommand.ts:7:5)
    at Object.runMavenBuild (/media/lsi/HDD/safer/safer-reproduction-kit/safer/src/runners/maven/maven-runner.ts:14:5)
    at updateDependenciesInPom (/media/lsi/HDD/safer/safer-reproduction-kit/safer/src/runners/maven/script.ts:119:21)
    at runForMaven (/media/lsi/HDD/safer/safer-reproduction-kit/safer/src/runners/maven/script.ts:73:31)
    at main (/media/lsi/HDD/safer/safer-reproduction-kit/safer/src/script.ts:101:5) {
  status: 1,
  signal: null,
  output: [ null, null, null ],
  pid: 2295276,
  stdout: null,
  stderr: null
}
Error executing command: Error: Command failed: /media/lsi/HDD/safer/safer-reproduction-kit/safer/src/runners/maven/run-maven-build.sh true /media/lsi/HDD/safer/safer-reproduction-kit/workstation/maven/xenv_gushici false
    at __node_internal_genericNodeError (node:internal/errors:865:15)
    at checkExecSyncError (node:child_process:890:11)
    at execSync (node:child_process:962:15)
    at execCommand (/media/lsi/HDD/safer/safer-reproduction-kit/safer/src/utils/execCommand.ts:7:5)
    at Object.runMavenBuild (/media/lsi/HDD/safer/safer-reproduction-kit/safer/src/runners/maven/maven-runner.ts:14:5)
    at updateDependenciesInPom (/media/lsi/HDD/safer/safer-reproduction-kit/safer/src/runners/maven/script.ts:119:21)
    at runForMaven (/media/lsi/HDD/safer/safer-reproduction-kit/safer/src/runners/maven/script.ts:73:31)
    at main (/media/lsi/HDD/safer/safer-reproduction-kit/safer/src/script.ts:101:5) {
  status: 1,
  signal: null,
  output: [ null, null, null ],
  pid: 2295607,
  stdout: null,
  stderr: null
}
Error executing command: Error: Command failed: /media/lsi/HDD/safer/safer-reproduction-kit/safer/src/runners/maven/run-maven-build.sh true /media/lsi/HDD/safer/safer-reproduction-kit/workstation/maven/xenv_gushici false
    at __node_internal_genericNodeError (node:internal/errors:865:15)
    at checkExecSyncError (node:child_process:890:11)
    at execSync (node:child_process:962:15)
    at execCommand (/media/lsi/HDD/safer/safer-reproduction-kit/safer/src/utils/execCommand.ts:7:5)
    at Object.runMavenBuild (/media/lsi/HDD/safer/safer-reproduction-kit/safer/src/runners/maven/maven-runner.ts:14:5)
    at updateDependenciesInPom (/media/lsi/HDD/safer/safer-reproduction-kit/safer/src/runners/maven/script.ts:119:21)
    at runForMaven (/media/lsi/HDD/safer/safer-reproduction-kit/safer/src/runners/maven/script.ts:73:31)
    at main (/media/lsi/HDD/safer/safer-reproduction-kit/safer/src/script.ts:101:5) {
  status: 1,
  signal: null,
  output: [ null, null, null ],
  pid: 2296032,
  stdout: null,
  stderr: null
}
Error executing command: Error: Command failed: /media/lsi/HDD/safer/safer-reproduction-kit/safer/src/runners/maven/run-maven-build.sh true /media/lsi/HDD/safer/safer-reproduction-kit/workstation/maven/xenv_gushici false
    at __node_internal_genericNodeError (node:internal/errors:865:15)
    at checkExecSyncError (node:child_process:890:11)
    at execSync (node:child_process:962:15)
    at execCommand (/media/lsi/HDD/safer/safer-reproduction-kit/safer/src/utils/execCommand.ts:7:5)
    at Object.runMavenBuild (/media/lsi/HDD/safer/safer-reproduction-kit/safer/src/runners/maven/maven-runner.ts:14:5)
    at updateDependenciesInPom (/media/lsi/HDD/safer/safer-reproduction-kit/safer/src/runners/maven/script.ts:119:21)
    at runForMaven (/media/lsi/HDD/safer/safer-reproduction-kit/safer/src/runners/maven/script.ts:73:31)
    at main (/media/lsi/HDD/safer/safer-reproduction-kit/safer/src/script.ts:101:5) {
  status: 1,
  signal: null,
  output: [ null, null, null ],
  pid: 2296578,
  stdout: null,
  stderr: null
}
Error executing command: Error: Command failed: /media/lsi/HDD/safer/safer-reproduction-kit/safer/src/runners/maven/run-maven-build.sh true /media/lsi/HDD/safer/safer-reproduction-kit/workstation/maven/xenv_gushici false
    at __node_internal_genericNodeError (node:internal/errors:865:15)
    at checkExecSyncError (node:child_process:890:11)
    at execSync (node:child_process:962:15)
    at execCommand (/media/lsi/HDD/safer/safer-reproduction-kit/safer/src/utils/execCommand.ts:7:5)
    at Object.runMavenBuild (/media/lsi/HDD/safer/safer-reproduction-kit/safer/src/runners/maven/maven-runner.ts:14:5)
    at updateDependenciesInPom (/media/lsi/HDD/safer/safer-reproduction-kit/safer/src/runners/maven/script.ts:119:21)
    at runForMaven (/media/lsi/HDD/safer/safer-reproduction-kit/safer/src/runners/maven/script.ts:73:31)
    at main (/media/lsi/HDD/safer/safer-reproduction-kit/safer/src/script.ts:101:5) {
  status: 1,
  signal: null,
  output: [ null, null, null ],
  pid: 2297042,
  stdout: null,
  stderr: null
}
Error executing command: Error: Command failed: /media/lsi/HDD/safer/safer-reproduction-kit/safer/src/runners/maven/run-maven-build.sh true /media/lsi/HDD/safer/safer-reproduction-kit/workstation/maven/xenv_gushici false
    at __node_internal_genericNodeError (node:internal/errors:865:15)
    at checkExecSyncError (node:child_process:890:11)
    at execSync (node:child_process:962:15)
    at execCommand (/media/lsi/HDD/safer/safer-reproduction-kit/safer/src/utils/execCommand.ts:7:5)
    at Object.runMavenBuild (/media/lsi/HDD/safer/safer-reproduction-kit/safer/src/runners/maven/maven-runner.ts:14:5)
    at updateDependenciesInPom (/media/lsi/HDD/safer/safer-reproduction-kit/safer/src/runners/maven/script.ts:119:21)
    at runForMaven (/media/lsi/HDD/safer/safer-reproduction-kit/safer/src/runners/maven/script.ts:73:31)
    at main (/media/lsi/HDD/safer/safer-reproduction-kit/safer/src/script.ts:101:5) {
  status: 1,
  signal: null,
  output: [ null, null, null ],
  pid: 2297523,
  stdout: null,
  stderr: null
}
Error executing command: Error: Command failed: /media/lsi/HDD/safer/safer-reproduction-kit/safer/src/runners/maven/run-maven-build.sh true /media/lsi/HDD/safer/safer-reproduction-kit/workstation/maven/xenv_gushici false
    at __node_internal_genericNodeError (node:internal/errors:865:15)
    at checkExecSyncError (node:child_process:890:11)
    at execSync (node:child_process:962:15)
    at execCommand (/media/lsi/HDD/safer/safer-reproduction-kit/safer/src/utils/execCommand.ts:7:5)
    at Object.runMavenBuild (/media/lsi/HDD/safer/safer-reproduction-kit/safer/src/runners/maven/maven-runner.ts:14:5)
    at updateDependenciesInPom (/media/lsi/HDD/safer/safer-reproduction-kit/safer/src/runners/maven/script.ts:119:21)
    at runForMaven (/media/lsi/HDD/safer/safer-reproduction-kit/safer/src/runners/maven/script.ts:73:31)
    at main (/media/lsi/HDD/safer/safer-reproduction-kit/safer/src/script.ts:101:5) {
  status: 1,
  signal: null,
  output: [ null, null, null ],
  pid: 2298097,
  stdout: null,
  stderr: null
}
Error executing command: Error: Command failed: /media/lsi/HDD/safer/safer-reproduction-kit/safer/src/runners/maven/run-maven-build.sh true /media/lsi/HDD/safer/safer-reproduction-kit/workstation/maven/xenv_gushici false
    at __node_internal_genericNodeError (node:internal/errors:865:15)
    at checkExecSyncError (node:child_process:890:11)
    at execSync (node:child_process:962:15)
    at execCommand (/media/lsi/HDD/safer/safer-reproduction-kit/safer/src/utils/execCommand.ts:7:5)
    at Object.runMavenBuild (/media/lsi/HDD/safer/safer-reproduction-kit/safer/src/runners/maven/maven-runner.ts:14:5)
    at updateDependenciesInPom (/media/lsi/HDD/safer/safer-reproduction-kit/safer/src/runners/maven/script.ts:119:21)
    at runForMaven (/media/lsi/HDD/safer/safer-reproduction-kit/safer/src/runners/maven/script.ts:73:31)
    at main (/media/lsi/HDD/safer/safer-reproduction-kit/safer/src/script.ts:101:5) {
  status: 1,
  signal: null,
  output: [ null, null, null ],
  pid: 2298506,
  stdout: null,
  stderr: null
}
Error executing command: Error: Command failed: /media/lsi/HDD/safer/safer-reproduction-kit/safer/src/runners/maven/run-maven-build.sh true /media/lsi/HDD/safer/safer-reproduction-kit/workstation/maven/xenv_gushici false
    at __node_internal_genericNodeError (node:internal/errors:865:15)
    at checkExecSyncError (node:child_process:890:11)
    at execSync (node:child_process:962:15)
    at execCommand (/media/lsi/HDD/safer/safer-reproduction-kit/safer/src/utils/execCommand.ts:7:5)
    at Object.runMavenBuild (/media/lsi/HDD/safer/safer-reproduction-kit/safer/src/runners/maven/maven-runner.ts:14:5)
    at updateDependenciesInPom (/media/lsi/HDD/safer/safer-reproduction-kit/safer/src/runners/maven/script.ts:119:21)
    at runForMaven (/media/lsi/HDD/safer/safer-reproduction-kit/safer/src/runners/maven/script.ts:73:31)
    at main (/media/lsi/HDD/safer/safer-reproduction-kit/safer/src/script.ts:101:5) {
  status: 1,
  signal: null,
  output: [ null, null, null ],
  pid: 2298872,
  stdout: null,
  stderr: null
}
Error executing command: Error: Command failed: /media/lsi/HDD/safer/safer-reproduction-kit/safer/src/runners/maven/run-maven-build.sh true /media/lsi/HDD/safer/safer-reproduction-kit/workstation/maven/xenv_gushici false
    at __node_internal_genericNodeError (node:internal/errors:865:15)
    at checkExecSyncError (node:child_process:890:11)
    at execSync (node:child_process:962:15)
    at execCommand (/media/lsi/HDD/safer/safer-reproduction-kit/safer/src/utils/execCommand.ts:7:5)
    at Object.runMavenBuild (/media/lsi/HDD/safer/safer-reproduction-kit/safer/src/runners/maven/maven-runner.ts:14:5)
    at updateDependenciesInPom (/media/lsi/HDD/safer/safer-reproduction-kit/safer/src/runners/maven/script.ts:119:21)
    at runForMaven (/media/lsi/HDD/safer/safer-reproduction-kit/safer/src/runners/maven/script.ts:73:31)
    at main (/media/lsi/HDD/safer/safer-reproduction-kit/safer/src/script.ts:101:5) {
  status: 1,
  signal: null,
  output: [ null, null, null ],
  pid: 2299267,
  stdout: null,
  stderr: null
}
Dependency org.hamcrest:hamcrest-library not found in POM.
Dependency org.apache.commons:commons-text not found in POM.
Error executing command: Error: Command failed: /media/lsi/HDD/safer/safer-reproduction-kit/safer/src/runners/maven/run-maven-build.sh true /media/lsi/HDD/safer/safer-reproduction-kit/workstation/maven/xenv_gushici false
    at __node_internal_genericNodeError (node:internal/errors:865:15)
    at checkExecSyncError (node:child_process:890:11)
    at execSync (node:child_process:962:15)
    at execCommand (/media/lsi/HDD/safer/safer-reproduction-kit/safer/src/utils/execCommand.ts:7:5)
    at Object.runMavenBuild (/media/lsi/HDD/safer/safer-reproduction-kit/safer/src/runners/maven/maven-runner.ts:14:5)
    at updateDependenciesInPom (/media/lsi/HDD/safer/safer-reproduction-kit/safer/src/runners/maven/script.ts:119:21)
    at runForMaven (/media/lsi/HDD/safer/safer-reproduction-kit/safer/src/runners/maven/script.ts:73:31)
    at main (/media/lsi/HDD/safer/safer-reproduction-kit/safer/src/script.ts:101:5) {
  status: 1,
  signal: null,
  output: [ null, null, null ],
  pid: 2302846,
  stdout: null,
  stderr: null
}
Error executing command: Error: Command failed: /media/lsi/HDD/safer/safer-reproduction-kit/safer/src/runners/maven/run-maven-build.sh true /media/lsi/HDD/safer/safer-reproduction-kit/workstation/maven/xenv_gushici false
    at __node_internal_genericNodeError (node:internal/errors:865:15)
    at checkExecSyncError (node:child_process:890:11)
    at execSync (node:child_process:962:15)
    at execCommand (/media/lsi/HDD/safer/safer-reproduction-kit/safer/src/utils/execCommand.ts:7:5)
    at Object.runMavenBuild (/media/lsi/HDD/safer/safer-reproduction-kit/safer/src/runners/maven/maven-runner.ts:14:5)
    at updateDependenciesInPom (/media/lsi/HDD/safer/safer-reproduction-kit/safer/src/runners/maven/script.ts:119:21)
    at runForMaven (/media/lsi/HDD/safer/safer-reproduction-kit/safer/src/runners/maven/script.ts:73:31)
    at main (/media/lsi/HDD/safer/safer-reproduction-kit/safer/src/script.ts:101:5) {
  status: 1,
  signal: null,
  output: [ null, null, null ],
  pid: 2303268,
  stdout: null,
  stderr: null
}
Error executing command: Error: Command failed: /media/lsi/HDD/safer/safer-reproduction-kit/safer/src/runners/maven/run-maven-build.sh true /media/lsi/HDD/safer/safer-reproduction-kit/workstation/maven/xenv_gushici false
    at __node_internal_genericNodeError (node:internal/errors:865:15)
    at checkExecSyncError (node:child_process:890:11)
    at execSync (node:child_process:962:15)
    at execCommand (/media/lsi/HDD/safer/safer-reproduction-kit/safer/src/utils/execCommand.ts:7:5)
    at Object.runMavenBuild (/media/lsi/HDD/safer/safer-reproduction-kit/safer/src/runners/maven/maven-runner.ts:14:5)
    at updateDependenciesInPom (/media/lsi/HDD/safer/safer-reproduction-kit/safer/src/runners/maven/script.ts:119:21)
    at runForMaven (/media/lsi/HDD/safer/safer-reproduction-kit/safer/src/runners/maven/script.ts:73:31)
    at main (/media/lsi/HDD/safer/safer-reproduction-kit/safer/src/script.ts:101:5) {
  status: 1,
  signal: null,
  output: [ null, null, null ],
  pid: 2303706,
  stdout: null,
  stderr: null
}
Error executing command: Error: Command failed: /media/lsi/HDD/safer/safer-reproduction-kit/safer/src/runners/maven/run-maven-build.sh true /media/lsi/HDD/safer/safer-reproduction-kit/workstation/maven/xenv_gushici false
    at __node_internal_genericNodeError (node:internal/errors:865:15)
    at checkExecSyncError (node:child_process:890:11)
    at execSync (node:child_process:962:15)
    at execCommand (/media/lsi/HDD/safer/safer-reproduction-kit/safer/src/utils/execCommand.ts:7:5)
    at Object.runMavenBuild (/media/lsi/HDD/safer/safer-reproduction-kit/safer/src/runners/maven/maven-runner.ts:14:5)
    at updateDependenciesInPom (/media/lsi/HDD/safer/safer-reproduction-kit/safer/src/runners/maven/script.ts:119:21)
    at runForMaven (/media/lsi/HDD/safer/safer-reproduction-kit/safer/src/runners/maven/script.ts:73:31)
    at main (/media/lsi/HDD/safer/safer-reproduction-kit/safer/src/script.ts:101:5) {
  status: 1,
  signal: null,
  output: [ null, null, null ],
  pid: 2304179,
  stdout: null,
  stderr: null
}
Error executing command: Error: Command failed: /media/lsi/HDD/safer/safer-reproduction-kit/safer/src/runners/maven/run-maven-build.sh true /media/lsi/HDD/safer/safer-reproduction-kit/workstation/maven/xenv_gushici false
    at __node_internal_genericNodeError (node:internal/errors:865:15)
    at checkExecSyncError (node:child_process:890:11)
    at execSync (node:child_process:962:15)
    at execCommand (/media/lsi/HDD/safer/safer-reproduction-kit/safer/src/utils/execCommand.ts:7:5)
    at Object.runMavenBuild (/media/lsi/HDD/safer/safer-reproduction-kit/safer/src/runners/maven/maven-runner.ts:14:5)
    at updateDependenciesInPom (/media/lsi/HDD/safer/safer-reproduction-kit/safer/src/runners/maven/script.ts:119:21)
    at runForMaven (/media/lsi/HDD/safer/safer-reproduction-kit/safer/src/runners/maven/script.ts:73:31)
    at main (/media/lsi/HDD/safer/safer-reproduction-kit/safer/src/script.ts:101:5) {
  status: 1,
  signal: null,
  output: [ null, null, null ],
  pid: 2304763,
  stdout: null,
  stderr: null
}
Error executing command: Error: Command failed: /media/lsi/HDD/safer/safer-reproduction-kit/safer/src/runners/maven/run-maven-build.sh true /media/lsi/HDD/safer/safer-reproduction-kit/workstation/maven/xenv_gushici false
    at __node_internal_genericNodeError (node:internal/errors:865:15)
    at checkExecSyncError (node:child_process:890:11)
    at execSync (node:child_process:962:15)
    at execCommand (/media/lsi/HDD/safer/safer-reproduction-kit/safer/src/utils/execCommand.ts:7:5)
    at Object.runMavenBuild (/media/lsi/HDD/safer/safer-reproduction-kit/safer/src/runners/maven/maven-runner.ts:14:5)
    at updateDependenciesInPom (/media/lsi/HDD/safer/safer-reproduction-kit/safer/src/runners/maven/script.ts:119:21)
    at runForMaven (/media/lsi/HDD/safer/safer-reproduction-kit/safer/src/runners/maven/script.ts:73:31)
    at main (/media/lsi/HDD/safer/safer-reproduction-kit/safer/src/script.ts:101:5) {
  status: 1,
  signal: null,
  output: [ null, null, null ],
  pid: 2305148,
  stdout: null,
  stderr: null
}
Error executing command: Error: Command failed: /media/lsi/HDD/safer/safer-reproduction-kit/safer/src/runners/maven/run-maven-build.sh true /media/lsi/HDD/safer/safer-reproduction-kit/workstation/maven/xenv_gushici false
    at __node_internal_genericNodeError (node:internal/errors:865:15)
    at checkExecSyncError (node:child_process:890:11)
    at execSync (node:child_process:962:15)
    at execCommand (/media/lsi/HDD/safer/safer-reproduction-kit/safer/src/utils/execCommand.ts:7:5)
    at Object.runMavenBuild (/media/lsi/HDD/safer/safer-reproduction-kit/safer/src/runners/maven/maven-runner.ts:14:5)
    at updateDependenciesInPom (/media/lsi/HDD/safer/safer-reproduction-kit/safer/src/runners/maven/script.ts:119:21)
    at runForMaven (/media/lsi/HDD/safer/safer-reproduction-kit/safer/src/runners/maven/script.ts:73:31)
    at main (/media/lsi/HDD/safer/safer-reproduction-kit/safer/src/script.ts:101:5) {
  status: 1,
  signal: null,
  output: [ null, null, null ],
  pid: 2305530,
  stdout: null,
  stderr: null
}
Error executing command: Error: Command failed: /media/lsi/HDD/safer/safer-reproduction-kit/safer/src/runners/maven/run-maven-build.sh true /media/lsi/HDD/safer/safer-reproduction-kit/workstation/maven/xenv_gushici false
    at __node_internal_genericNodeError (node:internal/errors:865:15)
    at checkExecSyncError (node:child_process:890:11)
    at execSync (node:child_process:962:15)
    at execCommand (/media/lsi/HDD/safer/safer-reproduction-kit/safer/src/utils/execCommand.ts:7:5)
    at Object.runMavenBuild (/media/lsi/HDD/safer/safer-reproduction-kit/safer/src/runners/maven/maven-runner.ts:14:5)
    at updateDependenciesInPom (/media/lsi/HDD/safer/safer-reproduction-kit/safer/src/runners/maven/script.ts:119:21)
    at runForMaven (/media/lsi/HDD/safer/safer-reproduction-kit/safer/src/runners/maven/script.ts:73:31)
    at main (/media/lsi/HDD/safer/safer-reproduction-kit/safer/src/script.ts:101:5) {
  status: 1,
  signal: null,
  output: [ null, null, null ],
  pid: 2305868,
  stdout: null,
  stderr: null
}
Error executing command: Error: Command failed: /media/lsi/HDD/safer/safer-reproduction-kit/safer/src/runners/maven/run-maven-build.sh true /media/lsi/HDD/safer/safer-reproduction-kit/workstation/maven/xenv_gushici false
    at __node_internal_genericNodeError (node:internal/errors:865:15)
    at checkExecSyncError (node:child_process:890:11)
    at execSync (node:child_process:962:15)
    at execCommand (/media/lsi/HDD/safer/safer-reproduction-kit/safer/src/utils/execCommand.ts:7:5)
    at Object.runMavenBuild (/media/lsi/HDD/safer/safer-reproduction-kit/safer/src/runners/maven/maven-runner.ts:14:5)
    at updateDependenciesInPom (/media/lsi/HDD/safer/safer-reproduction-kit/safer/src/runners/maven/script.ts:119:21)
    at runForMaven (/media/lsi/HDD/safer/safer-reproduction-kit/safer/src/runners/maven/script.ts:73:31)
    at main (/media/lsi/HDD/safer/safer-reproduction-kit/safer/src/script.ts:101:5) {
  status: 1,
  signal: null,
  output: [ null, null, null ],
  pid: 2306180,
  stdout: null,
  stderr: null
}
Error executing command: Error: Command failed: /media/lsi/HDD/safer/safer-reproduction-kit/safer/src/runners/maven/run-maven-build.sh true /media/lsi/HDD/safer/safer-reproduction-kit/workstation/maven/xenv_gushici false
    at __node_internal_genericNodeError (node:internal/errors:865:15)
    at checkExecSyncError (node:child_process:890:11)
    at execSync (node:child_process:962:15)
    at execCommand (/media/lsi/HDD/safer/safer-reproduction-kit/safer/src/utils/execCommand.ts:7:5)
    at Object.runMavenBuild (/media/lsi/HDD/safer/safer-reproduction-kit/safer/src/runners/maven/maven-runner.ts:14:5)
    at updateDependenciesInPom (/media/lsi/HDD/safer/safer-reproduction-kit/safer/src/runners/maven/script.ts:119:21)
    at runForMaven (/media/lsi/HDD/safer/safer-reproduction-kit/safer/src/runners/maven/script.ts:73:31)
    at main (/media/lsi/HDD/safer/safer-reproduction-kit/safer/src/script.ts:101:5) {
  status: 1,
  signal: null,
  output: [ null, null, null ],
  pid: 2306553,
  stdout: null,
  stderr: null
}
Error executing command: Error: Command failed: /media/lsi/HDD/safer/safer-reproduction-kit/safer/src/runners/maven/run-maven-build.sh true /media/lsi/HDD/safer/safer-reproduction-kit/workstation/maven/xenv_gushici false
    at __node_internal_genericNodeError (node:internal/errors:865:15)
    at checkExecSyncError (node:child_process:890:11)
    at execSync (node:child_process:962:15)
    at execCommand (/media/lsi/HDD/safer/safer-reproduction-kit/safer/src/utils/execCommand.ts:7:5)
    at Object.runMavenBuild (/media/lsi/HDD/safer/safer-reproduction-kit/safer/src/runners/maven/maven-runner.ts:14:5)
    at updateDependenciesInPom (/media/lsi/HDD/safer/safer-reproduction-kit/safer/src/runners/maven/script.ts:119:21)
    at runForMaven (/media/lsi/HDD/safer/safer-reproduction-kit/safer/src/runners/maven/script.ts:73:31)
    at main (/media/lsi/HDD/safer/safer-reproduction-kit/safer/src/script.ts:101:5) {
  status: 1,
  signal: null,
  output: [ null, null, null ],
  pid: 2306896,
  stdout: null,
  stderr: null
}
Error executing command: Error: Command failed: /media/lsi/HDD/safer/safer-reproduction-kit/safer/src/runners/maven/run-maven-build.sh true /media/lsi/HDD/safer/safer-reproduction-kit/workstation/maven/xenv_gushici false
    at __node_internal_genericNodeError (node:internal/errors:865:15)
    at checkExecSyncError (node:child_process:890:11)
    at execSync (node:child_process:962:15)
    at execCommand (/media/lsi/HDD/safer/safer-reproduction-kit/safer/src/utils/execCommand.ts:7:5)
    at Object.runMavenBuild (/media/lsi/HDD/safer/safer-reproduction-kit/safer/src/runners/maven/maven-runner.ts:14:5)
    at updateDependenciesInPom (/media/lsi/HDD/safer/safer-reproduction-kit/safer/src/runners/maven/script.ts:119:21)
    at runForMaven (/media/lsi/HDD/safer/safer-reproduction-kit/safer/src/runners/maven/script.ts:73:31)
    at main (/media/lsi/HDD/safer/safer-reproduction-kit/safer/src/script.ts:101:5) {
  status: 1,
  signal: null,
  output: [ null, null, null ],
  pid: 2307293,
  stdout: null,
  stderr: null
}
Error executing command: Error: Command failed: /media/lsi/HDD/safer/safer-reproduction-kit/safer/src/runners/maven/run-maven-build.sh true /media/lsi/HDD/safer/safer-reproduction-kit/workstation/maven/xenv_gushici false
    at __node_internal_genericNodeError (node:internal/errors:865:15)
    at checkExecSyncError (node:child_process:890:11)
    at execSync (node:child_process:962:15)
    at execCommand (/media/lsi/HDD/safer/safer-reproduction-kit/safer/src/utils/execCommand.ts:7:5)
    at Object.runMavenBuild (/media/lsi/HDD/safer/safer-reproduction-kit/safer/src/runners/maven/maven-runner.ts:14:5)
    at updateDependenciesInPom (/media/lsi/HDD/safer/safer-reproduction-kit/safer/src/runners/maven/script.ts:119:21)
    at runForMaven (/media/lsi/HDD/safer/safer-reproduction-kit/safer/src/runners/maven/script.ts:73:31)
    at main (/media/lsi/HDD/safer/safer-reproduction-kit/safer/src/script.ts:101:5) {
  status: 1,
  signal: null,
  output: [ null, null, null ],
  pid: 2307688,
  stdout: null,
  stderr: null
}
Error executing command: Error: Command failed: /media/lsi/HDD/safer/safer-reproduction-kit/safer/src/runners/maven/run-maven-build.sh true /media/lsi/HDD/safer/safer-reproduction-kit/workstation/maven/xenv_gushici false
    at __node_internal_genericNodeError (node:internal/errors:865:15)
    at checkExecSyncError (node:child_process:890:11)
    at execSync (node:child_process:962:15)
    at execCommand (/media/lsi/HDD/safer/safer-reproduction-kit/safer/src/utils/execCommand.ts:7:5)
    at Object.runMavenBuild (/media/lsi/HDD/safer/safer-reproduction-kit/safer/src/runners/maven/maven-runner.ts:14:5)
    at updateDependenciesInPom (/media/lsi/HDD/safer/safer-reproduction-kit/safer/src/runners/maven/script.ts:119:21)
    at runForMaven (/media/lsi/HDD/safer/safer-reproduction-kit/safer/src/runners/maven/script.ts:73:31)
    at main (/media/lsi/HDD/safer/safer-reproduction-kit/safer/src/script.ts:101:5) {
  status: 1,
  signal: null,
  output: [ null, null, null ],
  pid: 2308102,
  stdout: null,
  stderr: null
}
Error executing command: Error: Command failed: /media/lsi/HDD/safer/safer-reproduction-kit/safer/src/runners/maven/run-maven-build.sh true /media/lsi/HDD/safer/safer-reproduction-kit/workstation/maven/xenv_gushici false
    at __node_internal_genericNodeError (node:internal/errors:865:15)
    at checkExecSyncError (node:child_process:890:11)
    at execSync (node:child_process:962:15)
    at execCommand (/media/lsi/HDD/safer/safer-reproduction-kit/safer/src/utils/execCommand.ts:7:5)
    at Object.runMavenBuild (/media/lsi/HDD/safer/safer-reproduction-kit/safer/src/runners/maven/maven-runner.ts:14:5)
    at updateDependenciesInPom (/media/lsi/HDD/safer/safer-reproduction-kit/safer/src/runners/maven/script.ts:119:21)
    at runForMaven (/media/lsi/HDD/safer/safer-reproduction-kit/safer/src/runners/maven/script.ts:73:31)
    at main (/media/lsi/HDD/safer/safer-reproduction-kit/safer/src/script.ts:101:5) {
  status: 1,
  signal: null,
  output: [ null, null, null ],
  pid: 2308469,
  stdout: null,
  stderr: null
}
Error executing command: Error: Command failed: /media/lsi/HDD/safer/safer-reproduction-kit/safer/src/runners/maven/run-maven-build.sh true /media/lsi/HDD/safer/safer-reproduction-kit/workstation/maven/xenv_gushici false
    at __node_internal_genericNodeError (node:internal/errors:865:15)
    at checkExecSyncError (node:child_process:890:11)
    at execSync (node:child_process:962:15)
    at execCommand (/media/lsi/HDD/safer/safer-reproduction-kit/safer/src/utils/execCommand.ts:7:5)
    at Object.runMavenBuild (/media/lsi/HDD/safer/safer-reproduction-kit/safer/src/runners/maven/maven-runner.ts:14:5)
    at updateDependenciesInPom (/media/lsi/HDD/safer/safer-reproduction-kit/safer/src/runners/maven/script.ts:119:21)
    at runForMaven (/media/lsi/HDD/safer/safer-reproduction-kit/safer/src/runners/maven/script.ts:73:31)
    at main (/media/lsi/HDD/safer/safer-reproduction-kit/safer/src/script.ts:101:5) {
  status: 1,
  signal: null,
  output: [ null, null, null ],
  pid: 2308785,
  stdout: null,
  stderr: null
}
Error executing command: Error: Command failed: /media/lsi/HDD/safer/safer-reproduction-kit/safer/src/runners/maven/run-maven-build.sh true /media/lsi/HDD/safer/safer-reproduction-kit/workstation/maven/xenv_gushici false
    at __node_internal_genericNodeError (node:internal/errors:865:15)
    at checkExecSyncError (node:child_process:890:11)
    at execSync (node:child_process:962:15)
    at execCommand (/media/lsi/HDD/safer/safer-reproduction-kit/safer/src/utils/execCommand.ts:7:5)
    at Object.runMavenBuild (/media/lsi/HDD/safer/safer-reproduction-kit/safer/src/runners/maven/maven-runner.ts:14:5)
    at updateDependenciesInPom (/media/lsi/HDD/safer/safer-reproduction-kit/safer/src/runners/maven/script.ts:119:21)
    at runForMaven (/media/lsi/HDD/safer/safer-reproduction-kit/safer/src/runners/maven/script.ts:73:31)
    at main (/media/lsi/HDD/safer/safer-reproduction-kit/safer/src/script.ts:101:5) {
  status: 1,
  signal: null,
  output: [ null, null, null ],
  pid: 2309230,
  stdout: null,
  stderr: null
}
Error executing command: Error: Command failed: /media/lsi/HDD/safer/safer-reproduction-kit/safer/src/runners/maven/run-maven-build.sh true /media/lsi/HDD/safer/safer-reproduction-kit/workstation/maven/xenv_gushici false
    at __node_internal_genericNodeError (node:internal/errors:865:15)
    at checkExecSyncError (node:child_process:890:11)
    at execSync (node:child_process:962:15)
    at execCommand (/media/lsi/HDD/safer/safer-reproduction-kit/safer/src/utils/execCommand.ts:7:5)
    at Object.runMavenBuild (/media/lsi/HDD/safer/safer-reproduction-kit/safer/src/runners/maven/maven-runner.ts:14:5)
    at updateDependenciesInPom (/media/lsi/HDD/safer/safer-reproduction-kit/safer/src/runners/maven/script.ts:119:21)
    at runForMaven (/media/lsi/HDD/safer/safer-reproduction-kit/safer/src/runners/maven/script.ts:73:31)
    at main (/media/lsi/HDD/safer/safer-reproduction-kit/safer/src/script.ts:101:5) {
  status: 1,
  signal: null,
  output: [ null, null, null ],
  pid: 2309704,
  stdout: null,
  stderr: null
}
Error executing command: Error: Command failed: /media/lsi/HDD/safer/safer-reproduction-kit/safer/src/runners/maven/run-maven-build.sh true /media/lsi/HDD/safer/safer-reproduction-kit/workstation/maven/xenv_gushici false
    at __node_internal_genericNodeError (node:internal/errors:865:15)
    at checkExecSyncError (node:child_process:890:11)
    at execSync (node:child_process:962:15)
    at execCommand (/media/lsi/HDD/safer/safer-reproduction-kit/safer/src/utils/execCommand.ts:7:5)
    at Object.runMavenBuild (/media/lsi/HDD/safer/safer-reproduction-kit/safer/src/runners/maven/maven-runner.ts:14:5)
    at updateDependenciesInPom (/media/lsi/HDD/safer/safer-reproduction-kit/safer/src/runners/maven/script.ts:119:21)
    at runForMaven (/media/lsi/HDD/safer/safer-reproduction-kit/safer/src/runners/maven/script.ts:73:31)
    at main (/media/lsi/HDD/safer/safer-reproduction-kit/safer/src/script.ts:101:5) {
  status: 1,
  signal: null,
  output: [ null, null, null ],
  pid: 2310092,
  stdout: null,
  stderr: null
}
Error executing command: Error: Command failed: /media/lsi/HDD/safer/safer-reproduction-kit/safer/src/runners/maven/run-maven-build.sh true /media/lsi/HDD/safer/safer-reproduction-kit/workstation/maven/xenv_gushici false
    at __node_internal_genericNodeError (node:internal/errors:865:15)
    at checkExecSyncError (node:child_process:890:11)
    at execSync (node:child_process:962:15)
    at execCommand (/media/lsi/HDD/safer/safer-reproduction-kit/safer/src/utils/execCommand.ts:7:5)
    at Object.runMavenBuild (/media/lsi/HDD/safer/safer-reproduction-kit/safer/src/runners/maven/maven-runner.ts:14:5)
    at updateDependenciesInPom (/media/lsi/HDD/safer/safer-reproduction-kit/safer/src/runners/maven/script.ts:119:21)
    at runForMaven (/media/lsi/HDD/safer/safer-reproduction-kit/safer/src/runners/maven/script.ts:73:31)
    at main (/media/lsi/HDD/safer/safer-reproduction-kit/safer/src/script.ts:101:5) {
  status: 1,
  signal: null,
  output: [ null, null, null ],
  pid: 2310720,
  stdout: null,
  stderr: null
}
Error executing command: Error: Command failed: /media/lsi/HDD/safer/safer-reproduction-kit/safer/src/runners/maven/run-maven-build.sh true /media/lsi/HDD/safer/safer-reproduction-kit/workstation/maven/xenv_gushici false
    at __node_internal_genericNodeError (node:internal/errors:865:15)
    at checkExecSyncError (node:child_process:890:11)
    at execSync (node:child_process:962:15)
    at execCommand (/media/lsi/HDD/safer/safer-reproduction-kit/safer/src/utils/execCommand.ts:7:5)
    at Object.runMavenBuild (/media/lsi/HDD/safer/safer-reproduction-kit/safer/src/runners/maven/maven-runner.ts:14:5)
    at updateDependenciesInPom (/media/lsi/HDD/safer/safer-reproduction-kit/safer/src/runners/maven/script.ts:119:21)
    at runForMaven (/media/lsi/HDD/safer/safer-reproduction-kit/safer/src/runners/maven/script.ts:73:31)
    at main (/media/lsi/HDD/safer/safer-reproduction-kit/safer/src/script.ts:101:5) {
  status: 1,
  signal: null,
  output: [ null, null, null ],
  pid: 2311050,
  stdout: null,
  stderr: null
}
Error executing command: Error: Command failed: /media/lsi/HDD/safer/safer-reproduction-kit/safer/src/runners/maven/run-maven-build.sh true /media/lsi/HDD/safer/safer-reproduction-kit/workstation/maven/xenv_gushici false
    at __node_internal_genericNodeError (node:internal/errors:865:15)
    at checkExecSyncError (node:child_process:890:11)
    at execSync (node:child_process:962:15)
    at execCommand (/media/lsi/HDD/safer/safer-reproduction-kit/safer/src/utils/execCommand.ts:7:5)
    at Object.runMavenBuild (/media/lsi/HDD/safer/safer-reproduction-kit/safer/src/runners/maven/maven-runner.ts:14:5)
    at updateDependenciesInPom (/media/lsi/HDD/safer/safer-reproduction-kit/safer/src/runners/maven/script.ts:119:21)
    at runForMaven (/media/lsi/HDD/safer/safer-reproduction-kit/safer/src/runners/maven/script.ts:73:31)
    at main (/media/lsi/HDD/safer/safer-reproduction-kit/safer/src/script.ts:101:5) {
  status: 1,
  signal: null,
  output: [ null, null, null ],
  pid: 2311417,
  stdout: null,
  stderr: null
}
Error executing command: Error: Command failed: /media/lsi/HDD/safer/safer-reproduction-kit/safer/src/runners/maven/run-maven-build.sh true /media/lsi/HDD/safer/safer-reproduction-kit/workstation/maven/xenv_gushici false
    at __node_internal_genericNodeError (node:internal/errors:865:15)
    at checkExecSyncError (node:child_process:890:11)
    at execSync (node:child_process:962:15)
    at execCommand (/media/lsi/HDD/safer/safer-reproduction-kit/safer/src/utils/execCommand.ts:7:5)
    at Object.runMavenBuild (/media/lsi/HDD/safer/safer-reproduction-kit/safer/src/runners/maven/maven-runner.ts:14:5)
    at updateDependenciesInPom (/media/lsi/HDD/safer/safer-reproduction-kit/safer/src/runners/maven/script.ts:119:21)
    at runForMaven (/media/lsi/HDD/safer/safer-reproduction-kit/safer/src/runners/maven/script.ts:73:31)
    at main (/media/lsi/HDD/safer/safer-reproduction-kit/safer/src/script.ts:101:5) {
  status: 1,
  signal: null,
  output: [ null, null, null ],
  pid: 2311736,
  stdout: null,
  stderr: null
}
Error executing command: Error: Command failed: /media/lsi/HDD/safer/safer-reproduction-kit/safer/src/runners/maven/run-maven-build.sh true /media/lsi/HDD/safer/safer-reproduction-kit/workstation/maven/xenv_gushici false
    at __node_internal_genericNodeError (node:internal/errors:865:15)
    at checkExecSyncError (node:child_process:890:11)
    at execSync (node:child_process:962:15)
    at execCommand (/media/lsi/HDD/safer/safer-reproduction-kit/safer/src/utils/execCommand.ts:7:5)
    at Object.runMavenBuild (/media/lsi/HDD/safer/safer-reproduction-kit/safer/src/runners/maven/maven-runner.ts:14:5)
    at updateDependenciesInPom (/media/lsi/HDD/safer/safer-reproduction-kit/safer/src/runners/maven/script.ts:119:21)
    at runForMaven (/media/lsi/HDD/safer/safer-reproduction-kit/safer/src/runners/maven/script.ts:73:31)
    at main (/media/lsi/HDD/safer/safer-reproduction-kit/safer/src/script.ts:101:5) {
  status: 1,
  signal: null,
  output: [ null, null, null ],
  pid: 2311921,
  stdout: null,
  stderr: null
}
Error executing command: Error: Command failed: /media/lsi/HDD/safer/safer-reproduction-kit/safer/src/runners/maven/run-maven-build.sh true /media/lsi/HDD/safer/safer-reproduction-kit/workstation/maven/xenv_gushici false
    at __node_internal_genericNodeError (node:internal/errors:865:15)
    at checkExecSyncError (node:child_process:890:11)
    at execSync (node:child_process:962:15)
    at execCommand (/media/lsi/HDD/safer/safer-reproduction-kit/safer/src/utils/execCommand.ts:7:5)
    at Object.runMavenBuild (/media/lsi/HDD/safer/safer-reproduction-kit/safer/src/runners/maven/maven-runner.ts:14:5)
    at updateDependenciesInPom (/media/lsi/HDD/safer/safer-reproduction-kit/safer/src/runners/maven/script.ts:119:21)
    at runForMaven (/media/lsi/HDD/safer/safer-reproduction-kit/safer/src/runners/maven/script.ts:73:31)
    at main (/media/lsi/HDD/safer/safer-reproduction-kit/safer/src/script.ts:101:5) {
  status: 1,
  signal: null,
  output: [ null, null, null ],
  pid: 2312234,
  stdout: null,
  stderr: null
}
Error executing command: Error: Command failed: /media/lsi/HDD/safer/safer-reproduction-kit/safer/src/runners/maven/run-maven-build.sh true /media/lsi/HDD/safer/safer-reproduction-kit/workstation/maven/xenv_gushici false
    at __node_internal_genericNodeError (node:internal/errors:865:15)
    at checkExecSyncError (node:child_process:890:11)
    at execSync (node:child_process:962:15)
    at execCommand (/media/lsi/HDD/safer/safer-reproduction-kit/safer/src/utils/execCommand.ts:7:5)
    at Object.runMavenBuild (/media/lsi/HDD/safer/safer-reproduction-kit/safer/src/runners/maven/maven-runner.ts:14:5)
    at updateDependenciesInPom (/media/lsi/HDD/safer/safer-reproduction-kit/safer/src/runners/maven/script.ts:119:21)
    at runForMaven (/media/lsi/HDD/safer/safer-reproduction-kit/safer/src/runners/maven/script.ts:73:31)
    at main (/media/lsi/HDD/safer/safer-reproduction-kit/safer/src/script.ts:101:5) {
  status: 1,
  signal: null,
  output: [ null, null, null ],
  pid: 2312387,
  stdout: null,
  stderr: null
}
Error executing command: Error: Command failed: /media/lsi/HDD/safer/safer-reproduction-kit/safer/src/runners/maven/run-maven-build.sh true /media/lsi/HDD/safer/safer-reproduction-kit/workstation/maven/xenv_gushici false
    at __node_internal_genericNodeError (node:internal/errors:865:15)
    at checkExecSyncError (node:child_process:890:11)
    at execSync (node:child_process:962:15)
    at execCommand (/media/lsi/HDD/safer/safer-reproduction-kit/safer/src/utils/execCommand.ts:7:5)
    at Object.runMavenBuild (/media/lsi/HDD/safer/safer-reproduction-kit/safer/src/runners/maven/maven-runner.ts:14:5)
    at updateDependenciesInPom (/media/lsi/HDD/safer/safer-reproduction-kit/safer/src/runners/maven/script.ts:119:21)
    at runForMaven (/media/lsi/HDD/safer/safer-reproduction-kit/safer/src/runners/maven/script.ts:73:31)
    at main (/media/lsi/HDD/safer/safer-reproduction-kit/safer/src/script.ts:101:5) {
  status: 1,
  signal: null,
  output: [ null, null, null ],
  pid: 2312718,
  stdout: null,
  stderr: null
}
Dependency org.apache.logging.log4j:log4j-api not found in POM.
